#
# There is insufficient memory for the Java Runtime Environment to continue.
# Native memory allocation (malloc) failed to allocate 86928 bytes for Chunk::new
# Possible reasons:
#   The system is out of physical RAM or swap space
#   The process is running with CompressedOops enabled, and the Java Heap may be blocking the growth of the native heap
# Possible solutions:
#   Reduce memory load on the system
#   Increase physical memory or swap space
#   Check if swap backing store is full
#   Decrease Java heap size (-Xmx/-Xms)
#   Decrease number of Java threads
#   Decrease Java thread stack sizes (-Xss)
#   Set larger code cache with -XX:ReservedCodeCacheSize=
#   JVM is running with Unscaled Compressed Oops mode in which the Java heap is
#     placed in the first 4GB address space. The Java Heap base address is the
#     maximum limit for the native heap growth. Please use -XX:HeapBaseMinAddress
#     to set the Java Heap base and to place the Java Heap above 4GB virtual address.
# This output file may be truncated or incomplete.
#
#  Out of Memory Error (allocation.cpp:389), pid=9288, tid=0x000000000000087c
#
# JRE version: Java(TM) SE Runtime Environment (8.0_281-b09) (build 1.8.0_281-b09)
# Java VM: Java HotSpot(TM) 64-Bit Server VM (25.281-b09 mixed mode windows-amd64 compressed oops)
# Failed to write core dump. Minidumps are not enabled by default on client versions of Windows
#

---------------  T H R E A D  ---------------

Current thread (0x000002403f179800):  JavaThread "C2 CompilerThread0" daemon [_thread_in_native, id=2172, stack(0x0000004910b00000,0x0000004910c00000)]

Stack: [0x0000004910b00000,0x0000004910c00000]
Native frames: (J=compiled Java code, j=interpreted, Vv=VM code, C=native code)
V  [jvm.dll+0x32e5b9]
V  [jvm.dll+0x275012]
V  [jvm.dll+0x275cbd]
V  [jvm.dll+0x26c6f5]
V  [jvm.dll+0xd51fc]
V  [jvm.dll+0xd59fc]
V  [jvm.dll+0x46f915]
V  [jvm.dll+0x4373e0]
V  [jvm.dll+0x4403d5]
V  [jvm.dll+0x43f795]
V  [jvm.dll+0x42a5e7]
V  [jvm.dll+0xabe9b]
V  [jvm.dll+0xaa4fb]
V  [jvm.dll+0x23d6b2]
V  [jvm.dll+0x291cbc]
C  [ucrtbase.dll+0x21bb2]
C  [KERNEL32.DLL+0x17034]
C  [ntdll.dll+0x52651]


Current CompileTask:
C2:    694  293  s!   4       sun.misc.URLClassPath::getLoader (243 bytes)


---------------  P R O C E S S  ---------------

Java Threads: ( => current thread )
  0x000002403f1fb000 JavaThread "Service Thread" daemon [_thread_blocked, id=5952, stack(0x0000004910e00000,0x0000004910f00000)]
  0x000002403f182800 JavaThread "C1 CompilerThread2" daemon [_thread_in_vm, id=8964, stack(0x0000004910d00000,0x0000004910e00000)]
  0x000002403f17d800 JavaThread "C2 CompilerThread1" daemon [_thread_blocked, id=3336, stack(0x0000004910c00000,0x0000004910d00000)]
=>0x000002403f179800 JavaThread "C2 CompilerThread0" daemon [_thread_in_native, id=2172, stack(0x0000004910b00000,0x0000004910c00000)]
  0x000002403f178000 JavaThread "Attach Listener" daemon [_thread_blocked, id=10112, stack(0x0000004910a00000,0x0000004910b00000)]
  0x000002403f177000 JavaThread "Signal Dispatcher" daemon [_thread_blocked, id=7052, stack(0x0000004910900000,0x0000004910a00000)]
  0x000002403f15c800 JavaThread "Finalizer" daemon [_thread_blocked, id=11564, stack(0x0000004910800000,0x0000004910900000)]
  0x000002403ea17800 JavaThread "Reference Handler" daemon [_thread_blocked, id=5108, stack(0x0000004910700000,0x0000004910800000)]
  0x000002402af72000 JavaThread "main" [_thread_in_Java, id=8128, stack(0x0000004910100000,0x0000004910200000)]

Other Threads:
  0x000002403f132800 VMThread [stack: 0x0000004910600000,0x0000004910700000] [id=9092]
  0x000002403f215000 WatcherThread [stack: 0x0000004910f00000,0x0000004911000000] [id=6532]

VM state:not at safepoint (normal execution)

VM Mutex/Monitor currently owned by a thread: None

heap address: 0x00000000c1600000, size: 1002 MB, Compressed Oops mode: 32-bit
Narrow klass base: 0x0000000000000000, Narrow klass shift: 3
Compressed class space size: 1073741824 Address: 0x0000000100000000

Heap:
 PSYoungGen      total 18944K, used 5325K [0x00000000eb200000, 0x00000000ec700000, 0x0000000100000000)
  eden space 16384K, 17% used [0x00000000eb200000,0x00000000eb4b9688,0x00000000ec200000)
  from space 2560K, 99% used [0x00000000ec200000,0x00000000ec479fc8,0x00000000ec480000)
  to   space 2560K, 0% used [0x00000000ec480000,0x00000000ec480000,0x00000000ec700000)
 ParOldGen       total 44032K, used 893K [0x00000000c1600000, 0x00000000c4100000, 0x00000000eb200000)
  object space 44032K, 2% used [0x00000000c1600000,0x00000000c16df5d0,0x00000000c4100000)
 Metaspace       used 7265K, capacity 7404K, committed 7680K, reserved 1058816K
  class space    used 846K, capacity 920K, committed 1024K, reserved 1048576K

Card table byte_map: [0x000002403bc60000,0x000002403be60000] byte_map_base: 0x000002403b655000

Marking Bits: (ParMarkBitMap*) 0x000000006c816ff0
 Begin Bits: [0x000002403bfb0000, 0x000002403cf58000)
 End Bits:   [0x000002403cf58000, 0x000002403df00000)

Polling page: 0x000002402c870000

CodeCache: size=245760Kb used=2399Kb max_used=2401Kb free=243360Kb
 bounds [0x000002402c8a0000, 0x000002402cb10000, 0x000002403b8a0000]
 total_blobs=769 nmethods=471 adapters=211
 compilation: enabled

Compilation events (10 events):
Event: 0.368 Thread 0x000002403f182800  301       3       java.nio.charset.CharsetDecoder::reset (11 bytes)
Event: 0.368 Thread 0x000002403f182800 nmethod 301 0x000002402ca74650 code [0x000002402ca747a0, 0x000002402ca749d8]
Event: 0.368 Thread 0x000002403f182800  302       3       java.nio.charset.CharsetDecoder::implReset (1 bytes)
Event: 0.368 Thread 0x000002403f182800 nmethod 302 0x000002402ca74a90 code [0x000002402ca74be0, 0x000002402ca74d38]
Event: 0.368 Thread 0x000002403f182800  304       3       org.codehaus.plexus.classworlds.realm.ClassRealm::loadClass (7 bytes)
Event: 0.369 Thread 0x000002403f182800 nmethod 304 0x000002402ca74dd0 code [0x000002402ca74f60, 0x000002402ca75300]
Event: 0.371 Thread 0x000002403f182800  305       3       java.io.WinNTFileSystem::resolve (231 bytes)
Event: 0.373 Thread 0x000002403f182800 nmethod 305 0x000002402ca754d0 code [0x000002402ca757a0, 0x000002402ca77190]
Event: 0.373 Thread 0x000002403f182800  306       3       java.io.File::exists (43 bytes)
Event: 0.373 Thread 0x000002403f182800 nmethod 306 0x000002402ca78750 code [0x000002402ca788e0, 0x000002402ca78d70]

GC Heap History (0 events):
No events

Deoptimization events (0 events):
No events

Classes redefined (0 events):
No events

Internal exceptions (6 events):
Event: 0.036 Thread 0x000002402af72000 Exception <a 'java/lang/NoSuchMethodError': Method sun.misc.Unsafe.defineClass(Ljava/lang/String;[BII)Ljava/lang/Class; name or signature does not match> (0x00000000eb207cc0) thrown at [C:\jenkins\workspace\8-2-build-windows-amd64-cygwin\jdk8u281\880\hots
Event: 0.036 Thread 0x000002402af72000 Exception <a 'java/lang/NoSuchMethodError': Method sun.misc.Unsafe.prefetchRead(Ljava/lang/Object;J)V name or signature does not match> (0x00000000eb207fa8) thrown at [C:\jenkins\workspace\8-2-build-windows-amd64-cygwin\jdk8u281\880\hotspot\src\share\vm\p
Event: 0.253 Thread 0x000002402af72000 Exception <a 'java/security/PrivilegedActionException'> (0x00000000eb6b6ea8) thrown at [C:\jenkins\workspace\8-2-build-windows-amd64-cygwin\jdk8u281\880\hotspot\src\share\vm\prims\jvm.cpp, line 1512]
Event: 0.253 Thread 0x000002402af72000 Exception <a 'java/security/PrivilegedActionException'> (0x00000000eb6b70b8) thrown at [C:\jenkins\workspace\8-2-build-windows-amd64-cygwin\jdk8u281\880\hotspot\src\share\vm\prims\jvm.cpp, line 1512]
Event: 0.253 Thread 0x000002402af72000 Exception <a 'java/security/PrivilegedActionException'> (0x00000000eb6bb1b0) thrown at [C:\jenkins\workspace\8-2-build-windows-amd64-cygwin\jdk8u281\880\hotspot\src\share\vm\prims\jvm.cpp, line 1512]
Event: 0.253 Thread 0x000002402af72000 Exception <a 'java/security/PrivilegedActionException'> (0x00000000eb6bb3c0) thrown at [C:\jenkins\workspace\8-2-build-windows-amd64-cygwin\jdk8u281\880\hotspot\src\share\vm\prims\jvm.cpp, line 1512]

Events (10 events):
Event: 0.372 loading class com/google/inject/matcher/Matcher done
Event: 0.372 loading class java/text/ParseException
Event: 0.372 loading class java/text/ParseException done
Event: 0.373 loading class java/text/DateFormat$Field
Event: 0.373 loading class java/text/Format$Field
Event: 0.373 loading class java/text/AttributedCharacterIterator$Attribute
Event: 0.373 loading class java/text/AttributedCharacterIterator$Attribute done
Event: 0.373 loading class java/text/Format$Field done
Event: 0.373 loading class java/text/DateFormat$Field done
Event: 0.374 loading class java/util/TimeZone


Dynamic libraries:
0x00007ff6d4e80000 - 0x00007ff6d4ec7000 	C:\Program Files\Java\jdk1.8.0_281\bin\java.exe
0x00007ffa9d830000 - 0x00007ffa9da25000 	C:\WINDOWS\SYSTEM32\ntdll.dll
0x00007ffa9cf80000 - 0x00007ffa9d03d000 	C:\WINDOWS\System32\KERNEL32.DLL
0x00007ffa9af70000 - 0x00007ffa9b238000 	C:\WINDOWS\System32\KERNELBASE.dll
0x00007ffa9d3e0000 - 0x00007ffa9d48c000 	C:\WINDOWS\System32\ADVAPI32.dll
0x00007ffa9cc80000 - 0x00007ffa9cd1e000 	C:\WINDOWS\System32\msvcrt.dll
0x00007ffa9cb00000 - 0x00007ffa9cb9b000 	C:\WINDOWS\System32\sechost.dll
0x00007ffa9d120000 - 0x00007ffa9d24b000 	C:\WINDOWS\System32\RPCRT4.dll
0x00007ffa9c630000 - 0x00007ffa9c7d0000 	C:\WINDOWS\System32\USER32.dll
0x00007ffa9b6b0000 - 0x00007ffa9b6d2000 	C:\WINDOWS\System32\win32u.dll
0x00007ffa9ca60000 - 0x00007ffa9ca8a000 	C:\WINDOWS\System32\GDI32.dll
0x00007ffa9b440000 - 0x00007ffa9b54b000 	C:\WINDOWS\System32\gdi32full.dll
0x00007ffa9b740000 - 0x00007ffa9b7dd000 	C:\WINDOWS\System32\msvcp_win.dll
0x00007ffa9b290000 - 0x00007ffa9b390000 	C:\WINDOWS\System32\ucrtbase.dll
0x00007ffa7c830000 - 0x00007ffa7caca000 	C:\WINDOWS\WinSxS\amd64_microsoft.windows.common-controls_6595b64144ccf1df_6.0.19041.844_none_ca00b6081b84eb1d\COMCTL32.dll
0x00007ffa9d050000 - 0x00007ffa9d080000 	C:\WINDOWS\System32\IMM32.DLL
0x00007ffa7a0d0000 - 0x00007ffa7a0e5000 	C:\Program Files\Java\jdk1.8.0_281\jre\bin\vcruntime140.dll
0x00007ffa6d090000 - 0x00007ffa6d12b000 	C:\Program Files\Java\jdk1.8.0_281\jre\bin\msvcp140.dll
0x000000006c030000 - 0x000000006c88f000 	C:\Program Files\Java\jdk1.8.0_281\jre\bin\server\jvm.dll
0x00007ffa9d300000 - 0x00007ffa9d308000 	C:\WINDOWS\System32\PSAPI.DLL
0x00007ffa83080000 - 0x00007ffa830a7000 	C:\WINDOWS\SYSTEM32\WINMM.dll
0x00007ffa96710000 - 0x00007ffa96719000 	C:\WINDOWS\SYSTEM32\WSOCK32.dll
0x00007ffa93290000 - 0x00007ffa9329a000 	C:\WINDOWS\SYSTEM32\VERSION.dll
0x00007ffa9ca90000 - 0x00007ffa9cafb000 	C:\WINDOWS\System32\WS2_32.dll
0x00007ffa99840000 - 0x00007ffa99852000 	C:\WINDOWS\SYSTEM32\kernel.appcore.dll
0x00007ffa84920000 - 0x00007ffa84930000 	C:\Program Files\Java\jdk1.8.0_281\jre\bin\verify.dll
0x00007ffa79e60000 - 0x00007ffa79e8b000 	C:\Program Files\Java\jdk1.8.0_281\jre\bin\java.dll
0x00007ffa79e40000 - 0x00007ffa79e58000 	C:\Program Files\Java\jdk1.8.0_281\jre\bin\zip.dll
0x00007ffa9b890000 - 0x00007ffa9bfd2000 	C:\WINDOWS\System32\SHELL32.dll
0x00007ffa98cf0000 - 0x00007ffa99481000 	C:\WINDOWS\SYSTEM32\windows.storage.dll
0x00007ffa9d490000 - 0x00007ffa9d7e5000 	C:\WINDOWS\System32\combase.dll
0x00007ffa9a9e0000 - 0x00007ffa9aa0c000 	C:\WINDOWS\SYSTEM32\Wldp.dll
0x00007ffa9cd20000 - 0x00007ffa9cdce000 	C:\WINDOWS\System32\SHCORE.dll
0x00007ffa9c040000 - 0x00007ffa9c095000 	C:\WINDOWS\System32\shlwapi.dll
0x00007ffa9aeb0000 - 0x00007ffa9aecf000 	C:\WINDOWS\SYSTEM32\profapi.dll
0x00007ffa7f660000 - 0x00007ffa7f66a000 	C:\Users\91897\Downloads\apache-maven-3.8.1-bin\apache-maven-3.8.1\lib\jansi-native\windows64\jansi.dll
0x00007ffa99560000 - 0x00007ffa99744000 	C:\WINDOWS\SYSTEM32\dbghelp.dll
0x00007ffa9b390000 - 0x00007ffa9b410000 	C:\WINDOWS\System32\bcryptPrimitives.dll

VM Arguments:
jvm_args: -Dclassworlds.conf=C:\Users\91897\Downloads\apache-maven-3.8.1-bin\apache-maven-3.8.1\bin\..\bin\m2.conf -Dmaven.home=C:\Users\91897\Downloads\apache-maven-3.8.1-bin\apache-maven-3.8.1\bin\.. -Dlibrary.jansi.path=C:\Users\91897\Downloads\apache-maven-3.8.1-bin\apache-maven-3.8.1\bin\..\lib\jansi-native -Dmaven.multiModuleProjectDirectory=C:\Users\91897\eclipse-workspace\Demo_Orange_Application 
java_command: org.codehaus.plexus.classworlds.launcher.Launcher clean install
java_class_path (initial): C:\Users\91897\Downloads\apache-maven-3.8.1-bin\apache-maven-3.8.1\bin\..\boot\plexus-classworlds-2.6.0.jar
Launcher Type: SUN_STANDARD

Environment Variables:
JAVA_HOME=C:\Program Files\Java\jdk1.8.0_281
PATH=C:\Users\91897\Downloads\apache-maven-3.8.1-bin\apache-maven-3.8.1/bin;C:\Program Files\Java\jdk1.8.0_281/bin;C:\Program Files\Java\jdk1.8.0_281/bin;C:\Program Files (x86)\Common Files\Oracle\Java\javapath;C:\WINDOWS\system32;C:\WINDOWS;C:\WINDOWS\System32\Wbem;C:\WINDOWS\System32\WindowsPowerShell\v1.0\;C:\WINDOWS\System32\OpenSSH\;C:\Program Files\Java\jdk-12.0.2\bin;C:\Program Files\Git\cmd;C:\Users\91897\Downloads\apache-maven-3.8.1-bin\apache-maven-3.8.1\bin;C:\Program Files\Java\jdk1.8.0_281\bin
USERNAME=91897
OS=Windows_NT
PROCESSOR_IDENTIFIER=Intel64 Family 6 Model 142 Stepping 9, GenuineIntel



---------------  S Y S T E M  ---------------

OS: Windows 10.0 , 64 bit Build 19041 (10.0.19041.928)

CPU:total 4 (initial active 4) (2 cores per cpu, 2 threads per core) family 6 model 142 stepping 9, cmov, cx8, fxsr, mmx, sse, sse2, sse3, ssse3, sse4.1, sse4.2, popcnt, avx, avx2, aes, clmul, erms, 3dnowpref, lzcnt, ht, tsc, tscinvbit, bmi1, bmi2, adx

Memory: 4k page, physical 4103268k(266720k free), swap 5532772k(5220k free)

vm_info: Java HotSpot(TM) 64-Bit Server VM (25.281-b09) for windows-amd64 JRE (1.8.0_281-b09), built on Dec  9 2020 13:54:07 by "" with MS VC++ 15.9 (VS2017)

time: Mon Jun 21 01:11:36 2021
timezone: India Standard Time
elapsed time: 0.700544 seconds (0d 0h 0m 0s)

