#
# There is insufficient memory for the Java Runtime Environment to continue.
# Native memory allocation (malloc) failed to allocate 328016 bytes for Chunk::new
# Possible reasons:
#   The system is out of physical RAM or swap space
#   The process is running with CompressedOops enabled, and the Java Heap may be blocking the growth of the native heap
# Possible solutions:
#   Reduce memory load on the system
#   Increase physical memory or swap space
#   Check if swap backing store is full
#   Decrease Java heap size (-Xmx/-Xms)
#   Decrease number of Java threads
#   Decrease Java thread stack sizes (-Xss)
#   Set larger code cache with -XX:ReservedCodeCacheSize=
#   JVM is running with Unscaled Compressed Oops mode in which the Java heap is
#     placed in the first 4GB address space. The Java Heap base address is the
#     maximum limit for the native heap growth. Please use -XX:HeapBaseMinAddress
#     to set the Java Heap base and to place the Java Heap above 4GB virtual address.
# This output file may be truncated or incomplete.
#
#  Out of Memory Error (allocation.cpp:389), pid=5224, tid=0x0000000000000664
#
# JRE version: Java(TM) SE Runtime Environment (8.0_281-b09) (build 1.8.0_281-b09)
# Java VM: Java HotSpot(TM) 64-Bit Server VM (25.281-b09 mixed mode windows-amd64 compressed oops)
# Failed to write core dump. Minidumps are not enabled by default on client versions of Windows
#

---------------  T H R E A D  ---------------

Current thread (0x000002bf206cd000):  JavaThread "C2 CompilerThread1" daemon [_thread_in_native, id=1636, stack(0x000000ec25000000,0x000000ec25100000)]

Stack: [0x000000ec25000000,0x000000ec25100000]
Native frames: (J=compiled Java code, j=interpreted, Vv=VM code, C=native code)
V  [jvm.dll+0x32e5b9]


Current CompileTask:
C2:   2194 1613       4       org.codehaus.plexus.util.xml.pull.MXParser::parseStartTag (1195 bytes)


---------------  P R O C E S S  ---------------

Java Threads: ( => current thread )
  0x000002bf20743000 JavaThread "Service Thread" daemon [_thread_blocked, id=11244, stack(0x000000ec25200000,0x000000ec25300000)]
  0x000002bf206d4800 JavaThread "C1 CompilerThread2" daemon [_thread_blocked, id=10308, stack(0x000000ec25100000,0x000000ec25200000)]
=>0x000002bf206cd000 JavaThread "C2 CompilerThread1" daemon [_thread_in_native, id=1636, stack(0x000000ec25000000,0x000000ec25100000)]
  0x000002bf206c8000 JavaThread "C2 CompilerThread0" daemon [_thread_in_native, id=7224, stack(0x000000ec24f00000,0x000000ec25000000)]
  0x000002bf206c6800 JavaThread "Attach Listener" daemon [_thread_blocked, id=5524, stack(0x000000ec24e00000,0x000000ec24f00000)]
  0x000002bf206c5000 JavaThread "Signal Dispatcher" daemon [_thread_blocked, id=8028, stack(0x000000ec24d00000,0x000000ec24e00000)]
  0x000002bf206a6800 JavaThread "Finalizer" daemon [_thread_blocked, id=1176, stack(0x000000ec24c00000,0x000000ec24d00000)]
  0x000002bf1ff67000 JavaThread "Reference Handler" daemon [_thread_blocked, id=10180, stack(0x000000ec24b00000,0x000000ec24c00000)]
  0x000002bf0c4f4000 JavaThread "main" [_thread_in_native, id=9484, stack(0x000000ec24500000,0x000000ec24600000)]

Other Threads:
  0x000002bf20681800 VMThread [stack: 0x000000ec24a00000,0x000000ec24b00000] [id=8928]
  0x000002bf2076e800 WatcherThread [stack: 0x000000ec25300000,0x000000ec25400000] [id=8448]

VM state:not at safepoint (normal execution)

VM Mutex/Monitor currently owned by a thread: None

heap address: 0x00000000c1600000, size: 1002 MB, Compressed Oops mode: 32-bit
Narrow klass base: 0x0000000000000000, Narrow klass shift: 3
Compressed class space size: 1073741824 Address: 0x0000000100000000

Heap:
 PSYoungGen      total 18944K, used 13449K [0x00000000eb200000, 0x00000000ec700000, 0x0000000100000000)
  eden space 16384K, 66% used [0x00000000eb200000,0x00000000ebca66c8,0x00000000ec200000)
  from space 2560K, 99% used [0x00000000ec200000,0x00000000ec47c010,0x00000000ec480000)
  to   space 2560K, 0% used [0x00000000ec480000,0x00000000ec480000,0x00000000ec700000)
 ParOldGen       total 44032K, used 7662K [0x00000000c1600000, 0x00000000c4100000, 0x00000000eb200000)
  object space 44032K, 17% used [0x00000000c1600000,0x00000000c1d7b9d0,0x00000000c4100000)
 Metaspace       used 14864K, capacity 15024K, committed 15232K, reserved 1062912K
  class space    used 1810K, capacity 1904K, committed 1920K, reserved 1048576K

Card table byte_map: [0x000002bf1d1b0000,0x000002bf1d3b0000] byte_map_base: 0x000002bf1cba5000

Marking Bits: (ParMarkBitMap*) 0x000000006c816ff0
 Begin Bits: [0x000002bf1d500000, 0x000002bf1e4a8000)
 End Bits:   [0x000002bf1e4a8000, 0x000002bf1f450000)

Polling page: 0x000002bf0c600000

CodeCache: size=245760Kb used=5704Kb max_used=5704Kb free=240055Kb
 bounds [0x000002bf0ddf0000, 0x000002bf0e390000, 0x000002bf1cdf0000]
 total_blobs=2002 nmethods=1651 adapters=263
 compilation: enabled

Compilation events (10 events):
Event: 2.158 Thread 0x000002bf206d4800 nmethod 1617 0x000002bf0e3681d0 code [0x000002bf0e368320, 0x000002bf0e368498]
Event: 2.158 Thread 0x000002bf206d4800 1618       3       org.codehaus.plexus.util.xml.Xpp3Dom::addChild (17 bytes)
Event: 2.158 Thread 0x000002bf206d4800 nmethod 1618 0x000002bf0e368510 code [0x000002bf0e368680, 0x000002bf0e368930]
Event: 2.158 Thread 0x000002bf206d4800 1621       3       java.util.ArrayList::toArray (60 bytes)
Event: 2.158 Thread 0x000002bf206d4800 nmethod 1621 0x000002bf0e368a50 code [0x000002bf0e368be0, 0x000002bf0e3691a0]
Event: 2.158 Thread 0x000002bf206d4800 1622       2       java.util.regex.Pattern$CharProperty::match (56 bytes)
Event: 2.159 Thread 0x000002bf206d4800 nmethod 1622 0x000002bf0e3692d0 code [0x000002bf0e369460, 0x000002bf0e3696d0]
Event: 2.159 Thread 0x000002bf206d4800 1623       3       java.util.regex.Pattern$Curly::match (86 bytes)
Event: 2.159 Thread 0x000002bf206d4800 nmethod 1623 0x000002bf0e369810 code [0x000002bf0e3699c0, 0x000002bf0e369fc0]
Event: 2.159 Thread 0x000002bf206d4800 1624       3       sun.nio.cs.UTF_8$Decoder::decodeArrayLoop (691 bytes)

GC Heap History (10 events):
Event: 0.683 GC heap before
{Heap before GC invocations=1 (full 0):
 PSYoungGen      total 18944K, used 16384K [0x00000000eb200000, 0x00000000ec700000, 0x0000000100000000)
  eden space 16384K, 100% used [0x00000000eb200000,0x00000000ec200000,0x00000000ec200000)
  from space 2560K, 0% used [0x00000000ec480000,0x00000000ec480000,0x00000000ec700000)
  to   space 2560K, 0% used [0x00000000ec200000,0x00000000ec200000,0x00000000ec480000)
 ParOldGen       total 44032K, used 0K [0x00000000c1600000, 0x00000000c4100000, 0x00000000eb200000)
  object space 44032K, 0% used [0x00000000c1600000,0x00000000c1600000,0x00000000c4100000)
 Metaspace       used 6688K, capacity 6796K, committed 7040K, reserved 1056768K
  class space    used 756K, capacity 824K, committed 896K, reserved 1048576K
Event: 0.689 GC heap after
Heap after GC invocations=1 (full 0):
 PSYoungGen      total 18944K, used 2553K [0x00000000eb200000, 0x00000000ec700000, 0x0000000100000000)
  eden space 16384K, 0% used [0x00000000eb200000,0x00000000eb200000,0x00000000ec200000)
  from space 2560K, 99% used [0x00000000ec200000,0x00000000ec47e488,0x00000000ec480000)
  to   space 2560K, 0% used [0x00000000ec480000,0x00000000ec480000,0x00000000ec700000)
 ParOldGen       total 44032K, used 861K [0x00000000c1600000, 0x00000000c4100000, 0x00000000eb200000)
  object space 44032K, 1% used [0x00000000c1600000,0x00000000c16d7530,0x00000000c4100000)
 Metaspace       used 6688K, capacity 6796K, committed 7040K, reserved 1056768K
  class space    used 756K, capacity 824K, committed 896K, reserved 1048576K
}
Event: 1.105 GC heap before
{Heap before GC invocations=2 (full 0):
 PSYoungGen      total 18944K, used 18937K [0x00000000eb200000, 0x00000000ec700000, 0x0000000100000000)
  eden space 16384K, 100% used [0x00000000eb200000,0x00000000ec200000,0x00000000ec200000)
  from space 2560K, 99% used [0x00000000ec200000,0x00000000ec47e488,0x00000000ec480000)
  to   space 2560K, 0% used [0x00000000ec480000,0x00000000ec480000,0x00000000ec700000)
 ParOldGen       total 44032K, used 861K [0x00000000c1600000, 0x00000000c4100000, 0x00000000eb200000)
  object space 44032K, 1% used [0x00000000c1600000,0x00000000c16d7530,0x00000000c4100000)
 Metaspace       used 8094K, capacity 8252K, committed 8576K, reserved 1056768K
  class space    used 978K, capacity 1048K, committed 1152K, reserved 1048576K
Event: 1.110 GC heap after
Heap after GC invocations=2 (full 0):
 PSYoungGen      total 18944K, used 2540K [0x00000000eb200000, 0x00000000ec700000, 0x0000000100000000)
  eden space 16384K, 0% used [0x00000000eb200000,0x00000000eb200000,0x00000000ec200000)
  from space 2560K, 99% used [0x00000000ec480000,0x00000000ec6fb320,0x00000000ec700000)
  to   space 2560K, 0% used [0x00000000ec200000,0x00000000ec200000,0x00000000ec480000)
 ParOldGen       total 44032K, used 1423K [0x00000000c1600000, 0x00000000c4100000, 0x00000000eb200000)
  object space 44032K, 3% used [0x00000000c1600000,0x00000000c1763d28,0x00000000c4100000)
 Metaspace       used 8094K, capacity 8252K, committed 8576K, reserved 1056768K
  class space    used 978K, capacity 1048K, committed 1152K, reserved 1048576K
}
Event: 1.302 GC heap before
{Heap before GC invocations=3 (full 0):
 PSYoungGen      total 18944K, used 18924K [0x00000000eb200000, 0x00000000ec700000, 0x0000000100000000)
  eden space 16384K, 100% used [0x00000000eb200000,0x00000000ec200000,0x00000000ec200000)
  from space 2560K, 99% used [0x00000000ec480000,0x00000000ec6fb320,0x00000000ec700000)
  to   space 2560K, 0% used [0x00000000ec200000,0x00000000ec200000,0x00000000ec480000)
 ParOldGen       total 44032K, used 1423K [0x00000000c1600000, 0x00000000c4100000, 0x00000000eb200000)
  object space 44032K, 3% used [0x00000000c1600000,0x00000000c1763d28,0x00000000c4100000)
 Metaspace       used 9332K, capacity 9518K, committed 9728K, reserved 1058816K
  class space    used 1131K, capacity 1211K, committed 1280K, reserved 1048576K
Event: 1.307 GC heap after
Heap after GC invocations=3 (full 0):
 PSYoungGen      total 18944K, used 2544K [0x00000000eb200000, 0x00000000ec700000, 0x0000000100000000)
  eden space 16384K, 0% used [0x00000000eb200000,0x00000000eb200000,0x00000000ec200000)
  from space 2560K, 99% used [0x00000000ec200000,0x00000000ec47c010,0x00000000ec480000)
  to   space 2560K, 0% used [0x00000000ec480000,0x00000000ec480000,0x00000000ec700000)
 ParOldGen       total 44032K, used 3091K [0x00000000c1600000, 0x00000000c4100000, 0x00000000eb200000)
  object space 44032K, 7% used [0x00000000c1600000,0x00000000c1904d28,0x00000000c4100000)
 Metaspace       used 9332K, capacity 9518K, committed 9728K, reserved 1058816K
  class space    used 1131K, capacity 1211K, committed 1280K, reserved 1048576K
}
Event: 1.533 GC heap before
{Heap before GC invocations=4 (full 0):
 PSYoungGen      total 18944K, used 18928K [0x00000000eb200000, 0x00000000ec700000, 0x0000000100000000)
  eden space 16384K, 100% used [0x00000000eb200000,0x00000000ec200000,0x00000000ec200000)
  from space 2560K, 99% used [0x00000000ec200000,0x00000000ec47c010,0x00000000ec480000)
  to   space 2560K, 0% used [0x00000000ec480000,0x00000000ec480000,0x00000000ec700000)
 ParOldGen       total 44032K, used 3091K [0x00000000c1600000, 0x00000000c4100000, 0x00000000eb200000)
  object space 44032K, 7% used [0x00000000c1600000,0x00000000c1904d28,0x00000000c4100000)
 Metaspace       used 11146K, capacity 11304K, committed 11520K, reserved 1058816K
  class space    used 1367K, capacity 1444K, committed 1536K, reserved 1048576K
Event: 1.538 GC heap after
Heap after GC invocations=4 (full 0):
 PSYoungGen      total 18944K, used 2544K [0x00000000eb200000, 0x00000000ec700000, 0x0000000100000000)
  eden space 16384K, 0% used [0x00000000eb200000,0x00000000eb200000,0x00000000ec200000)
  from space 2560K, 99% used [0x00000000ec480000,0x00000000ec6fc030,0x00000000ec700000)
  to   space 2560K, 0% used [0x00000000ec200000,0x00000000ec200000,0x00000000ec480000)
 ParOldGen       total 44032K, used 5146K [0x00000000c1600000, 0x00000000c4100000, 0x00000000eb200000)
  object space 44032K, 11% used [0x00000000c1600000,0x00000000c1b069b0,0x00000000c4100000)
 Metaspace       used 11146K, capacity 11304K, committed 11520K, reserved 1058816K
  class space    used 1367K, capacity 1444K, committed 1536K, reserved 1048576K
}
Event: 1.957 GC heap before
{Heap before GC invocations=5 (full 0):
 PSYoungGen      total 18944K, used 18928K [0x00000000eb200000, 0x00000000ec700000, 0x0000000100000000)
  eden space 16384K, 100% used [0x00000000eb200000,0x00000000ec200000,0x00000000ec200000)
  from space 2560K, 99% used [0x00000000ec480000,0x00000000ec6fc030,0x00000000ec700000)
  to   space 2560K, 0% used [0x00000000ec200000,0x00000000ec200000,0x00000000ec480000)
 ParOldGen       total 44032K, used 5146K [0x00000000c1600000, 0x00000000c4100000, 0x00000000eb200000)
  object space 44032K, 11% used [0x00000000c1600000,0x00000000c1b069b0,0x00000000c4100000)
 Metaspace       used 13237K, capacity 13456K, committed 13568K, reserved 1060864K
  class space    used 1650K, capacity 1744K, committed 1792K, reserved 1048576K
Event: 1.963 GC heap after
Heap after GC invocations=5 (full 0):
 PSYoungGen      total 18944K, used 2544K [0x00000000eb200000, 0x00000000ec700000, 0x0000000100000000)
  eden space 16384K, 0% used [0x00000000eb200000,0x00000000eb200000,0x00000000ec200000)
  from space 2560K, 99% used [0x00000000ec200000,0x00000000ec47c010,0x00000000ec480000)
  to   space 2560K, 0% used [0x00000000ec480000,0x00000000ec480000,0x00000000ec700000)
 ParOldGen       total 44032K, used 7662K [0x00000000c1600000, 0x00000000c4100000, 0x00000000eb200000)
  object space 44032K, 17% used [0x00000000c1600000,0x00000000c1d7b9d0,0x00000000c4100000)
 Metaspace       used 13237K, capacity 13456K, committed 13568K, reserved 1060864K
  class space    used 1650K, capacity 1744K, committed 1792K, reserved 1048576K
}

Deoptimization events (10 events):
Event: 1.944 Thread 0x000002bf0c4f4000 Uncommon trap: reason=unstable_if action=reinterpret pc=0x000002bf0e2cdd50 method=org.eclipse.sisu.inject.InjectorBindings.isAssignableFrom(Lcom/google/inject/TypeLiteral;Lcom/google/inject/Binding;)Z @ 14
Event: 2.015 Thread 0x000002bf0c4f4000 Uncommon trap: reason=unstable_if action=reinterpret pc=0x000002bf0e2f16ec method=sun.net.util.IPAddressUtil.scan(Ljava/lang/String;JJ[C)I @ 14
Event: 2.017 Thread 0x000002bf0c4f4000 Uncommon trap: reason=unstable_if action=reinterpret pc=0x000002bf0e2ec278 method=sun.net.util.IPAddressUtil.scan(Ljava/lang/String;JJ[C)I @ 14
Event: 2.074 Thread 0x000002bf0c4f4000 Uncommon trap: reason=unstable_if action=reinterpret pc=0x000002bf0df7fb94 method=java.lang.String.replace(CC)Ljava/lang/String; @ 2
Event: 2.079 Thread 0x000002bf0c4f4000 Uncommon trap: reason=unstable_if action=reinterpret pc=0x000002bf0e249b18 method=java.lang.String.substring(I)Ljava/lang/String; @ 35
Event: 2.145 Thread 0x000002bf0c4f4000 Uncommon trap: reason=bimorphic action=maybe_recompile pc=0x000002bf0e337abc method=java.util.regex.Pattern$CharProperty.match(Ljava/util/regex/Matcher;ILjava/lang/CharSequence;)Z @ 37
Event: 2.146 Thread 0x000002bf0c4f4000 Uncommon trap: reason=bimorphic action=maybe_recompile pc=0x000002bf0e337abc method=java.util.regex.Pattern$CharProperty.match(Ljava/util/regex/Matcher;ILjava/lang/CharSequence;)Z @ 37
Event: 2.158 Thread 0x000002bf0c4f4000 Uncommon trap: reason=bimorphic action=maybe_recompile pc=0x000002bf0e337abc method=java.util.regex.Pattern$CharProperty.match(Ljava/util/regex/Matcher;ILjava/lang/CharSequence;)Z @ 37
Event: 2.158 Thread 0x000002bf0c4f4000 Uncommon trap: reason=bimorphic action=maybe_recompile pc=0x000002bf0e337abc method=java.util.regex.Pattern$CharProperty.match(Ljava/util/regex/Matcher;ILjava/lang/CharSequence;)Z @ 37
Event: 2.159 Thread 0x000002bf0c4f4000 Uncommon trap: reason=unstable_if action=reinterpret pc=0x000002bf0e0abdd4 method=sun.nio.cs.UTF_8$Decoder.decodeArrayLoop(Ljava/nio/ByteBuffer;Ljava/nio/CharBuffer;)Ljava/nio/charset/CoderResult; @ 84

Classes redefined (0 events):
No events

Internal exceptions (10 events):
Event: 1.141 Thread 0x000002bf0c4f4000 Exception <a 'java/lang/ArrayIndexOutOfBoundsException': 66> (0x00000000eb3b6968) thrown at [C:\jenkins\workspace\8-2-build-windows-amd64-cygwin\jdk8u281\880\hotspot\src\share\vm\interpreter\interpreterRuntime.cpp, line 371]
Event: 1.823 Thread 0x000002bf0c4f4000 Exception <a 'java/lang/NoClassDefFoundError': com/google/inject/servlet/ServletModuleTargetVisitor> (0x00000000ebec99b0) thrown at [C:\jenkins\workspace\8-2-build-windows-amd64-cygwin\jdk8u281\880\hotspot\src\share\vm\classfile\systemDictionary.cpp, line
Event: 1.823 Thread 0x000002bf0c4f4000 Exception <a 'java/lang/NoClassDefFoundError'> (0x00000000ebec99b0) thrown at [C:\jenkins\workspace\8-2-build-windows-amd64-cygwin\jdk8u281\880\hotspot\src\share\vm\prims\jvm.cpp, line 1516]
Event: 1.823 Thread 0x000002bf0c4f4000 Exception <a 'java/lang/NoClassDefFoundError': javax/annotation/Priority> (0x00000000ebecec60) thrown at [C:\jenkins\workspace\8-2-build-windows-amd64-cygwin\jdk8u281\880\hotspot\src\share\vm\classfile\systemDictionary.cpp, line 201]
Event: 2.008 Thread 0x000002bf0c4f4000 Exception <a 'java/lang/NullPointerException'> (0x00000000eb4ea410) thrown at [C:\jenkins\workspace\8-2-build-windows-amd64-cygwin\jdk8u281\880\hotspot\src\share\vm\interpreter\linkResolver.cpp, line 1185]
Event: 2.008 Thread 0x000002bf0c4f4000 Exception <a 'java/lang/NullPointerException'> (0x00000000eb4ea618) thrown at [C:\jenkins\workspace\8-2-build-windows-amd64-cygwin\jdk8u281\880\hotspot\src\share\vm\interpreter\linkResolver.cpp, line 1185]
Event: 2.008 Thread 0x000002bf0c4f4000 Exception <a 'java/lang/NullPointerException'> (0x00000000eb4ea820) thrown at [C:\jenkins\workspace\8-2-build-windows-amd64-cygwin\jdk8u281\880\hotspot\src\share\vm\interpreter\linkResolver.cpp, line 1185]
Event: 2.009 Thread 0x000002bf0c4f4000 Exception <a 'java/lang/NullPointerException'> (0x00000000eb4f30b0) thrown at [C:\jenkins\workspace\8-2-build-windows-amd64-cygwin\jdk8u281\880\hotspot\src\share\vm\interpreter\linkResolver.cpp, line 1185]
Event: 2.009 Thread 0x000002bf0c4f4000 Exception <a 'java/lang/NullPointerException'> (0x00000000eb4f32b8) thrown at [C:\jenkins\workspace\8-2-build-windows-amd64-cygwin\jdk8u281\880\hotspot\src\share\vm\interpreter\linkResolver.cpp, line 1185]
Event: 2.009 Thread 0x000002bf0c4f4000 Exception <a 'java/lang/NullPointerException'> (0x00000000eb4f34c0) thrown at [C:\jenkins\workspace\8-2-build-windows-amd64-cygwin\jdk8u281\880\hotspot\src\share\vm\interpreter\linkResolver.cpp, line 1185]

Events (10 events):
Event: 2.158 Thread 0x000002bf0c4f4000 DEOPT PACKING pc=0x000002bf0e337abc sp=0x000000ec245fd5a0
Event: 2.158 Thread 0x000002bf0c4f4000 DEOPT UNPACKING pc=0x000002bf0de35843 sp=0x000000ec245fd558 mode 2
Event: 2.158 Thread 0x000002bf0c4f4000 Uncommon trap: trap_request=0xffffffc6 fr.pc=0x000002bf0e337abc
Event: 2.158 Thread 0x000002bf0c4f4000 DEOPT PACKING pc=0x000002bf0e337abc sp=0x000000ec245fd5a0
Event: 2.158 Thread 0x000002bf0c4f4000 DEOPT UNPACKING pc=0x000002bf0de35843 sp=0x000000ec245fd558 mode 2
Event: 2.159 Thread 0x000002bf0c4f4000 Uncommon trap: trap_request=0xffffff65 fr.pc=0x000002bf0e0abdd4
Event: 2.159 Thread 0x000002bf0c4f4000 DEOPT PACKING pc=0x000002bf0e0abdd4 sp=0x000000ec245fd700
Event: 2.159 Thread 0x000002bf0c4f4000 DEOPT UNPACKING pc=0x000002bf0de35843 sp=0x000000ec245fd648 mode 2
Event: 2.163 loading class org/apache/maven/model/Notifier
Event: 2.163 loading class org/apache/maven/model/Notifier done


Dynamic libraries:
0x00007ff7778f0000 - 0x00007ff777937000 	C:\Program Files\Java\jdk1.8.0_281\bin\java.exe
0x00007ffa9d830000 - 0x00007ffa9da25000 	C:\WINDOWS\SYSTEM32\ntdll.dll
0x00007ffa9cf80000 - 0x00007ffa9d03d000 	C:\WINDOWS\System32\KERNEL32.DLL
0x00007ffa9af70000 - 0x00007ffa9b238000 	C:\WINDOWS\System32\KERNELBASE.dll
0x00007ffa9d3e0000 - 0x00007ffa9d48c000 	C:\WINDOWS\System32\ADVAPI32.dll
0x00007ffa9cc80000 - 0x00007ffa9cd1e000 	C:\WINDOWS\System32\msvcrt.dll
0x00007ffa9cb00000 - 0x00007ffa9cb9b000 	C:\WINDOWS\System32\sechost.dll
0x00007ffa9d120000 - 0x00007ffa9d24b000 	C:\WINDOWS\System32\RPCRT4.dll
0x00007ffa9c630000 - 0x00007ffa9c7d0000 	C:\WINDOWS\System32\USER32.dll
0x00007ffa9b6b0000 - 0x00007ffa9b6d2000 	C:\WINDOWS\System32\win32u.dll
0x00007ffa9ca60000 - 0x00007ffa9ca8a000 	C:\WINDOWS\System32\GDI32.dll
0x00007ffa9b440000 - 0x00007ffa9b54b000 	C:\WINDOWS\System32\gdi32full.dll
0x00007ffa9b740000 - 0x00007ffa9b7dd000 	C:\WINDOWS\System32\msvcp_win.dll
0x00007ffa9b290000 - 0x00007ffa9b390000 	C:\WINDOWS\System32\ucrtbase.dll
0x00007ffa7c830000 - 0x00007ffa7caca000 	C:\WINDOWS\WinSxS\amd64_microsoft.windows.common-controls_6595b64144ccf1df_6.0.19041.844_none_ca00b6081b84eb1d\COMCTL32.dll
0x00007ffa9d050000 - 0x00007ffa9d080000 	C:\WINDOWS\System32\IMM32.DLL
0x00007ffa7ae20000 - 0x00007ffa7ae35000 	C:\Program Files\Java\jdk1.8.0_281\jre\bin\vcruntime140.dll
0x00007ffa6d090000 - 0x00007ffa6d12b000 	C:\Program Files\Java\jdk1.8.0_281\jre\bin\msvcp140.dll
0x000000006c030000 - 0x000000006c88f000 	C:\Program Files\Java\jdk1.8.0_281\jre\bin\server\jvm.dll
0x00007ffa9d300000 - 0x00007ffa9d308000 	C:\WINDOWS\System32\PSAPI.DLL
0x00007ffa83080000 - 0x00007ffa830a7000 	C:\WINDOWS\SYSTEM32\WINMM.dll
0x00007ffa93290000 - 0x00007ffa9329a000 	C:\WINDOWS\SYSTEM32\VERSION.dll
0x00007ffa96710000 - 0x00007ffa96719000 	C:\WINDOWS\SYSTEM32\WSOCK32.dll
0x00007ffa9ca90000 - 0x00007ffa9cafb000 	C:\WINDOWS\System32\WS2_32.dll
0x00007ffa99840000 - 0x00007ffa99852000 	C:\WINDOWS\SYSTEM32\kernel.appcore.dll
0x00007ffa859f0000 - 0x00007ffa85a00000 	C:\Program Files\Java\jdk1.8.0_281\jre\bin\verify.dll
0x00007ffa7a120000 - 0x00007ffa7a14b000 	C:\Program Files\Java\jdk1.8.0_281\jre\bin\java.dll
0x00007ffa7a0d0000 - 0x00007ffa7a0e8000 	C:\Program Files\Java\jdk1.8.0_281\jre\bin\zip.dll
0x00007ffa9b890000 - 0x00007ffa9bfd2000 	C:\WINDOWS\System32\SHELL32.dll
0x00007ffa98cf0000 - 0x00007ffa99481000 	C:\WINDOWS\SYSTEM32\windows.storage.dll
0x00007ffa9d490000 - 0x00007ffa9d7e5000 	C:\WINDOWS\System32\combase.dll
0x00007ffa9a9e0000 - 0x00007ffa9aa0c000 	C:\WINDOWS\SYSTEM32\Wldp.dll
0x00007ffa9cd20000 - 0x00007ffa9cdce000 	C:\WINDOWS\System32\SHCORE.dll
0x00007ffa9c040000 - 0x00007ffa9c095000 	C:\WINDOWS\System32\shlwapi.dll
0x00007ffa9aeb0000 - 0x00007ffa9aecf000 	C:\WINDOWS\SYSTEM32\profapi.dll
0x00007ffa84920000 - 0x00007ffa8492a000 	C:\Users\91897\Downloads\apache-maven-3.8.1-bin\apache-maven-3.8.1\lib\jansi-native\windows64\jansi.dll

VM Arguments:
jvm_args: -Dclassworlds.conf=C:\Users\91897\Downloads\apache-maven-3.8.1-bin\apache-maven-3.8.1\bin\..\bin\m2.conf -Dmaven.home=C:\Users\91897\Downloads\apache-maven-3.8.1-bin\apache-maven-3.8.1\bin\.. -Dlibrary.jansi.path=C:\Users\91897\Downloads\apache-maven-3.8.1-bin\apache-maven-3.8.1\bin\..\lib\jansi-native -Dmaven.multiModuleProjectDirectory=C:\Users\91897\eclipse-workspace\Demo_Orange_Application 
java_command: org.codehaus.plexus.classworlds.launcher.Launcher clean install
java_class_path (initial): C:\Users\91897\Downloads\apache-maven-3.8.1-bin\apache-maven-3.8.1\bin\..\boot\plexus-classworlds-2.6.0.jar
Launcher Type: SUN_STANDARD

Environment Variables:
JAVA_HOME=C:\Program Files\Java\jdk1.8.0_281
PATH=C:\Users\91897\Downloads\apache-maven-3.8.1-bin\apache-maven-3.8.1/bin;C:\Program Files\Java\jdk1.8.0_281/bin;C:\Program Files\Java\jdk1.8.0_281/bin;C:\Program Files (x86)\Common Files\Oracle\Java\javapath;C:\WINDOWS\system32;C:\WINDOWS;C:\WINDOWS\System32\Wbem;C:\WINDOWS\System32\WindowsPowerShell\v1.0\;C:\WINDOWS\System32\OpenSSH\;C:\Program Files\Java\jdk-12.0.2\bin;C:\Program Files\Git\cmd;C:\Users\91897\Downloads\apache-maven-3.8.1-bin\apache-maven-3.8.1\bin;C:\Program Files\Java\jdk1.8.0_281\bin
USERNAME=91897
OS=Windows_NT
PROCESSOR_IDENTIFIER=Intel64 Family 6 Model 142 Stepping 9, GenuineIntel



---------------  S Y S T E M  ---------------

OS: Windows 10.0 , 64 bit Build 19041 (10.0.19041.928)

CPU:total 4 (initial active 4) (2 cores per cpu, 2 threads per core) family 6 model 142 stepping 9, cmov, cx8, fxsr, mmx, sse, sse2, sse3, ssse3, sse4.1, sse4.2, popcnt, avx, avx2, aes, clmul, erms, 3dnowpref, lzcnt, ht, tsc, tscinvbit, bmi1, bmi2, adx

Memory: 4k page, physical 4103268k(289740k free), swap 5532772k(2252k free)

vm_info: Java HotSpot(TM) 64-Bit Server VM (25.281-b09) for windows-amd64 JRE (1.8.0_281-b09), built on Dec  9 2020 13:54:07 by "" with MS VC++ 15.9 (VS2017)

time: Mon Jun 21 01:06:38 2021
timezone: India Standard Time
elapsed time: 2.208140 seconds (0d 0h 0m 2s)

