#
# There is insufficient memory for the Java Runtime Environment to continue.
# Native memory allocation (malloc) failed to allocate 382256 bytes for Chunk::new
# Possible reasons:
#   The system is out of physical RAM or swap space
#   The process is running with CompressedOops enabled, and the Java Heap may be blocking the growth of the native heap
# Possible solutions:
#   Reduce memory load on the system
#   Increase physical memory or swap space
#   Check if swap backing store is full
#   Decrease Java heap size (-Xmx/-Xms)
#   Decrease number of Java threads
#   Decrease Java thread stack sizes (-Xss)
#   Set larger code cache with -XX:ReservedCodeCacheSize=
#   JVM is running with Unscaled Compressed Oops mode in which the Java heap is
#     placed in the first 4GB address space. The Java Heap base address is the
#     maximum limit for the native heap growth. Please use -XX:HeapBaseMinAddress
#     to set the Java Heap base and to place the Java Heap above 4GB virtual address.
# This output file may be truncated or incomplete.
#
#  Out of Memory Error (allocation.cpp:389), pid=12928, tid=0x0000000000000df4
#
# JRE version: Java(TM) SE Runtime Environment (8.0_281-b09) (build 1.8.0_281-b09)
# Java VM: Java HotSpot(TM) 64-Bit Server VM (25.281-b09 mixed mode windows-amd64 compressed oops)
# Failed to write core dump. Minidumps are not enabled by default on client versions of Windows
#

---------------  T H R E A D  ---------------

Current thread (0x000001bbf360d000):  JavaThread "C2 CompilerThread1" daemon [_thread_in_native, id=3572, stack(0x00000053afa00000,0x00000053afb00000)]

Stack: [0x00000053afa00000,0x00000053afb00000]
Native frames: (J=compiled Java code, j=interpreted, Vv=VM code, C=native code)
V  [jvm.dll+0x32e5b9]
V  [jvm.dll+0x275012]
V  [jvm.dll+0x275cbd]
V  [jvm.dll+0x26c6f5]
V  [jvm.dll+0xd51fc]
V  [jvm.dll+0xd59fc]
V  [jvm.dll+0x4523f2]
V  [jvm.dll+0x48d85d]
V  [jvm.dll+0x441d19]
V  [jvm.dll+0x43f664]
V  [jvm.dll+0x42a5e7]
V  [jvm.dll+0xabe9b]
V  [jvm.dll+0xaa4fb]
V  [jvm.dll+0x23d6b2]
V  [jvm.dll+0x291cbc]
C  [ucrtbase.dll+0x21bb2]
C  [KERNEL32.DLL+0x17034]
C  [ntdll.dll+0x52651]


Current CompileTask:
C2:  12487 1865   !   4       sun.misc.URLClassPath$JarLoader::getResource (353 bytes)


---------------  P R O C E S S  ---------------

Java Threads: ( => current thread )
  0x000001bbf4ebe800 JavaThread "AsyncHttpClient-1-4" daemon [_thread_in_native, id=8464, stack(0x00000053b0900000,0x00000053b0a00000)]
  0x000001bbf4ebd800 JavaThread "AsyncHttpClient-1-3" daemon [_thread_in_native, id=8324, stack(0x00000053b0700000,0x00000053b0800000)]
  0x000001bbf448b800 JavaThread "AsyncHttpClient-1-2" daemon [_thread_in_native, id=1220, stack(0x00000053b0800000,0x00000053b0900000)]
  0x000001bbf5910000 JavaThread "Exec Stream Pumper" daemon [_thread_in_native, id=8436, stack(0x00000053b0600000,0x00000053b0700000)]
  0x000001bbf56ef000 JavaThread "Exec Stream Pumper" daemon [_thread_in_native, id=7884, stack(0x00000053b0500000,0x00000053b0600000)]
  0x000001bbf5748800 JavaThread "UrlChecker-2" daemon [_thread_blocked, id=11220, stack(0x00000053b0300000,0x00000053b0400000)]
  0x000001bbf563b000 JavaThread "ForkJoinPool.commonPool-worker-2" daemon [_thread_blocked, id=12700, stack(0x00000053b0200000,0x00000053b0300000)]
  0x000001bbf5716000 JavaThread "Exec Default Executor" daemon [_thread_in_native, id=11564, stack(0x00000053b0100000,0x00000053b0200000)]
  0x000001bbf5253800 JavaThread "AsyncHttpClient-1-1" daemon [_thread_blocked, id=12524, stack(0x00000053b0000000,0x00000053b0100000)]
  0x000001bbf5876000 JavaThread "ForkJoinPool.commonPool-worker-1" daemon [_thread_blocked, id=8672, stack(0x00000053aff00000,0x00000053b0000000)]
  0x000001bbf4895800 JavaThread "surefire-forkedjvm-command-thread" daemon [_thread_in_native, id=9016, stack(0x00000053afe00000,0x00000053aff00000)]
  0x000001bbf36a7800 JavaThread "Service Thread" daemon [_thread_blocked, id=6696, stack(0x00000053afc00000,0x00000053afd00000)]
  0x000001bbf3618800 JavaThread "C1 CompilerThread2" daemon [_thread_blocked, id=2580, stack(0x00000053afb00000,0x00000053afc00000)]
=>0x000001bbf360d000 JavaThread "C2 CompilerThread1" daemon [_thread_in_native, id=3572, stack(0x00000053afa00000,0x00000053afb00000)]
  0x000001bbf35f7800 JavaThread "C2 CompilerThread0" daemon [_thread_in_native, id=13264, stack(0x00000053af900000,0x00000053afa00000)]
  0x000001bbf35f6800 JavaThread "Attach Listener" daemon [_thread_blocked, id=4928, stack(0x00000053af800000,0x00000053af900000)]
  0x000001bbf360b800 JavaThread "Signal Dispatcher" daemon [_thread_blocked, id=4116, stack(0x00000053af700000,0x00000053af800000)]
  0x000001bbf2eba800 JavaThread "Finalizer" daemon [_thread_blocked, id=10108, stack(0x00000053af600000,0x00000053af700000)]
  0x000001bbf35e6000 JavaThread "Reference Handler" daemon [_thread_blocked, id=12644, stack(0x00000053af500000,0x00000053af600000)]
  0x000001bbdf39f000 JavaThread "main" [_thread_in_vm, id=6216, stack(0x00000053aef00000,0x00000053af000000)]

Other Threads:
  0x000001bbf35c3000 VMThread [stack: 0x00000053af400000,0x00000053af500000] [id=9676]
  0x000001bbf36bb800 WatcherThread [stack: 0x00000053afd00000,0x00000053afe00000] [id=8792]

VM state:not at safepoint (normal execution)

VM Mutex/Monitor currently owned by a thread: None

heap address: 0x00000000c1600000, size: 1002 MB, Compressed Oops mode: 32-bit
Narrow klass base: 0x0000000000000000, Narrow klass shift: 3
Compressed class space size: 1073741824 Address: 0x0000000100000000

Heap:
 PSYoungGen      total 51200K, used 9587K [0x00000000eb200000, 0x00000000efd80000, 0x0000000100000000)
  eden space 46592K, 11% used [0x00000000eb200000,0x00000000eb7224d0,0x00000000edf80000)
  from space 4608K, 93% used [0x00000000ef900000,0x00000000efd3aa20,0x00000000efd80000)
  to   space 6656K, 0% used [0x00000000ef080000,0x00000000ef080000,0x00000000ef700000)
 ParOldGen       total 37888K, used 24444K [0x00000000c1600000, 0x00000000c3b00000, 0x00000000eb200000)
  object space 37888K, 64% used [0x00000000c1600000,0x00000000c2ddf168,0x00000000c3b00000)
 Metaspace       used 24750K, capacity 25656K, committed 25728K, reserved 1071104K
  class space    used 3176K, capacity 3426K, committed 3456K, reserved 1048576K

Card table byte_map: [0x000001bbf0100000,0x000001bbf0300000] byte_map_base: 0x000001bbefaf5000

Marking Bits: (ParMarkBitMap*) 0x000000006d2a6ff0
 Begin Bits: [0x000001bbf0450000, 0x000001bbf13f8000)
 End Bits:   [0x000001bbf13f8000, 0x000001bbf23a0000)

Polling page: 0x000001bbe0d10000

CodeCache: size=245760Kb used=6394Kb max_used=6394Kb free=239365Kb
 bounds [0x000001bbe0d40000, 0x000001bbe1390000, 0x000001bbefd40000]
 total_blobs=2358 nmethods=1876 adapters=394
 compilation: enabled

Compilation events (10 events):
Event: 11.969 Thread 0x000001bbf3618800 nmethod 1859 0x000001bbe1377a50 code [0x000001bbe1377ca0, 0x000001bbe1378cd0]
Event: 11.997 Thread 0x000001bbf3618800 1860       3       jdk.internal.org.objectweb.asm.MethodVisitor::visitInsn (16 bytes)
Event: 11.998 Thread 0x000001bbf3618800 nmethod 1860 0x000001bbe1379250 code [0x000001bbe13793c0, 0x000001bbe1379630]
Event: 12.004 Thread 0x000001bbf3618800 1861       3       java.lang.Class::copyConstructors (38 bytes)
Event: 12.005 Thread 0x000001bbf3618800 nmethod 1861 0x000001bbe1379710 code [0x000001bbe1379920, 0x000001bbe137a3f0]
Event: 12.006 Thread 0x000001bbf3618800 1862       3       org.testng.collections.Maps::newHashMap (8 bytes)
Event: 12.006 Thread 0x000001bbf3618800 nmethod 1862 0x000001bbe137a910 code [0x000001bbe137aa80, 0x000001bbe137ad38]
Event: 12.017 Thread 0x000001bbf360d000 1865   !   4       sun.misc.URLClassPath$JarLoader::getResource (353 bytes)
Event: 12.064 Thread 0x000001bbf3618800 1866       3       java.io.WinNTFileSystem::parentOrNull (171 bytes)
Event: 12.066 Thread 0x000001bbf3618800 nmethod 1866 0x000001bbe137b490 code [0x000001bbe137b6c0, 0x000001bbe137c520]

GC Heap History (10 events):
Event: 1.892 GC heap before
{Heap before GC invocations=3 (full 0):
 PSYoungGen      total 18944K, used 18937K [0x00000000eb200000, 0x00000000ec700000, 0x0000000100000000)
  eden space 16384K, 100% used [0x00000000eb200000,0x00000000ec200000,0x00000000ec200000)
  from space 2560K, 99% used [0x00000000ec480000,0x00000000ec6fe580,0x00000000ec700000)
  to   space 2560K, 0% used [0x00000000ec200000,0x00000000ec200000,0x00000000ec480000)
 ParOldGen       total 44032K, used 1856K [0x00000000c1600000, 0x00000000c4100000, 0x00000000eb200000)
  object space 44032K, 4% used [0x00000000c1600000,0x00000000c17d0248,0x00000000c4100000)
 Metaspace       used 13435K, capacity 13750K, committed 14080K, reserved 1060864K
  class space    used 1606K, capacity 1705K, committed 1792K, reserved 1048576K
Event: 1.898 GC heap after
Heap after GC invocations=3 (full 0):
 PSYoungGen      total 18944K, used 2559K [0x00000000eb200000, 0x00000000ed700000, 0x0000000100000000)
  eden space 16384K, 0% used [0x00000000eb200000,0x00000000eb200000,0x00000000ec200000)
  from space 2560K, 99% used [0x00000000ec200000,0x00000000ec47fdb0,0x00000000ec480000)
  to   space 2560K, 0% used [0x00000000ed480000,0x00000000ed480000,0x00000000ed700000)
 ParOldGen       total 44032K, used 3833K [0x00000000c1600000, 0x00000000c4100000, 0x00000000eb200000)
  object space 44032K, 8% used [0x00000000c1600000,0x00000000c19be5e8,0x00000000c4100000)
 Metaspace       used 13435K, capacity 13750K, committed 14080K, reserved 1060864K
  class space    used 1606K, capacity 1705K, committed 1792K, reserved 1048576K
}
Event: 2.416 GC heap before
{Heap before GC invocations=4 (full 0):
 PSYoungGen      total 18944K, used 18943K [0x00000000eb200000, 0x00000000ed700000, 0x0000000100000000)
  eden space 16384K, 100% used [0x00000000eb200000,0x00000000ec200000,0x00000000ec200000)
  from space 2560K, 99% used [0x00000000ec200000,0x00000000ec47fdb0,0x00000000ec480000)
  to   space 2560K, 0% used [0x00000000ed480000,0x00000000ed480000,0x00000000ed700000)
 ParOldGen       total 44032K, used 3833K [0x00000000c1600000, 0x00000000c4100000, 0x00000000eb200000)
  object space 44032K, 8% used [0x00000000c1600000,0x00000000c19be5e8,0x00000000c4100000)
 Metaspace       used 15917K, capacity 16278K, committed 16384K, reserved 1062912K
  class space    used 1885K, capacity 2009K, committed 2048K, reserved 1048576K
Event: 2.424 GC heap after
Heap after GC invocations=4 (full 0):
 PSYoungGen      total 35328K, used 2537K [0x00000000eb200000, 0x00000000ed700000, 0x0000000100000000)
  eden space 32768K, 0% used [0x00000000eb200000,0x00000000eb200000,0x00000000ed200000)
  from space 2560K, 99% used [0x00000000ed480000,0x00000000ed6fa5b0,0x00000000ed700000)
  to   space 2560K, 0% used [0x00000000ed200000,0x00000000ed200000,0x00000000ed480000)
 ParOldGen       total 44032K, used 7082K [0x00000000c1600000, 0x00000000c4100000, 0x00000000eb200000)
  object space 44032K, 16% used [0x00000000c1600000,0x00000000c1ceab40,0x00000000c4100000)
 Metaspace       used 15917K, capacity 16278K, committed 16384K, reserved 1062912K
  class space    used 1885K, capacity 2009K, committed 2048K, reserved 1048576K
}
Event: 3.486 GC heap before
{Heap before GC invocations=5 (full 0):
 PSYoungGen      total 35328K, used 31710K [0x00000000eb200000, 0x00000000ed700000, 0x0000000100000000)
  eden space 32768K, 89% used [0x00000000eb200000,0x00000000ece7d558,0x00000000ed200000)
  from space 2560K, 99% used [0x00000000ed480000,0x00000000ed6fa5b0,0x00000000ed700000)
  to   space 2560K, 0% used [0x00000000ed200000,0x00000000ed200000,0x00000000ed480000)
 ParOldGen       total 44032K, used 7082K [0x00000000c1600000, 0x00000000c4100000, 0x00000000eb200000)
  object space 44032K, 16% used [0x00000000c1600000,0x00000000c1ceab40,0x00000000c4100000)
 Metaspace       used 20453K, capacity 21172K, committed 21296K, reserved 1069056K
  class space    used 2517K, capacity 2682K, committed 2688K, reserved 1048576K
Event: 3.494 GC heap after
Heap after GC invocations=5 (full 0):
 PSYoungGen      total 35328K, used 2532K [0x00000000eb200000, 0x00000000f0000000, 0x0000000100000000)
  eden space 32768K, 0% used [0x00000000eb200000,0x00000000eb200000,0x00000000ed200000)
  from space 2560K, 98% used [0x00000000ed200000,0x00000000ed479308,0x00000000ed480000)
  to   space 7168K, 0% used [0x00000000ef900000,0x00000000ef900000,0x00000000f0000000)
 ParOldGen       total 44032K, used 10359K [0x00000000c1600000, 0x00000000c4100000, 0x00000000eb200000)
  object space 44032K, 23% used [0x00000000c1600000,0x00000000c201dd48,0x00000000c4100000)
 Metaspace       used 20453K, capacity 21172K, committed 21296K, reserved 1069056K
  class space    used 2517K, capacity 2682K, committed 2688K, reserved 1048576K
}
Event: 3.494 GC heap before
{Heap before GC invocations=6 (full 1):
 PSYoungGen      total 35328K, used 2532K [0x00000000eb200000, 0x00000000f0000000, 0x0000000100000000)
  eden space 32768K, 0% used [0x00000000eb200000,0x00000000eb200000,0x00000000ed200000)
  from space 2560K, 98% used [0x00000000ed200000,0x00000000ed479308,0x00000000ed480000)
  to   space 7168K, 0% used [0x00000000ef900000,0x00000000ef900000,0x00000000f0000000)
 ParOldGen       total 44032K, used 10359K [0x00000000c1600000, 0x00000000c4100000, 0x00000000eb200000)
  object space 44032K, 23% used [0x00000000c1600000,0x00000000c201dd48,0x00000000c4100000)
 Metaspace       used 20453K, capacity 21172K, committed 21296K, reserved 1069056K
  class space    used 2517K, capacity 2682K, committed 2688K, reserved 1048576K
Event: 3.536 GC heap after
Heap after GC invocations=6 (full 1):
 PSYoungGen      total 35328K, used 0K [0x00000000eb200000, 0x00000000f0000000, 0x0000000100000000)
  eden space 32768K, 0% used [0x00000000eb200000,0x00000000eb200000,0x00000000ed200000)
  from space 2560K, 0% used [0x00000000ed200000,0x00000000ed200000,0x00000000ed480000)
  to   space 7168K, 0% used [0x00000000ef900000,0x00000000ef900000,0x00000000f0000000)
 ParOldGen       total 37888K, used 8052K [0x00000000c1600000, 0x00000000c3b00000, 0x00000000eb200000)
  object space 37888K, 21% used [0x00000000c1600000,0x00000000c1ddd158,0x00000000c3b00000)
 Metaspace       used 20453K, capacity 21172K, committed 21296K, reserved 1069056K
  class space    used 2517K, capacity 2682K, committed 2688K, reserved 1048576K
}
Event: 11.944 GC heap before
{Heap before GC invocations=7 (full 1):
 PSYoungGen      total 35328K, used 32768K [0x00000000eb200000, 0x00000000f0000000, 0x0000000100000000)
  eden space 32768K, 100% used [0x00000000eb200000,0x00000000ed200000,0x00000000ed200000)
  from space 2560K, 0% used [0x00000000ed200000,0x00000000ed200000,0x00000000ed480000)
  to   space 7168K, 0% used [0x00000000ef900000,0x00000000ef900000,0x00000000f0000000)
 ParOldGen       total 37888K, used 24436K [0x00000000c1600000, 0x00000000c3b00000, 0x00000000eb200000)
  object space 37888K, 64% used [0x00000000c1600000,0x00000000c2ddd168,0x00000000c3b00000)
 Metaspace       used 24421K, capacity 25298K, committed 25472K, reserved 1071104K
  class space    used 3121K, capacity 3349K, committed 3456K, reserved 1048576K
Event: 11.954 GC heap after
Heap after GC invocations=7 (full 1):
 PSYoungGen      total 51200K, used 4330K [0x00000000eb200000, 0x00000000efd80000, 0x0000000100000000)
  eden space 46592K, 0% used [0x00000000eb200000,0x00000000eb200000,0x00000000edf80000)
  from space 4608K, 93% used [0x00000000ef900000,0x00000000efd3aa20,0x00000000efd80000)
  to   space 6656K, 0% used [0x00000000ef080000,0x00000000ef080000,0x00000000ef700000)
 ParOldGen       total 37888K, used 24444K [0x00000000c1600000, 0x00000000c3b00000, 0x00000000eb200000)
  object space 37888K, 64% used [0x00000000c1600000,0x00000000c2ddf168,0x00000000c3b00000)
 Metaspace       used 24421K, capacity 25298K, committed 25472K, reserved 1071104K
  class space    used 3121K, capacity 3349K, committed 3456K, reserved 1048576K
}

Deoptimization events (10 events):
Event: 3.575 Thread 0x000001bbdf39f000 Uncommon trap: reason=class_check action=maybe_recompile pc=0x000001bbe114d0a4 method=java.util.regex.Pattern$Curly.match(Ljava/util/regex/Matcher;ILjava/lang/CharSequence;)Z @ 19
Event: 3.588 Thread 0x000001bbdf39f000 Uncommon trap: reason=class_check action=maybe_recompile pc=0x000001bbe114d0a4 method=java.util.regex.Pattern$Curly.match(Ljava/util/regex/Matcher;ILjava/lang/CharSequence;)Z @ 19
Event: 3.588 Thread 0x000001bbdf39f000 Uncommon trap: reason=class_check action=maybe_recompile pc=0x000001bbe114d0a4 method=java.util.regex.Pattern$Curly.match(Ljava/util/regex/Matcher;ILjava/lang/CharSequence;)Z @ 19
Event: 4.305 Thread 0x000001bbf448b800 Uncommon trap: reason=range_check action=make_not_entrant pc=0x000001bbe1308e20 method=sun.reflect.generics.parser.SignatureParser.current()C @ 34
Event: 11.591 Thread 0x000001bbdf39f000 Uncommon trap: reason=class_check action=maybe_recompile pc=0x000001bbe12f6d64 method=org.openqa.selenium.json.Input.init()V @ 13
Event: 11.591 Thread 0x000001bbdf39f000 Uncommon trap: reason=class_check action=maybe_recompile pc=0x000001bbe12f6d64 method=org.openqa.selenium.json.Input.init()V @ 13
Event: 11.591 Thread 0x000001bbdf39f000 Uncommon trap: reason=class_check action=maybe_recompile pc=0x000001bbe12f6d64 method=org.openqa.selenium.json.Input.init()V @ 13
Event: 11.591 Thread 0x000001bbdf39f000 Uncommon trap: reason=class_check action=maybe_recompile pc=0x000001bbe12f6d64 method=org.openqa.selenium.json.Input.init()V @ 13
Event: 11.632 Thread 0x000001bbdf39f000 Uncommon trap: reason=class_check action=maybe_recompile pc=0x000001bbe1101938 method=java.util.HashMap.putVal(ILjava/lang/Object;Ljava/lang/Object;ZZ)Ljava/lang/Object; @ 253
Event: 11.647 Thread 0x000001bbdf39f000 Uncommon trap: reason=unstable_if action=reinterpret pc=0x000001bbe1242e44 method=java.util.concurrent.ConcurrentHashMap.putVal(Ljava/lang/Object;Ljava/lang/Object;Z)Ljava/lang/Object; @ 181

Classes redefined (0 events):
No events

Internal exceptions (10 events):
Event: 3.354 Thread 0x000001bbdf39f000 Exception <a 'java/lang/ArrayIndexOutOfBoundsException'> (0x00000000ec9b6cf8) thrown at [C:\jenkins\workspace\8-2-build-windows-amd64-cygwin\jdk8u281\880\hotspot\src\share\vm\runtime\sharedRuntime.cpp, line 609]
Event: 3.354 Thread 0x000001bbdf39f000 Exception <a 'java/lang/ArrayIndexOutOfBoundsException'> (0x00000000ec9b8178) thrown at [C:\jenkins\workspace\8-2-build-windows-amd64-cygwin\jdk8u281\880\hotspot\src\share\vm\runtime\sharedRuntime.cpp, line 609]
Event: 3.355 Thread 0x000001bbdf39f000 Exception <a 'java/lang/ArrayIndexOutOfBoundsException'> (0x00000000ec9b9040) thrown at [C:\jenkins\workspace\8-2-build-windows-amd64-cygwin\jdk8u281\880\hotspot\src\share\vm\runtime\sharedRuntime.cpp, line 609]
Event: 3.357 Thread 0x000001bbdf39f000 Exception <a 'java/lang/ArrayIndexOutOfBoundsException'> (0x00000000ec9c5a58) thrown at [C:\jenkins\workspace\8-2-build-windows-amd64-cygwin\jdk8u281\880\hotspot\src\share\vm\runtime\sharedRuntime.cpp, line 609]
Event: 3.358 Thread 0x000001bbdf39f000 Exception <a 'java/lang/ArrayIndexOutOfBoundsException'> (0x00000000ec9cbfa8) thrown at [C:\jenkins\workspace\8-2-build-windows-amd64-cygwin\jdk8u281\880\hotspot\src\share\vm\runtime\sharedRuntime.cpp, line 609]
Event: 3.363 Thread 0x000001bbdf39f000 Exception <a 'java/lang/NoSuchMethodError': java.lang.Object.lambda$andThen$1(Ljava/util/function/Function;Ljava/lang/Object;)Ljava/lang/Object;> (0x00000000ec9e43b8) thrown at [C:\jenkins\workspace\8-2-build-windows-amd64-cygwin\jdk8u281\880\hotspot\src\
Event: 3.431 Thread 0x000001bbdf39f000 Exception <a 'java/lang/NoSuchMethodError': java.lang.Object.lambda$chars$0()Ljava/util/Spliterator$OfInt;> (0x00000000ecbd8198) thrown at [C:\jenkins\workspace\8-2-build-windows-amd64-cygwin\jdk8u281\880\hotspot\src\share\vm\interpreter\linkResolver.cpp,
Event: 4.305 Thread 0x000001bbf448b800 Exception <a 'java/lang/ArrayIndexOutOfBoundsException': 70> (0x00000000ec579138) thrown at [C:\jenkins\workspace\8-2-build-windows-amd64-cygwin\jdk8u281\880\hotspot\src\share\vm\interpreter\interpreterRuntime.cpp, line 371]
Event: 4.305 Thread 0x000001bbf448b800 Exception <a 'java/lang/ArrayIndexOutOfBoundsException': 114> (0x00000000ec57a960) thrown at [C:\jenkins\workspace\8-2-build-windows-amd64-cygwin\jdk8u281\880\hotspot\src\share\vm\interpreter\interpreterRuntime.cpp, line 371]
Event: 11.611 Thread 0x000001bbdf39f000 Exception <a 'java/lang/NoSuchMethodError': java.lang.Object.lambda$getResponseFunction$0(Lorg/openqa/selenium/remote/InitialHandshakeResponse;)Lorg/openqa/selenium/remote/ProtocolHandshake$Result;> (0x00000000ecc3a9e8) thrown at [C:\jenkins\workspace\8-2

Events (10 events):
Event: 12.105 loading class org/openqa/selenium/support/CacheLookup
Event: 12.105 loading class org/openqa/selenium/support/CacheLookup done
Event: 12.111 loading class org/openqa/selenium/support/FindBy
Event: 12.111 loading class org/openqa/selenium/support/FindBy done
Event: 12.113 loading class org/openqa/selenium/support/How
Event: 12.114 loading class org/openqa/selenium/support/How done
Event: 12.115 loading class org/openqa/selenium/support/How$1
Event: 12.115 loading class org/openqa/selenium/support/How$1 done
Event: 12.117 loading class org/openqa/selenium/support/How$2
Event: 12.117 loading class org/openqa/selenium/support/How$2 done


Dynamic libraries:
0x00007ff78a930000 - 0x00007ff78a977000 	C:\Program Files\Java\jdk1.8.0_281\jre\bin\java.exe
0x00007ffd45750000 - 0x00007ffd45945000 	C:\WINDOWS\SYSTEM32\ntdll.dll
0x00007ffd44fb0000 - 0x00007ffd4506d000 	C:\WINDOWS\System32\KERNEL32.DLL
0x00007ffd43460000 - 0x00007ffd43729000 	C:\WINDOWS\System32\KERNELBASE.dll
0x00007ffd451a0000 - 0x00007ffd4524c000 	C:\WINDOWS\System32\ADVAPI32.dll
0x00007ffd442d0000 - 0x00007ffd4436e000 	C:\WINDOWS\System32\msvcrt.dll
0x00007ffd443d0000 - 0x00007ffd4446c000 	C:\WINDOWS\System32\sechost.dll
0x00007ffd43f00000 - 0x00007ffd4402b000 	C:\WINDOWS\System32\RPCRT4.dll
0x00007ffd45300000 - 0x00007ffd454a0000 	C:\WINDOWS\System32\USER32.dll
0x00007ffd43430000 - 0x00007ffd43452000 	C:\WINDOWS\System32\win32u.dll
0x00007ffd445c0000 - 0x00007ffd445ea000 	C:\WINDOWS\System32\GDI32.dll
0x00007ffd43320000 - 0x00007ffd4342b000 	C:\WINDOWS\System32\gdi32full.dll
0x00007ffd42e90000 - 0x00007ffd42f2d000 	C:\WINDOWS\System32\msvcp_win.dll
0x00007ffd43220000 - 0x00007ffd43320000 	C:\WINDOWS\System32\ucrtbase.dll
0x00007ffd24a90000 - 0x00007ffd24d2a000 	C:\WINDOWS\WinSxS\amd64_microsoft.windows.common-controls_6595b64144ccf1df_6.0.19041.844_none_ca00b6081b84eb1d\COMCTL32.dll
0x00007ffd447b0000 - 0x00007ffd447e0000 	C:\WINDOWS\System32\IMM32.DLL
0x00007ffd2e070000 - 0x00007ffd2e085000 	C:\Program Files\Java\jdk1.8.0_281\jre\bin\vcruntime140.dll
0x00007ffd0d160000 - 0x00007ffd0d1fb000 	C:\Program Files\Java\jdk1.8.0_281\jre\bin\msvcp140.dll
0x000000006cac0000 - 0x000000006d31f000 	C:\Program Files\Java\jdk1.8.0_281\jre\bin\server\jvm.dll
0x00007ffd445f0000 - 0x00007ffd445f8000 	C:\WINDOWS\System32\PSAPI.DLL
0x00007ffd2b6e0000 - 0x00007ffd2b707000 	C:\WINDOWS\SYSTEM32\WINMM.dll
0x00007ffd3e670000 - 0x00007ffd3e679000 	C:\WINDOWS\SYSTEM32\WSOCK32.dll
0x00007ffd3ac50000 - 0x00007ffd3ac5a000 	C:\WINDOWS\SYSTEM32\VERSION.dll
0x00007ffd45680000 - 0x00007ffd456eb000 	C:\WINDOWS\System32\WS2_32.dll
0x00007ffd40fd0000 - 0x00007ffd40fe2000 	C:\WINDOWS\SYSTEM32\kernel.appcore.dll
0x00007ffd3ee30000 - 0x00007ffd3ee40000 	C:\Program Files\Java\jdk1.8.0_281\jre\bin\verify.dll
0x00007ffd25bd0000 - 0x00007ffd25bfb000 	C:\Program Files\Java\jdk1.8.0_281\jre\bin\java.dll
0x00007ffd23320000 - 0x00007ffd23338000 	C:\Program Files\Java\jdk1.8.0_281\jre\bin\zip.dll
0x00007ffd437b0000 - 0x00007ffd43ef2000 	C:\WINDOWS\System32\SHELL32.dll
0x00007ffd40ff0000 - 0x00007ffd41780000 	C:\WINDOWS\SYSTEM32\windows.storage.dll
0x00007ffd44c50000 - 0x00007ffd44fa5000 	C:\WINDOWS\System32\combase.dll
0x00007ffd42900000 - 0x00007ffd4292c000 	C:\WINDOWS\SYSTEM32\Wldp.dll
0x00007ffd45570000 - 0x00007ffd4561e000 	C:\WINDOWS\System32\SHCORE.dll
0x00007ffd44560000 - 0x00007ffd445b5000 	C:\WINDOWS\System32\shlwapi.dll
0x00007ffd42dd0000 - 0x00007ffd42def000 	C:\WINDOWS\SYSTEM32\profapi.dll
0x00007ffd3c430000 - 0x00007ffd3c43d000 	C:\Program Files\Java\jdk1.8.0_281\jre\bin\management.dll
0x00007ffd42850000 - 0x00007ffd42868000 	C:\WINDOWS\SYSTEM32\CRYPTSP.dll
0x00007ffd41fb0000 - 0x00007ffd41fe4000 	C:\WINDOWS\system32\rsaenh.dll
0x00007ffd43780000 - 0x00007ffd437a7000 	C:\WINDOWS\System32\bcrypt.dll
0x00007ffd42d50000 - 0x00007ffd42d7e000 	C:\WINDOWS\SYSTEM32\USERENV.dll
0x00007ffd43090000 - 0x00007ffd43110000 	C:\WINDOWS\System32\bcryptprimitives.dll
0x00007ffd42870000 - 0x00007ffd4287c000 	C:\WINDOWS\SYSTEM32\CRYPTBASE.dll
0x00007ffd229f0000 - 0x00007ffd22a0c000 	C:\Program Files\Java\jdk1.8.0_281\jre\bin\net.dll
0x00007ffd42680000 - 0x00007ffd426ea000 	C:\WINDOWS\system32\mswsock.dll
0x00007ffd42320000 - 0x00007ffd4235b000 	C:\WINDOWS\SYSTEM32\IPHLPAPI.DLL
0x00007ffd44030000 - 0x00007ffd44038000 	C:\WINDOWS\System32\NSI.dll
0x00007ffd3b6d0000 - 0x00007ffd3b6e7000 	C:\WINDOWS\SYSTEM32\dhcpcsvc6.DLL
0x00007ffd3b320000 - 0x00007ffd3b33d000 	C:\WINDOWS\SYSTEM32\dhcpcsvc.DLL
0x00007ffd42370000 - 0x00007ffd4243b000 	C:\WINDOWS\SYSTEM32\DNSAPI.dll
0x00007ffd229d0000 - 0x00007ffd229e3000 	C:\Program Files\Java\jdk1.8.0_281\jre\bin\nio.dll
0x00007ffd3ac00000 - 0x00007ffd3ac0a000 	C:\Windows\System32\rasadhlp.dll
0x00007ffd302d0000 - 0x00007ffd3034f000 	C:\WINDOWS\System32\fwpuclnt.dll
0x00007ffd227f0000 - 0x00007ffd22814000 	C:\Program Files\Java\jdk1.8.0_281\jre\bin\sunec.dll
0x00007ffd1a780000 - 0x00007ffd1a797000 	C:\WINDOWS\system32\napinsp.dll
0x00007ffd1a760000 - 0x00007ffd1a77b000 	C:\WINDOWS\system32\pnrpnsp.dll
0x00007ffd35110000 - 0x00007ffd35125000 	C:\WINDOWS\system32\wshbth.dll
0x00007ffd3c410000 - 0x00007ffd3c42d000 	C:\WINDOWS\system32\NLAapi.dll
0x00007ffd1a2b0000 - 0x00007ffd1a2c2000 	C:\WINDOWS\System32\winrnr.dll
0x00007ffd40cf0000 - 0x00007ffd40ed4000 	C:\WINDOWS\SYSTEM32\dbghelp.dll

VM Arguments:
java_command: C:\Users\91897\AppData\Local\Temp\surefire703414419108120802\surefirebooter3501055338432057218.jar C:\Users\91897\AppData\Local\Temp\surefire703414419108120802 2021-04-07T23-31-39_545-jvmRun1 surefire7615255115636785746tmp surefire_03901006624467484421tmp
java_class_path (initial): C:\Users\91897\AppData\Local\Temp\surefire703414419108120802\surefirebooter3501055338432057218.jar
Launcher Type: SUN_STANDARD

Environment Variables:
JAVA_HOME=C:\Program Files\Java\jdk1.8.0_281
CLASSPATH=C:\Program Files\Java\jdk1.8.0_281\lib
PATH=C:\Program Files (x86)\Common Files\Oracle\Java\javapath;C:\WINDOWS\system32;C:\WINDOWS;C:\WINDOWS\System32\Wbem;C:\WINDOWS\System32\WindowsPowerShell\v1.0\;C:\WINDOWS\System32\OpenSSH\;C:\Program Files\Java\jdk-12.0.2\bin;C:\Program Files\Git\cmd;C:\Users\91897\Downloads\apache-maven-3.8.1-bin\apache-maven-3.8.1\bin;C:\Program Files\Java\jdk1.8.0_281\bin
USERNAME=91897
OS=Windows_NT
PROCESSOR_IDENTIFIER=Intel64 Family 6 Model 142 Stepping 9, GenuineIntel



---------------  S Y S T E M  ---------------

OS: Windows 10.0 , 64 bit Build 19041 (10.0.19041.804)

CPU:total 4 (initial active 4) (2 cores per cpu, 2 threads per core) family 6 model 142 stepping 9, cmov, cx8, fxsr, mmx, sse, sse2, sse3, ssse3, sse4.1, sse4.2, popcnt, avx, avx2, aes, clmul, erms, 3dnowpref, lzcnt, ht, tsc, tscinvbit, bmi1, bmi2, adx

Memory: 4k page, physical 4103268k(386300k free), swap 5532772k(4512k free)

vm_info: Java HotSpot(TM) 64-Bit Server VM (25.281-b09) for windows-amd64 JRE (1.8.0_281-b09), built on Dec  9 2020 13:54:07 by "" with MS VC++ 15.9 (VS2017)

time: Wed Apr  7 23:31:55 2021
timezone: India Standard Time
elapsed time: 12.511226 seconds (0d 0h 0m 12s)

