#
# There is insufficient memory for the Java Runtime Environment to continue.
# Native memory allocation (malloc) failed to allocate 32744 bytes for ChunkPool::allocate
# Possible reasons:
#   The system is out of physical RAM or swap space
#   The process is running with CompressedOops enabled, and the Java Heap may be blocking the growth of the native heap
# Possible solutions:
#   Reduce memory load on the system
#   Increase physical memory or swap space
#   Check if swap backing store is full
#   Decrease Java heap size (-Xmx/-Xms)
#   Decrease number of Java threads
#   Decrease Java thread stack sizes (-Xss)
#   Set larger code cache with -XX:ReservedCodeCacheSize=
#   JVM is running with Unscaled Compressed Oops mode in which the Java heap is
#     placed in the first 4GB address space. The Java Heap base address is the
#     maximum limit for the native heap growth. Please use -XX:HeapBaseMinAddress
#     to set the Java Heap base and to place the Java Heap above 4GB virtual address.
# This output file may be truncated or incomplete.
#
#  Out of Memory Error (allocation.cpp:272), pid=12404, tid=0x00000000000030a4
#
# JRE version: Java(TM) SE Runtime Environment (8.0_281-b09) (build 1.8.0_281-b09)
# Java VM: Java HotSpot(TM) 64-Bit Server VM (25.281-b09 mixed mode windows-amd64 compressed oops)
# Failed to write core dump. Minidumps are not enabled by default on client versions of Windows
#

---------------  T H R E A D  ---------------

Current thread (0x000001d69f71b800):  JavaThread "C2 CompilerThread0" daemon [_thread_in_native, id=12452, stack(0x000000a50a000000,0x000000a50a100000)]

Stack: [0x000000a50a000000,0x000000a50a100000]
Native frames: (J=compiled Java code, j=interpreted, Vv=VM code, C=native code)
V  [jvm.dll+0x32e5b9]
V  [jvm.dll+0x275012]
V  [jvm.dll+0x275cbd]
V  [jvm.dll+0x26c6f5]
V  [jvm.dll+0xd569d]
V  [jvm.dll+0xd59fc]
V  [jvm.dll+0x4c4d23]
V  [jvm.dll+0x4617b4]
V  [jvm.dll+0x4cd09b]
V  [jvm.dll+0x4cc876]
V  [jvm.dll+0x42c6c0]
V  [jvm.dll+0x45150e]
V  [jvm.dll+0x4d6c0c]
V  [jvm.dll+0x4cf1bc]
V  [jvm.dll+0x4ce85b]
V  [jvm.dll+0x4ccb3f]
V  [jvm.dll+0x42c6c0]
V  [jvm.dll+0x43f3e5]
V  [jvm.dll+0x42a5e7]
V  [jvm.dll+0xabe9b]
V  [jvm.dll+0xaa4fb]
V  [jvm.dll+0x23d6b2]
V  [jvm.dll+0x291cbc]
C  [ucrtbase.dll+0x21bb2]
C  [KERNEL32.DLL+0x17034]
C  [ntdll.dll+0x52651]


Current CompileTask:
C2:  19540 4842       4       java.lang.StringCoding::safeTrim (24 bytes)


---------------  P R O C E S S  ---------------

Java Threads: ( => current thread )
  0x000001d69f80a800 JavaThread "ThreadedStreamConsumer" daemon [_thread_in_native, id=11032, stack(0x000000a50ac00000,0x000000a50ad00000)]
  0x000001d6a09d8000 JavaThread "resolver-5" daemon [_thread_blocked, id=6552, stack(0x000000a50a900000,0x000000a50aa00000)]
  0x000001d6a25a1800 JavaThread "resolver-4" daemon [_thread_blocked, id=9236, stack(0x000000a50a800000,0x000000a50a900000)]
  0x000001d6a03d6000 JavaThread "resolver-3" daemon [_thread_blocked, id=4216, stack(0x000000a50a700000,0x000000a50a800000)]
  0x000001d6a0f3f800 JavaThread "resolver-2" daemon [_thread_blocked, id=2548, stack(0x000000a50a600000,0x000000a50a700000)]
  0x000001d6a2665800 JavaThread "resolver-1" daemon [_thread_blocked, id=7728, stack(0x000000a50a500000,0x000000a50a600000)]
  0x000001d69f7a4000 JavaThread "Service Thread" daemon [_thread_blocked, id=2112, stack(0x000000a50a300000,0x000000a50a400000)]
  0x000001d69f728000 JavaThread "C1 CompilerThread2" daemon [_thread_blocked, id=9304, stack(0x000000a50a200000,0x000000a50a300000)]
  0x000001d69f720000 JavaThread "C2 CompilerThread1" daemon [_thread_in_native, id=11364, stack(0x000000a50a100000,0x000000a50a200000)]
=>0x000001d69f71b800 JavaThread "C2 CompilerThread0" daemon [_thread_in_native, id=12452, stack(0x000000a50a000000,0x000000a50a100000)]
  0x000001d69f717000 JavaThread "Attach Listener" daemon [_thread_blocked, id=13028, stack(0x000000a509f00000,0x000000a50a000000)]
  0x000001d69f716000 JavaThread "Signal Dispatcher" daemon [_thread_blocked, id=11460, stack(0x000000a509e00000,0x000000a509f00000)]
  0x000001d69efbc000 JavaThread "Finalizer" daemon [_thread_blocked, id=9412, stack(0x000000a509d00000,0x000000a509e00000)]
  0x000001d69f6f6000 JavaThread "Reference Handler" daemon [_thread_blocked, id=7484, stack(0x000000a509c00000,0x000000a509d00000)]
  0x000001d68b553800 JavaThread "main" [_thread_in_native, id=13012, stack(0x000000a509600000,0x000000a509700000)]

Other Threads:
  0x000001d69f6d3000 VMThread [stack: 0x000000a509b00000,0x000000a509c00000] [id=7792]
  0x000001d69f7b8000 WatcherThread [stack: 0x000000a50a400000,0x000000a50a500000] [id=3536]

VM state:not at safepoint (normal execution)

VM Mutex/Monitor currently owned by a thread: None

heap address: 0x00000000c1600000, size: 1002 MB, Compressed Oops mode: 32-bit
Narrow klass base: 0x0000000000000000, Narrow klass shift: 3
Compressed class space size: 1073741824 Address: 0x0000000100000000

Heap:
 PSYoungGen      total 168448K, used 9181K [0x00000000eb200000, 0x00000000f6800000, 0x0000000100000000)
  eden space 153600K, 5% used [0x00000000eb200000,0x00000000ebaf75a8,0x00000000f4800000)
  from space 14848K, 0% used [0x00000000f5980000,0x00000000f5980000,0x00000000f6800000)
  to   space 16384K, 0% used [0x00000000f4800000,0x00000000f4800000,0x00000000f5800000)
 ParOldGen       total 44032K, used 26369K [0x00000000c1600000, 0x00000000c4100000, 0x00000000eb200000)
  object space 44032K, 59% used [0x00000000c1600000,0x00000000c2fc04e8,0x00000000c4100000)
 Metaspace       used 25772K, capacity 26314K, committed 27136K, reserved 1075200K
  class space    used 2985K, capacity 3136K, committed 3328K, reserved 1048576K

Card table byte_map: [0x000001d69c200000,0x000001d69c400000] byte_map_base: 0x000001d69bbf5000

Marking Bits: (ParMarkBitMap*) 0x000000006d2a6ff0
 Begin Bits: [0x000001d69c550000, 0x000001d69d4f8000)
 End Bits:   [0x000001d69d4f8000, 0x000001d69e4a0000)

Polling page: 0x000001d68ce10000

CodeCache: size=245760Kb used=13982Kb max_used=14975Kb free=231777Kb
 bounds [0x000001d68ce40000, 0x000001d68dcf0000, 0x000001d69be40000]
 total_blobs=4692 nmethods=4255 adapters=349
 compilation: enabled

Compilation events (10 events):
Event: 18.182 Thread 0x000001d69f728000 nmethod 4834 0x000001d68d124f50 code [0x000001d68d1250c0, 0x000001d68d1252f0]
Event: 18.189 Thread 0x000001d69f728000 4835       3       java.lang.AbstractStringBuilder::setLength (45 bytes)
Event: 18.190 Thread 0x000001d69f71b800 4837       4       java.nio.Buffer::remaining (20 bytes)
Event: 18.190 Thread 0x000001d69f728000 nmethod 4835 0x000001d68d1af910 code [0x000001d68d1afae0, 0x000001d68d1b02c0]
Event: 18.191 Thread 0x000001d69f71b800 nmethod 4837 0x000001d68d1b2610 code [0x000001d68d1b2740, 0x000001d68d1b27b8]
Event: 18.192 Thread 0x000001d69f728000 4836       3       java.lang.StringBuilder::setLength (6 bytes)
Event: 18.193 Thread 0x000001d69f728000 nmethod 4836 0x000001d68d3bbb50 code [0x000001d68d3bbcc0, 0x000001d68d3bbe50]
Event: 18.196 Thread 0x000001d69f720000 4838       4       java.util.concurrent.locks.ReentrantLock$Sync::tryRelease (45 bytes)
Event: 18.197 Thread 0x000001d69f728000 4839       3       org.apache.maven.plugin.surefire.extensions.EventConsumerThread::frameCompleteness (243 bytes)
Event: 18.197 Thread 0x000001d69f71b800 4842       4       java.lang.StringCoding::safeTrim (24 bytes)

GC Heap History (10 events):
Event: 3.114 GC heap before
{Heap before GC invocations=6 (full 0):
 PSYoungGen      total 35328K, used 35312K [0x00000000eb200000, 0x00000000f0000000, 0x0000000100000000)
  eden space 32768K, 100% used [0x00000000eb200000,0x00000000ed200000,0x00000000ed200000)
  from space 2560K, 99% used [0x00000000ed200000,0x00000000ed47c010,0x00000000ed480000)
  to   space 7168K, 0% used [0x00000000ef900000,0x00000000ef900000,0x00000000f0000000)
 ParOldGen       total 44032K, used 9822K [0x00000000c1600000, 0x00000000c4100000, 0x00000000eb200000)
  object space 44032K, 22% used [0x00000000c1600000,0x00000000c1f97850,0x00000000c4100000)
 Metaspace       used 15446K, capacity 15666K, committed 15744K, reserved 1062912K
  class space    used 1835K, capacity 1915K, committed 1920K, reserved 1048576K
Event: 3.130 GC heap after
Heap after GC invocations=6 (full 0):
 PSYoungGen      total 72704K, used 4625K [0x00000000eb200000, 0x00000000f0000000, 0x0000000100000000)
  eden space 65536K, 0% used [0x00000000eb200000,0x00000000eb200000,0x00000000ef200000)
  from space 7168K, 64% used [0x00000000ef900000,0x00000000efd846d8,0x00000000f0000000)
  to   space 7168K, 0% used [0x00000000ef200000,0x00000000ef200000,0x00000000ef900000)
 ParOldGen       total 44032K, used 9830K [0x00000000c1600000, 0x00000000c4100000, 0x00000000eb200000)
  object space 44032K, 22% used [0x00000000c1600000,0x00000000c1f99850,0x00000000c4100000)
 Metaspace       used 15446K, capacity 15666K, committed 15744K, reserved 1062912K
  class space    used 1835K, capacity 1915K, committed 1920K, reserved 1048576K
}
Event: 4.472 GC heap before
{Heap before GC invocations=7 (full 0):
 PSYoungGen      total 72704K, used 70161K [0x00000000eb200000, 0x00000000f0000000, 0x0000000100000000)
  eden space 65536K, 100% used [0x00000000eb200000,0x00000000ef200000,0x00000000ef200000)
  from space 7168K, 64% used [0x00000000ef900000,0x00000000efd846d8,0x00000000f0000000)
  to   space 7168K, 0% used [0x00000000ef200000,0x00000000ef200000,0x00000000ef900000)
 ParOldGen       total 44032K, used 9830K [0x00000000c1600000, 0x00000000c4100000, 0x00000000eb200000)
  object space 44032K, 22% used [0x00000000c1600000,0x00000000c1f99850,0x00000000c4100000)
 Metaspace       used 16587K, capacity 16994K, committed 17280K, reserved 1064960K
  class space    used 1932K, capacity 2059K, committed 2176K, reserved 1048576K
Event: 4.495 GC heap after
Heap after GC invocations=7 (full 0):
 PSYoungGen      total 72704K, used 7168K [0x00000000eb200000, 0x00000000f4300000, 0x0000000100000000)
  eden space 65536K, 0% used [0x00000000eb200000,0x00000000eb200000,0x00000000ef200000)
  from space 7168K, 100% used [0x00000000ef200000,0x00000000ef900000,0x00000000ef900000)
  to   space 8704K, 0% used [0x00000000f3a80000,0x00000000f3a80000,0x00000000f4300000)
 ParOldGen       total 44032K, used 11050K [0x00000000c1600000, 0x00000000c4100000, 0x00000000eb200000)
  object space 44032K, 25% used [0x00000000c1600000,0x00000000c20caa38,0x00000000c4100000)
 Metaspace       used 16587K, capacity 16994K, committed 17280K, reserved 1064960K
  class space    used 1932K, capacity 2059K, committed 2176K, reserved 1048576K
}
Event: 5.655 GC heap before
{Heap before GC invocations=8 (full 0):
 PSYoungGen      total 72704K, used 41247K [0x00000000eb200000, 0x00000000f4300000, 0x0000000100000000)
  eden space 65536K, 52% used [0x00000000eb200000,0x00000000ed347ce0,0x00000000ef200000)
  from space 7168K, 100% used [0x00000000ef200000,0x00000000ef900000,0x00000000ef900000)
  to   space 8704K, 0% used [0x00000000f3a80000,0x00000000f3a80000,0x00000000f4300000)
 ParOldGen       total 44032K, used 11050K [0x00000000c1600000, 0x00000000c4100000, 0x00000000eb200000)
  object space 44032K, 25% used [0x00000000c1600000,0x00000000c20caa38,0x00000000c4100000)
 Metaspace       used 20694K, capacity 21158K, committed 21296K, reserved 1069056K
  class space    used 2471K, capacity 2619K, committed 2688K, reserved 1048576K
Event: 5.720 GC heap after
Heap after GC invocations=8 (full 0):
 PSYoungGen      total 137728K, used 8679K [0x00000000eb200000, 0x00000000f4700000, 0x0000000100000000)
  eden space 129024K, 0% used [0x00000000eb200000,0x00000000eb200000,0x00000000f3000000)
  from space 8704K, 99% used [0x00000000f3a80000,0x00000000f42f9ff0,0x00000000f4300000)
  to   space 10752K, 0% used [0x00000000f3000000,0x00000000f3000000,0x00000000f3a80000)
 ParOldGen       total 44032K, used 12742K [0x00000000c1600000, 0x00000000c4100000, 0x00000000eb200000)
  object space 44032K, 28% used [0x00000000c1600000,0x00000000c2271908,0x00000000c4100000)
 Metaspace       used 20694K, capacity 21158K, committed 21296K, reserved 1069056K
  class space    used 2471K, capacity 2619K, committed 2688K, reserved 1048576K
}
Event: 5.720 GC heap before
{Heap before GC invocations=9 (full 1):
 PSYoungGen      total 137728K, used 8679K [0x00000000eb200000, 0x00000000f4700000, 0x0000000100000000)
  eden space 129024K, 0% used [0x00000000eb200000,0x00000000eb200000,0x00000000f3000000)
  from space 8704K, 99% used [0x00000000f3a80000,0x00000000f42f9ff0,0x00000000f4300000)
  to   space 10752K, 0% used [0x00000000f3000000,0x00000000f3000000,0x00000000f3a80000)
 ParOldGen       total 44032K, used 12742K [0x00000000c1600000, 0x00000000c4100000, 0x00000000eb200000)
  object space 44032K, 28% used [0x00000000c1600000,0x00000000c2271908,0x00000000c4100000)
 Metaspace       used 20694K, capacity 21158K, committed 21296K, reserved 1069056K
  class space    used 2471K, capacity 2619K, committed 2688K, reserved 1048576K
Event: 5.954 GC heap after
Heap after GC invocations=9 (full 1):
 PSYoungGen      total 137728K, used 0K [0x00000000eb200000, 0x00000000f4700000, 0x0000000100000000)
  eden space 129024K, 0% used [0x00000000eb200000,0x00000000eb200000,0x00000000f3000000)
  from space 8704K, 0% used [0x00000000f3a80000,0x00000000f3a80000,0x00000000f4300000)
  to   space 10752K, 0% used [0x00000000f3000000,0x00000000f3000000,0x00000000f3a80000)
 ParOldGen       total 44032K, used 13124K [0x00000000c1600000, 0x00000000c4100000, 0x00000000eb200000)
  object space 44032K, 29% used [0x00000000c1600000,0x00000000c22d1340,0x00000000c4100000)
 Metaspace       used 20694K, capacity 21158K, committed 21296K, reserved 1069056K
  class space    used 2471K, capacity 2619K, committed 2688K, reserved 1048576K
}
Event: 9.675 GC heap before
{Heap before GC invocations=10 (full 1):
 PSYoungGen      total 137728K, used 129024K [0x00000000eb200000, 0x00000000f4700000, 0x0000000100000000)
  eden space 129024K, 100% used [0x00000000eb200000,0x00000000f3000000,0x00000000f3000000)
  from space 8704K, 0% used [0x00000000f3a80000,0x00000000f3a80000,0x00000000f4300000)
  to   space 10752K, 0% used [0x00000000f3000000,0x00000000f3000000,0x00000000f3a80000)
 ParOldGen       total 44032K, used 13124K [0x00000000c1600000, 0x00000000c4100000, 0x00000000eb200000)
  object space 44032K, 29% used [0x00000000c1600000,0x00000000c22d1340,0x00000000c4100000)
 Metaspace       used 24687K, capacity 25306K, committed 25600K, reserved 1071104K
  class space    used 2841K, capacity 2992K, committed 3072K, reserved 1048576K
Event: 9.709 GC heap after
Heap after GC invocations=10 (full 1):
 PSYoungGen      total 139776K, used 10721K [0x00000000eb200000, 0x00000000f6800000, 0x0000000100000000)
  eden space 129024K, 0% used [0x00000000eb200000,0x00000000eb200000,0x00000000f3000000)
  from space 10752K, 99% used [0x00000000f3000000,0x00000000f3a78450,0x00000000f3a80000)
  to   space 14848K, 0% used [0x00000000f5980000,0x00000000f5980000,0x00000000f6800000)
 ParOldGen       total 44032K, used 20533K [0x00000000c1600000, 0x00000000c4100000, 0x00000000eb200000)
  object space 44032K, 46% used [0x00000000c1600000,0x00000000c2a0d668,0x00000000c4100000)
 Metaspace       used 24687K, capacity 25306K, committed 25600K, reserved 1071104K
  class space    used 2841K, capacity 2992K, committed 3072K, reserved 1048576K
}

Deoptimization events (10 events):
Event: 10.239 Thread 0x000001d68b553800 Uncommon trap: reason=class_check action=maybe_recompile pc=0x000001d68d5752cc method=java.util.Collections$UnmodifiableMap$UnmodifiableEntrySet$1.hasNext()Z @ 4
Event: 10.239 Thread 0x000001d68b553800 Uncommon trap: reason=class_check action=maybe_recompile pc=0x000001d68d5959e8 method=java.util.Collections$UnmodifiableMap$UnmodifiableEntrySet$1.next()Ljava/util/Map$Entry; @ 8
Event: 10.239 Thread 0x000001d68b553800 Uncommon trap: reason=class_check action=maybe_recompile pc=0x000001d68d595f80 method=java.util.Collections$UnmodifiableMap$UnmodifiableEntrySet$UnmodifiableEntry.getKey()Ljava/lang/Object; @ 4
Event: 10.239 Thread 0x000001d68b553800 Uncommon trap: reason=class_check action=maybe_recompile pc=0x000001d68d597bc0 method=java.util.Collections$UnmodifiableMap$UnmodifiableEntrySet$UnmodifiableEntry.getValue()Ljava/lang/Object; @ 4
Event: 10.239 Thread 0x000001d68b553800 Uncommon trap: reason=class_check action=maybe_recompile pc=0x000001d68d5752cc method=java.util.Collections$UnmodifiableMap$UnmodifiableEntrySet$1.hasNext()Z @ 4
Event: 10.239 Thread 0x000001d68b553800 Uncommon trap: reason=class_check action=maybe_recompile pc=0x000001d68d5959e8 method=java.util.Collections$UnmodifiableMap$UnmodifiableEntrySet$1.next()Ljava/util/Map$Entry; @ 8
Event: 10.239 Thread 0x000001d68b553800 Uncommon trap: reason=class_check action=maybe_recompile pc=0x000001d68d595f80 method=java.util.Collections$UnmodifiableMap$UnmodifiableEntrySet$UnmodifiableEntry.getKey()Ljava/lang/Object; @ 4
Event: 10.239 Thread 0x000001d68b553800 Uncommon trap: reason=class_check action=maybe_recompile pc=0x000001d68d597bc0 method=java.util.Collections$UnmodifiableMap$UnmodifiableEntrySet$UnmodifiableEntry.getValue()Ljava/lang/Object; @ 4
Event: 10.290 Thread 0x000001d6a2d28800 Uncommon trap: reason=bimorphic action=maybe_recompile pc=0x000001d68d63f510 method=java.util.regex.Matcher.getTextLength()I @ 4
Event: 10.290 Thread 0x000001d6a2d28800 Uncommon trap: reason=bimorphic action=maybe_recompile pc=0x000001d68d63f510 method=java.util.regex.Matcher.getTextLength()I @ 4

Classes redefined (0 events):
No events

Internal exceptions (10 events):
Event: 8.955 Thread 0x000001d68b553800 Exception <a 'java/lang/NoClassDefFoundError': org/sonatype/aether/resolution/ArtifactDescriptorException> (0x00000000f18c4980) thrown at [C:\jenkins\workspace\8-2-build-windows-amd64-cygwin\jdk8u281\880\hotspot\src\share\vm\classfile\systemDictionary.cpp
Event: 8.970 Thread 0x000001d68b553800 Exception <a 'java/lang/NoClassDefFoundError': org/sonatype/aether/metadata/Metadata> (0x00000000f1949840) thrown at [C:\jenkins\workspace\8-2-build-windows-amd64-cygwin\jdk8u281\880\hotspot\src\share\vm\classfile\systemDictionary.cpp, line 201]
Event: 8.974 Thread 0x000001d68b553800 Exception <a 'java/lang/NoClassDefFoundError': org/sonatype/aether/resolution/ArtifactResolutionException> (0x00000000f19845c0) thrown at [C:\jenkins\workspace\8-2-build-windows-amd64-cygwin\jdk8u281\880\hotspot\src\share\vm\classfile\systemDictionary.cpp
Event: 8.976 Thread 0x000001d68b553800 Exception <a 'java/lang/NoClassDefFoundError': org/sonatype/aether/collection/DependencyCollectionException> (0x00000000f19abb68) thrown at [C:\jenkins\workspace\8-2-build-windows-amd64-cygwin\jdk8u281\880\hotspot\src\share\vm\classfile\systemDictionary.c
Event: 8.982 Thread 0x000001d68b553800 Exception <a 'java/lang/NoClassDefFoundError': org/sonatype/aether/deployment/DeploymentException> (0x00000000f1a01370) thrown at [C:\jenkins\workspace\8-2-build-windows-amd64-cygwin\jdk8u281\880\hotspot\src\share\vm\classfile\systemDictionary.cpp, line 2
Event: 8.984 Thread 0x000001d68b553800 Exception <a 'java/lang/NoClassDefFoundError': org/sonatype/aether/installation/InstallationException> (0x00000000f1a0fa98) thrown at [C:\jenkins\workspace\8-2-build-windows-amd64-cygwin\jdk8u281\880\hotspot\src\share\vm\classfile\systemDictionary.cpp, li
Event: 9.031 Thread 0x000001d6a25a1800 Implicit null exception at 0x000001d68d949d4c to 0x000001d68d94a511
Event: 9.107 Thread 0x000001d68b553800 Implicit null exception at 0x000001d68d588e20 to 0x000001d68d588e95
Event: 9.107 Thread 0x000001d68b553800 Implicit null exception at 0x000001d68d589eb0 to 0x000001d68d589f05
Event: 9.516 Thread 0x000001d68b553800 Implicit null exception at 0x000001d68d16a637 to 0x000001d68d16a881

Events (10 events):
Event: 18.193 Thread 0x000001d69f728000 flushing nmethod 0x000001d68d446350
Event: 18.194 Thread 0x000001d69f728000 flushing nmethod 0x000001d68d44c7d0
Event: 18.194 Thread 0x000001d69f728000 flushing nmethod 0x000001d68d45b7d0
Event: 18.194 Thread 0x000001d69f728000 flushing nmethod 0x000001d68d460b10
Event: 18.194 Thread 0x000001d69f728000 flushing nmethod 0x000001d68d468250
Event: 18.194 Thread 0x000001d69f728000 flushing nmethod 0x000001d68d46ce90
Event: 18.194 Thread 0x000001d69f728000 flushing nmethod 0x000001d68d47b490
Event: 18.195 Thread 0x000001d69f728000 flushing nmethod 0x000001d68d4812d0
Event: 18.195 Thread 0x000001d69f728000 flushing nmethod 0x000001d68d485310
Event: 18.195 Thread 0x000001d69f728000 flushing nmethod 0x000001d68d488510


Dynamic libraries:
0x00007ff63bdf0000 - 0x00007ff63be37000 	C:\Program Files\Java\jdk1.8.0_281\bin\java.exe
0x00007ffd45750000 - 0x00007ffd45945000 	C:\WINDOWS\SYSTEM32\ntdll.dll
0x00007ffd44fb0000 - 0x00007ffd4506d000 	C:\WINDOWS\System32\KERNEL32.DLL
0x00007ffd43460000 - 0x00007ffd43729000 	C:\WINDOWS\System32\KERNELBASE.dll
0x00007ffd451a0000 - 0x00007ffd4524c000 	C:\WINDOWS\System32\ADVAPI32.dll
0x00007ffd442d0000 - 0x00007ffd4436e000 	C:\WINDOWS\System32\msvcrt.dll
0x00007ffd443d0000 - 0x00007ffd4446c000 	C:\WINDOWS\System32\sechost.dll
0x00007ffd43f00000 - 0x00007ffd4402b000 	C:\WINDOWS\System32\RPCRT4.dll
0x00007ffd45300000 - 0x00007ffd454a0000 	C:\WINDOWS\System32\USER32.dll
0x00007ffd43430000 - 0x00007ffd43452000 	C:\WINDOWS\System32\win32u.dll
0x00007ffd445c0000 - 0x00007ffd445ea000 	C:\WINDOWS\System32\GDI32.dll
0x00007ffd43320000 - 0x00007ffd4342b000 	C:\WINDOWS\System32\gdi32full.dll
0x00007ffd42e90000 - 0x00007ffd42f2d000 	C:\WINDOWS\System32\msvcp_win.dll
0x00007ffd43220000 - 0x00007ffd43320000 	C:\WINDOWS\System32\ucrtbase.dll
0x00007ffd24a90000 - 0x00007ffd24d2a000 	C:\WINDOWS\WinSxS\amd64_microsoft.windows.common-controls_6595b64144ccf1df_6.0.19041.844_none_ca00b6081b84eb1d\COMCTL32.dll
0x00007ffd447b0000 - 0x00007ffd447e0000 	C:\WINDOWS\System32\IMM32.DLL
0x00007ffd2e070000 - 0x00007ffd2e085000 	C:\Program Files\Java\jdk1.8.0_281\jre\bin\vcruntime140.dll
0x00007ffd0d160000 - 0x00007ffd0d1fb000 	C:\Program Files\Java\jdk1.8.0_281\jre\bin\msvcp140.dll
0x000000006cac0000 - 0x000000006d31f000 	C:\Program Files\Java\jdk1.8.0_281\jre\bin\server\jvm.dll
0x00007ffd445f0000 - 0x00007ffd445f8000 	C:\WINDOWS\System32\PSAPI.DLL
0x00007ffd3ac50000 - 0x00007ffd3ac5a000 	C:\WINDOWS\SYSTEM32\VERSION.dll
0x00007ffd2b6e0000 - 0x00007ffd2b707000 	C:\WINDOWS\SYSTEM32\WINMM.dll
0x00007ffd3e670000 - 0x00007ffd3e679000 	C:\WINDOWS\SYSTEM32\WSOCK32.dll
0x00007ffd45680000 - 0x00007ffd456eb000 	C:\WINDOWS\System32\WS2_32.dll
0x00007ffd40fd0000 - 0x00007ffd40fe2000 	C:\WINDOWS\SYSTEM32\kernel.appcore.dll
0x00007ffd3ee30000 - 0x00007ffd3ee40000 	C:\Program Files\Java\jdk1.8.0_281\jre\bin\verify.dll
0x00007ffd25bd0000 - 0x00007ffd25bfb000 	C:\Program Files\Java\jdk1.8.0_281\jre\bin\java.dll
0x00007ffd23320000 - 0x00007ffd23338000 	C:\Program Files\Java\jdk1.8.0_281\jre\bin\zip.dll
0x00007ffd437b0000 - 0x00007ffd43ef2000 	C:\WINDOWS\System32\SHELL32.dll
0x00007ffd40ff0000 - 0x00007ffd41780000 	C:\WINDOWS\SYSTEM32\windows.storage.dll
0x00007ffd44c50000 - 0x00007ffd44fa5000 	C:\WINDOWS\System32\combase.dll
0x00007ffd42900000 - 0x00007ffd4292c000 	C:\WINDOWS\SYSTEM32\Wldp.dll
0x00007ffd45570000 - 0x00007ffd4561e000 	C:\WINDOWS\System32\SHCORE.dll
0x00007ffd44560000 - 0x00007ffd445b5000 	C:\WINDOWS\System32\shlwapi.dll
0x00007ffd42dd0000 - 0x00007ffd42def000 	C:\WINDOWS\SYSTEM32\profapi.dll
0x00007ffd3c520000 - 0x00007ffd3c52a000 	C:\Users\91897\Downloads\apache-maven-3.8.1-bin\apache-maven-3.8.1\lib\jansi-native\windows64\jansi.dll
0x00007ffd3c430000 - 0x00007ffd3c43d000 	C:\Program Files\Java\jdk1.8.0_281\jre\bin\management.dll
0x00007ffd229f0000 - 0x00007ffd22a0c000 	C:\Program Files\Java\jdk1.8.0_281\jre\bin\net.dll
0x00007ffd42680000 - 0x00007ffd426ea000 	C:\WINDOWS\system32\mswsock.dll
0x00007ffd1a780000 - 0x00007ffd1a797000 	C:\WINDOWS\system32\napinsp.dll
0x00007ffd1a760000 - 0x00007ffd1a77b000 	C:\WINDOWS\system32\pnrpnsp.dll
0x00007ffd35110000 - 0x00007ffd35125000 	C:\WINDOWS\system32\wshbth.dll
0x00007ffd3c410000 - 0x00007ffd3c42d000 	C:\WINDOWS\system32\NLAapi.dll
0x00007ffd42320000 - 0x00007ffd4235b000 	C:\WINDOWS\SYSTEM32\IPHLPAPI.DLL
0x00007ffd42370000 - 0x00007ffd4243b000 	C:\WINDOWS\SYSTEM32\DNSAPI.dll
0x00007ffd44030000 - 0x00007ffd44038000 	C:\WINDOWS\System32\NSI.dll
0x00007ffd1a2b0000 - 0x00007ffd1a2c2000 	C:\WINDOWS\System32\winrnr.dll
0x00007ffd3ac00000 - 0x00007ffd3ac0a000 	C:\Windows\System32\rasadhlp.dll
0x00007ffd302d0000 - 0x00007ffd3034f000 	C:\WINDOWS\System32\fwpuclnt.dll
0x00007ffd43780000 - 0x00007ffd437a7000 	C:\WINDOWS\System32\bcrypt.dll
0x00007ffd42850000 - 0x00007ffd42868000 	C:\WINDOWS\SYSTEM32\CRYPTSP.dll
0x00007ffd41fb0000 - 0x00007ffd41fe4000 	C:\WINDOWS\system32\rsaenh.dll
0x00007ffd42d50000 - 0x00007ffd42d7e000 	C:\WINDOWS\SYSTEM32\USERENV.dll
0x00007ffd43090000 - 0x00007ffd43110000 	C:\WINDOWS\System32\bcryptprimitives.dll
0x00007ffd42870000 - 0x00007ffd4287c000 	C:\WINDOWS\SYSTEM32\CRYPTBASE.dll
0x00007ffd3b6d0000 - 0x00007ffd3b6e7000 	C:\WINDOWS\SYSTEM32\dhcpcsvc6.DLL
0x00007ffd3b320000 - 0x00007ffd3b33d000 	C:\WINDOWS\SYSTEM32\dhcpcsvc.DLL
0x00007ffd229d0000 - 0x00007ffd229e3000 	C:\Program Files\Java\jdk1.8.0_281\jre\bin\nio.dll
0x00007ffd40cf0000 - 0x00007ffd40ed4000 	C:\WINDOWS\SYSTEM32\dbghelp.dll

VM Arguments:
jvm_args: -Dclassworlds.conf=C:\Users\91897\Downloads\apache-maven-3.8.1-bin\apache-maven-3.8.1\bin\..\bin\m2.conf -Dmaven.home=C:\Users\91897\Downloads\apache-maven-3.8.1-bin\apache-maven-3.8.1\bin\.. -Dlibrary.jansi.path=C:\Users\91897\Downloads\apache-maven-3.8.1-bin\apache-maven-3.8.1\bin\..\lib\jansi-native -Dmaven.multiModuleProjectDirectory=C:\Users\91897\eclipse-workspace\Demo_Orange_Application 
java_command: org.codehaus.plexus.classworlds.launcher.Launcher clean install
java_class_path (initial): C:\Users\91897\Downloads\apache-maven-3.8.1-bin\apache-maven-3.8.1\bin\..\boot\plexus-classworlds-2.6.0.jar
Launcher Type: SUN_STANDARD

Environment Variables:
JAVA_HOME=C:\Program Files\Java\jdk1.8.0_281
CLASSPATH=C:\Program Files\Java\jdk1.8.0_281\lib
PATH=C:\Program Files (x86)\Common Files\Oracle\Java\javapath;C:\WINDOWS\system32;C:\WINDOWS;C:\WINDOWS\System32\Wbem;C:\WINDOWS\System32\WindowsPowerShell\v1.0\;C:\WINDOWS\System32\OpenSSH\;C:\Program Files\Java\jdk-12.0.2\bin;C:\Program Files\Git\cmd;C:\Users\91897\Downloads\apache-maven-3.8.1-bin\apache-maven-3.8.1\bin;C:\Program Files\Java\jdk1.8.0_281\bin
USERNAME=91897
OS=Windows_NT
PROCESSOR_IDENTIFIER=Intel64 Family 6 Model 142 Stepping 9, GenuineIntel



---------------  S Y S T E M  ---------------

OS: Windows 10.0 , 64 bit Build 19041 (10.0.19041.804)

CPU:total 4 (initial active 4) (2 cores per cpu, 2 threads per core) family 6 model 142 stepping 9, cmov, cx8, fxsr, mmx, sse, sse2, sse3, ssse3, sse4.1, sse4.2, popcnt, avx, avx2, aes, clmul, erms, 3dnowpref, lzcnt, ht, tsc, tscinvbit, bmi1, bmi2, adx

Memory: 4k page, physical 4103268k(466396k free), swap 5532772k(276424k free)

vm_info: Java HotSpot(TM) 64-Bit Server VM (25.281-b09) for windows-amd64 JRE (1.8.0_281-b09), built on Dec  9 2020 13:54:07 by "" with MS VC++ 15.9 (VS2017)

time: Wed Apr  7 23:32:48 2021
timezone: India Standard Time
elapsed time: 19.554968 seconds (0d 0h 0m 19s)

