#
# There is insufficient memory for the Java Runtime Environment to continue.
# Native memory allocation (mmap) failed to map 17825792 bytes for Failed to commit area from 0x00000000c6b00000 to 0x00000000c7c00000 of length 17825792.
# Possible reasons:
#   The system is out of physical RAM or swap space
#   The process is running with CompressedOops enabled, and the Java Heap may be blocking the growth of the native heap
# Possible solutions:
#   Reduce memory load on the system
#   Increase physical memory or swap space
#   Check if swap backing store is full
#   Decrease Java heap size (-Xmx/-Xms)
#   Decrease number of Java threads
#   Decrease Java thread stack sizes (-Xss)
#   Set larger code cache with -XX:ReservedCodeCacheSize=
#   JVM is running with Unscaled Compressed Oops mode in which the Java heap is
#     placed in the first 4GB address space. The Java Heap base address is the
#     maximum limit for the native heap growth. Please use -XX:HeapBaseMinAddress
#     to set the Java Heap base and to place the Java Heap above 4GB virtual address.
# This output file may be truncated or incomplete.
#
#  Out of Memory Error (t:/workspace/open/src/hotspot/os/windows/os_windows.cpp:3264), pid=12532, tid=14436
#
# JRE version: Java(TM) SE Runtime Environment (12.0.2+10) (build 12.0.2+10)
# Java VM: Java HotSpot(TM) 64-Bit Server VM (12.0.2+10, mixed mode, sharing, tiered, compressed oops, g1 gc, windows-amd64)
# No core dump will be written. Minidumps are not enabled by default on client versions of Windows
#

---------------  S U M M A R Y ------------

Command Line: -ea -Dfile.encoding=Cp1252 org.testng.remote.RemoteTestNG -serport 50230 -protocol json -d C:\Users\91897\eclipse-workspace\Demo_Orange_Application\test-output C:\Users\91897\eclipse-workspace\Demo_Orange_Application\test-output\Testng3.xml

Host: Intel(R) Core(TM) i3-7100U CPU @ 2.40GHz, 4 cores, 3G,  Windows 10 , 64 bit Build 19041 (10.0.19041.928)
Time: Fri Jun 25 19:37:42 2021 India Standard Time elapsed time: 81 seconds (0d 0h 1m 21s)

---------------  T H R E A D  ---------------

Current thread (0x00000215ff502000):  JavaThread "AsyncHttpClient-1-4" daemon [_thread_in_vm, id=14436, stack(0x0000008209400000,0x0000008209500000)]

Stack: [0x0000008209400000,0x0000008209500000]
Native frames: (J=compiled Java code, j=interpreted, Vv=VM code, C=native code)
V  [jvm.dll+0x63aa2a]
V  [jvm.dll+0x78ce1e]
V  [jvm.dll+0x78e4c1]
V  [jvm.dll+0x78eb13]
V  [jvm.dll+0x2627e8]
V  [jvm.dll+0x637f5a]
V  [jvm.dll+0x62c845]
V  [jvm.dll+0x31e49c]
V  [jvm.dll+0x31e2cf]
V  [jvm.dll+0x324006]
V  [jvm.dll+0x371f56]
V  [jvm.dll+0x371720]
V  [jvm.dll+0x2f8c5c]
V  [jvm.dll+0x2f451f]
V  [jvm.dll+0x5d0ce2]
V  [jvm.dll+0x5d077b]
V  [jvm.dll+0x20a03d]
V  [jvm.dll+0x765b97]
V  [jvm.dll+0x396d3f]
C  0x000002158001f9cd

Java frames: (J=compiled Java code, j=interpreted, Vv=VM code)
j  io.netty.util.internal.PlatformDependent.allocateUninitializedArray(I)[B+14
j  io.netty.buffer.PoolArena$HeapArena.newByteArray(I)[B+1
j  io.netty.buffer.PoolArena$HeapArena.newChunk(IIII)Lio/netty/buffer/PoolChunk;+7
j  io.netty.buffer.PoolArena.allocateNormal(Lio/netty/buffer/PooledByteBuf;IILio/netty/buffer/PoolThreadCache;)V+93
j  io.netty.buffer.PoolArena.tcacheAllocateSmall(Lio/netty/buffer/PoolThreadCache;Lio/netty/buffer/PooledByteBuf;II)V+162
j  io.netty.buffer.PoolArena.allocate(Lio/netty/buffer/PoolThreadCache;Lio/netty/buffer/PooledByteBuf;I)V+22
j  io.netty.buffer.PoolArena.allocate(Lio/netty/buffer/PoolThreadCache;II)Lio/netty/buffer/PooledByteBuf;+12
j  io.netty.buffer.PooledByteBufAllocator.newHeapBuffer(II)Lio/netty/buffer/ByteBuf;+27
j  io.netty.buffer.AbstractByteBufAllocator.heapBuffer(II)Lio/netty/buffer/ByteBuf;+21
j  io.netty.buffer.AbstractByteBufAllocator.heapBuffer(I)Lio/netty/buffer/ByteBuf;+4
j  io.netty.buffer.UnsafeByteBufUtil.setBytes(Lio/netty/buffer/AbstractByteBuf;JILjava/io/InputStream;I)I+13
j  io.netty.buffer.PooledUnsafeDirectByteBuf.setBytes(ILjava/io/InputStream;I)I+9
j  io.netty.buffer.AbstractByteBuf.writeBytes(Ljava/io/InputStream;I)I+13
j  io.netty.handler.stream.ChunkedStream.readChunk(Lio/netty/buffer/ByteBufAllocator;)Lio/netty/buffer/ByteBuf;+68
j  io.netty.handler.stream.ChunkedStream.readChunk(Lio/netty/buffer/ByteBufAllocator;)Ljava/lang/Object;+2
j  io.netty.handler.stream.ChunkedWriteHandler.doFlush(Lio/netty/channel/ChannelHandlerContext;)V+132
j  io.netty.handler.stream.ChunkedWriteHandler.flush(Lio/netty/channel/ChannelHandlerContext;)V+2
j  io.netty.channel.AbstractChannelHandlerContext.invokeFlush0()V+8
j  io.netty.channel.AbstractChannelHandlerContext.invokeWriteAndFlush(Ljava/lang/Object;Lio/netty/channel/ChannelPromise;)V+14
j  io.netty.channel.AbstractChannelHandlerContext.write(Ljava/lang/Object;ZLio/netty/channel/ChannelPromise;)V+90
j  io.netty.channel.AbstractChannelHandlerContext.writeAndFlush(Ljava/lang/Object;Lio/netty/channel/ChannelPromise;)Lio/netty/channel/ChannelFuture;+4
j  io.netty.channel.DefaultChannelPipeline.writeAndFlush(Ljava/lang/Object;Lio/netty/channel/ChannelPromise;)Lio/netty/channel/ChannelFuture;+6
j  io.netty.channel.AbstractChannel.writeAndFlush(Ljava/lang/Object;Lio/netty/channel/ChannelPromise;)Lio/netty/channel/ChannelFuture;+6
j  org.asynchttpclient.netty.request.body.NettyInputStreamBody.write(Lio/netty/channel/Channel;Lorg/asynchttpclient/netty/NettyResponseFuture;)V+93
j  org.asynchttpclient.netty.request.NettyRequestSender.writeRequest(Lorg/asynchttpclient/netty/NettyResponseFuture;Lio/netty/channel/Channel;)V+209
j  org.asynchttpclient.netty.channel.NettyConnectListener.writeRequest(Lio/netty/channel/Channel;)V+101
j  org.asynchttpclient.netty.channel.NettyConnectListener.onSuccess(Lio/netty/channel/Channel;Ljava/net/InetSocketAddress;)V+232
j  org.asynchttpclient.netty.channel.NettyChannelConnector$1.onSuccess(Lio/netty/channel/Channel;)V+51
j  org.asynchttpclient.netty.SimpleChannelFutureListener.operationComplete(Lio/netty/channel/ChannelFuture;)V+18
j  org.asynchttpclient.netty.SimpleChannelFutureListener.operationComplete(Lio/netty/util/concurrent/Future;)V+5
j  io.netty.util.concurrent.DefaultPromise.notifyListener0(Lio/netty/util/concurrent/Future;Lio/netty/util/concurrent/GenericFutureListener;)V+2
j  io.netty.util.concurrent.DefaultPromise.notifyListeners0(Lio/netty/util/concurrent/DefaultFutureListeners;)V+24
j  io.netty.util.concurrent.DefaultPromise.notifyListenersNow()V+58
j  io.netty.util.concurrent.DefaultPromise.notifyListeners()V+38
j  io.netty.util.concurrent.DefaultPromise.setValue0(Ljava/lang/Object;)Z+34
j  io.netty.util.concurrent.DefaultPromise.setSuccess0(Ljava/lang/Object;)Z+12
j  io.netty.util.concurrent.DefaultPromise.trySuccess(Ljava/lang/Object;)Z+2
j  io.netty.channel.DefaultChannelPromise.trySuccess()Z+2
j  io.netty.channel.nio.AbstractNioChannel$AbstractNioUnsafe.fulfillConnectPromise(Lio/netty/channel/ChannelPromise;Z)V+14
j  io.netty.channel.nio.AbstractNioChannel$AbstractNioUnsafe.finishConnect()V+51
j  io.netty.channel.nio.NioEventLoop.processSelectedKey(Ljava/nio/channels/SelectionKey;Lio/netty/channel/nio/AbstractNioChannel;)V+78
j  io.netty.channel.nio.NioEventLoop.processSelectedKeysOptimized()V+51
j  io.netty.channel.nio.NioEventLoop.processSelectedKeys()V+8
j  io.netty.channel.nio.NioEventLoop.run()V+199
j  io.netty.util.concurrent.SingleThreadEventExecutor$4.run()V+44
j  io.netty.util.internal.ThreadExecutorMap$2.run()V+11
j  io.netty.util.concurrent.FastThreadLocalRunnable.run()V+4
j  java.lang.Thread.run()V+11 java.base@12.0.2
v  ~StubRoutines::call_stub

---------------  P R O C E S S  ---------------

Threads class SMR info:
_java_thread_list=0x00000215ff2d69a0, length=29, elements={
0x00000215f0366800, 0x00000215f043e000, 0x00000215fd14f800, 0x00000215fd168800,
0x00000215fd16d000, 0x00000215fd170000, 0x00000215fd177800, 0x00000215fd179800,
0x00000215fdbb5000, 0x00000215fdbbe800, 0x00000215feab7800, 0x00000215fe63b000,
0x00000215fecc0000, 0x00000215fefdd800, 0x00000215ff0e5800, 0x00000215fee85800,
0x00000215ff277800, 0x00000215feec1800, 0x00000215fdb49000, 0x00000215fdb4b000,
0x00000215fdb47000, 0x00000215fdb4c800, 0x00000215fdb47800, 0x00000215fdb48800,
0x00000215fdb4a000, 0x00000215fdb4b800, 0x00000215fdb4d800, 0x00000215ff500000,
0x00000215ff502000
}

Java Threads: ( => current thread )
  0x00000215f0366800 JavaThread "Forwarding newSession on session null to remote" [_thread_blocked, id=17160, stack(0x0000008206e00000,0x0000008206f00000)]
  0x00000215f043e000 JavaThread "Reference Handler" daemon [_thread_blocked, id=5212, stack(0x0000008207500000,0x0000008207600000)]
  0x00000215fd14f800 JavaThread "Finalizer" daemon [_thread_blocked, id=15012, stack(0x0000008207600000,0x0000008207700000)]
  0x00000215fd168800 JavaThread "Signal Dispatcher" daemon [_thread_blocked, id=4392, stack(0x0000008207700000,0x0000008207800000)]
  0x00000215fd16d000 JavaThread "Attach Listener" daemon [_thread_blocked, id=16484, stack(0x0000008207800000,0x0000008207900000)]
  0x00000215fd170000 JavaThread "C2 CompilerThread0" daemon [_thread_blocked, id=7924, stack(0x0000008207900000,0x0000008207a00000)]
  0x00000215fd177800 JavaThread "C1 CompilerThread0" daemon [_thread_blocked, id=16548, stack(0x0000008207a00000,0x0000008207b00000)]
  0x00000215fd179800 JavaThread "Sweeper thread" daemon [_thread_blocked, id=17364, stack(0x0000008207b00000,0x0000008207c00000)]
  0x00000215fdbb5000 JavaThread "Service Thread" daemon [_thread_blocked, id=8480, stack(0x0000008207c00000,0x0000008207d00000)]
  0x00000215fdbbe800 JavaThread "Common-Cleaner" daemon [_thread_blocked, id=6528, stack(0x0000008207e00000,0x0000008207f00000)]
  0x00000215feab7800 JavaThread "ReaderThread" [_thread_in_native, id=14352, stack(0x0000008208100000,0x0000008208200000)]
  0x00000215fe63b000 JavaThread "ForkJoinPool.commonPool-worker-3" daemon [_thread_blocked, id=15468, stack(0x0000008208400000,0x0000008208500000)]
  0x00000215fecc0000 JavaThread "AsyncHttpClient-1-1" daemon [_thread_blocked, id=9604, stack(0x0000008208500000,0x0000008208600000)]
  0x00000215fefdd800 JavaThread "Exec Default Executor" daemon [_thread_in_native, id=2160, stack(0x0000008208600000,0x0000008208700000)]
  0x00000215ff0e5800 JavaThread "ForkJoinPool.commonPool-worker-5" daemon [_thread_blocked, id=10136, stack(0x0000008208700000,0x0000008208800000)]
  0x00000215fee85800 JavaThread "Exec Stream Pumper" daemon [_thread_in_native, id=7480, stack(0x0000008208900000,0x0000008208a00000)]
  0x00000215ff277800 JavaThread "Exec Stream Pumper" daemon [_thread_in_native, id=1112, stack(0x0000008208a00000,0x0000008208b00000)]
  0x00000215feec1800 JavaThread "AsyncHttpClient-1-2" daemon [_thread_in_native, id=6252, stack(0x0000008208c00000,0x0000008208d00000)]
  0x00000215fdb49000 JavaThread "Exec Default Executor" daemon [_thread_in_native, id=7052, stack(0x0000008208d00000,0x0000008208e00000)]
  0x00000215fdb4b000 JavaThread "ForkJoinPool.commonPool-worker-7" daemon [_thread_blocked, id=5432, stack(0x0000008208e00000,0x0000008208f00000)]
  0x00000215fdb47000 JavaThread "Exec Stream Pumper" daemon [_thread_in_native, id=1420, stack(0x0000008208f00000,0x0000008209000000)]
  0x00000215fdb4c800 JavaThread "Exec Stream Pumper" daemon [_thread_in_native, id=848, stack(0x0000008209000000,0x0000008209100000)]
  0x00000215fdb47800 JavaThread "AsyncHttpClient-1-3" daemon [_thread_in_native, id=3136, stack(0x0000008209200000,0x0000008209300000)]
  0x00000215fdb48800 JavaThread "Exec Default Executor" daemon [_thread_in_native, id=14256, stack(0x0000008206c00000,0x0000008206d00000)]
  0x00000215fdb4a000 JavaThread "UrlChecker-3" daemon [_thread_blocked, id=6524, stack(0x0000008206d00000,0x0000008206e00000)]
  0x00000215fdb4b800 JavaThread "Exec Stream Pumper" daemon [_thread_in_native, id=10284, stack(0x0000008208800000,0x0000008208900000)]
  0x00000215fdb4d800 JavaThread "Exec Stream Pumper" daemon [_thread_in_native, id=8556, stack(0x0000008209300000,0x0000008209400000)]
  0x00000215ff500000 JavaThread "Keep-Alive-Timer" daemon [_thread_blocked, id=7476, stack(0x0000008206b00000,0x0000008206c00000)]
=>0x00000215ff502000 JavaThread "AsyncHttpClient-1-4" daemon [_thread_in_vm, id=14436, stack(0x0000008209400000,0x0000008209500000)]

Other Threads:
  0x00000215f043a000 VMThread "VM Thread" [stack: 0x0000008207400000,0x0000008207500000] [id=14796]
  0x00000215fdbb7000 WatcherThread [stack: 0x0000008207d00000,0x0000008207e00000] [id=824]
  0x00000215f0393800 GCTaskThread "GC Thread#0" [stack: 0x0000008206f00000,0x0000008207000000] [id=4564]
  0x00000215fe212800 GCTaskThread "GC Thread#1" [stack: 0x0000008207f00000,0x0000008208000000] [id=12108]
  0x00000215fed08800 GCTaskThread "GC Thread#2" [stack: 0x0000008208200000,0x0000008208300000] [id=17368]
  0x00000215feb1d800 GCTaskThread "GC Thread#3" [stack: 0x0000008208300000,0x0000008208400000] [id=8036]
  0x00000215f039c800 ConcurrentGCThread "G1 Main Marker" [stack: 0x0000008207000000,0x0000008207100000] [id=17308]
  0x00000215f039f000 ConcurrentGCThread "G1 Conc#0" [stack: 0x0000008207100000,0x0000008207200000] [id=15816]
  0x00000215f03f7800 ConcurrentGCThread "G1 Refine#0" [stack: 0x0000008207200000,0x0000008207300000] [id=10196]
  0x00000215f03f9800 ConcurrentGCThread "G1 Young RemSet Sampling" [stack: 0x0000008207300000,0x0000008207400000] [id=5160]

Threads with active compile tasks:
C1 CompilerThread0  3072       3       io.netty.util.internal.PlatformDependent::putByte (6 bytes)

VM state:synchronizing (normal execution)

VM Mutex/Monitor currently owned by a thread:  ([mutex/lock_event])
[0x00000215f0362ab0] Threads_lock - owner thread: 0x00000215f043a000
[0x00000215f03622d0] Heap_lock - owner thread: 0x00000215ff502000

Heap address: 0x00000000c1600000, size: 1002 MB, Compressed Oops mode: 32-bit
Narrow klass base: 0x0000000800000000, Narrow klass shift: 3
Compressed class space size: 1073741824 Address: 0x0000000801190000

Heap:
 garbage-first heap   total 104448K, used 50319K [0x00000000c1600000, 0x0000000100000000)
  region size 1024K, 2 young (2048K), 2 survivors (2048K)
 Metaspace       used 29171K, capacity 29842K, committed 30076K, reserved 1075200K
  class space    used 3619K, capacity 3906K, committed 3964K, reserved 1048576K
Heap Regions: E=young(eden), S=young(survivor), O=old, HS=humongous(starts), HC=humongous(continues), CS=collection set, F=free, A=archive, TAMS=top-at-mark-start (previous, next)
|   0|0x00000000c1600000, 0x00000000c1700000, 0x00000000c1700000|100%|HS|  |TAMS 0x00000000c1700000, 0x00000000c1700000| Complete 
|   1|0x00000000c1700000, 0x00000000c1800000, 0x00000000c1800000|100%| O|  |TAMS 0x00000000c1800000, 0x00000000c1800000| Untracked 
|   2|0x00000000c1800000, 0x00000000c1900000, 0x00000000c1900000|100%| O|  |TAMS 0x00000000c1900000, 0x00000000c1900000| Untracked 
|   3|0x00000000c1900000, 0x00000000c1a00000, 0x00000000c1a00000|100%| O|  |TAMS 0x00000000c1a00000, 0x00000000c1a00000| Untracked 
|   4|0x00000000c1a00000, 0x00000000c1b00000, 0x00000000c1b00000|100%| O|  |TAMS 0x00000000c1b00000, 0x00000000c1b00000| Untracked 
|   5|0x00000000c1b00000, 0x00000000c1c00000, 0x00000000c1c00000|100%| O|  |TAMS 0x00000000c1c00000, 0x00000000c1c00000| Untracked 
|   6|0x00000000c1c00000, 0x00000000c1d00000, 0x00000000c1d00000|100%| O|  |TAMS 0x00000000c1d00000, 0x00000000c1d00000| Untracked 
|   7|0x00000000c1d00000, 0x00000000c1e00000, 0x00000000c1e00000|100%| O|  |TAMS 0x00000000c1e00000, 0x00000000c1e00000| Untracked 
|   8|0x00000000c1e00000, 0x00000000c1f00000, 0x00000000c1f00000|100%| O|  |TAMS 0x00000000c1f00000, 0x00000000c1f00000| Untracked 
|   9|0x00000000c1f00000, 0x00000000c1fac600, 0x00000000c2000000| 67%| O|  |TAMS 0x00000000c1fac600, 0x00000000c1fac600| Untracked 
|  10|0x00000000c2000000, 0x00000000c2100000, 0x00000000c2100000|100%|HS|  |TAMS 0x00000000c2100000, 0x00000000c2100000| Complete 
|  11|0x00000000c2100000, 0x00000000c2200000, 0x00000000c2200000|100%|HC|  |TAMS 0x00000000c2200000, 0x00000000c2200000| Complete 
|  12|0x00000000c2200000, 0x00000000c2300000, 0x00000000c2300000|100%|HC|  |TAMS 0x00000000c2300000, 0x00000000c2300000| Complete 
|  13|0x00000000c2300000, 0x00000000c2400000, 0x00000000c2400000|100%|HC|  |TAMS 0x00000000c2400000, 0x00000000c2400000| Complete 
|  14|0x00000000c2400000, 0x00000000c2500000, 0x00000000c2500000|100%|HC|  |TAMS 0x00000000c2500000, 0x00000000c2500000| Complete 
|  15|0x00000000c2500000, 0x00000000c2600000, 0x00000000c2600000|100%|HC|  |TAMS 0x00000000c2600000, 0x00000000c2600000| Complete 
|  16|0x00000000c2600000, 0x00000000c2700000, 0x00000000c2700000|100%|HC|  |TAMS 0x00000000c2700000, 0x00000000c2700000| Complete 
|  17|0x00000000c2700000, 0x00000000c2800000, 0x00000000c2800000|100%|HC|  |TAMS 0x00000000c2800000, 0x00000000c2800000| Complete 
|  18|0x00000000c2800000, 0x00000000c2900000, 0x00000000c2900000|100%|HC|  |TAMS 0x00000000c2900000, 0x00000000c2900000| Complete 
|  19|0x00000000c2900000, 0x00000000c2a00000, 0x00000000c2a00000|100%|HC|  |TAMS 0x00000000c2a00000, 0x00000000c2a00000| Complete 
|  20|0x00000000c2a00000, 0x00000000c2b00000, 0x00000000c2b00000|100%|HC|  |TAMS 0x00000000c2b00000, 0x00000000c2b00000| Complete 
|  21|0x00000000c2b00000, 0x00000000c2c00000, 0x00000000c2c00000|100%|HC|  |TAMS 0x00000000c2c00000, 0x00000000c2c00000| Complete 
|  22|0x00000000c2c00000, 0x00000000c2d00000, 0x00000000c2d00000|100%|HC|  |TAMS 0x00000000c2d00000, 0x00000000c2d00000| Complete 
|  23|0x00000000c2d00000, 0x00000000c2e00000, 0x00000000c2e00000|100%|HC|  |TAMS 0x00000000c2e00000, 0x00000000c2e00000| Complete 
|  24|0x00000000c2e00000, 0x00000000c2f00000, 0x00000000c2f00000|100%|HC|  |TAMS 0x00000000c2f00000, 0x00000000c2f00000| Complete 
|  25|0x00000000c2f00000, 0x00000000c3000000, 0x00000000c3000000|100%|HC|  |TAMS 0x00000000c3000000, 0x00000000c3000000| Complete 
|  26|0x00000000c3000000, 0x00000000c3100000, 0x00000000c3100000|100%|HC|  |TAMS 0x00000000c3100000, 0x00000000c3100000| Complete 
|  27|0x00000000c3100000, 0x00000000c3200000, 0x00000000c3200000|100%| O|  |TAMS 0x00000000c31e4800, 0x00000000c3200000| Untracked 
|  28|0x00000000c3200000, 0x00000000c3300000, 0x00000000c3300000|100%| O|  |TAMS 0x00000000c3300000, 0x00000000c3300000| Untracked 
|  29|0x00000000c3300000, 0x00000000c3400000, 0x00000000c3400000|100%| O|  |TAMS 0x00000000c3400000, 0x00000000c3400000| Untracked 
|  30|0x00000000c3400000, 0x00000000c34b9000, 0x00000000c3500000| 72%| O|  |TAMS 0x00000000c3400000, 0x00000000c34b9000| Untracked 
|  31|0x00000000c3500000, 0x00000000c3500000, 0x00000000c3600000|  0%| F|  |TAMS 0x00000000c3500000, 0x00000000c3500000| Untracked 
|  32|0x00000000c3600000, 0x00000000c3600000, 0x00000000c3700000|  0%| F|  |TAMS 0x00000000c3600000, 0x00000000c3600000| Untracked 
|  33|0x00000000c3700000, 0x00000000c3700000, 0x00000000c3800000|  0%| F|  |TAMS 0x00000000c3700000, 0x00000000c3700000| Untracked 
|  34|0x00000000c3800000, 0x00000000c3800000, 0x00000000c3900000|  0%| F|  |TAMS 0x00000000c3800000, 0x00000000c3800000| Untracked 
|  35|0x00000000c3900000, 0x00000000c3900000, 0x00000000c3a00000|  0%| F|  |TAMS 0x00000000c3900000, 0x00000000c3900000| Untracked 
|  36|0x00000000c3a00000, 0x00000000c3a00000, 0x00000000c3b00000|  0%| F|  |TAMS 0x00000000c3a00000, 0x00000000c3a00000| Untracked 
|  37|0x00000000c3b00000, 0x00000000c3b00000, 0x00000000c3c00000|  0%| F|  |TAMS 0x00000000c3b00000, 0x00000000c3b00000| Untracked 
|  38|0x00000000c3c00000, 0x00000000c3c00000, 0x00000000c3d00000|  0%| F|  |TAMS 0x00000000c3c00000, 0x00000000c3c00000| Untracked 
|  39|0x00000000c3d00000, 0x00000000c3d00000, 0x00000000c3e00000|  0%| F|  |TAMS 0x00000000c3d00000, 0x00000000c3d00000| Untracked 
|  40|0x00000000c3e00000, 0x00000000c3e00000, 0x00000000c3f00000|  0%| F|  |TAMS 0x00000000c3e00000, 0x00000000c3e00000| Untracked 
|  41|0x00000000c3f00000, 0x00000000c3f00000, 0x00000000c4000000|  0%| F|  |TAMS 0x00000000c3f00000, 0x00000000c3f00000| Untracked 
|  42|0x00000000c4000000, 0x00000000c4100000, 0x00000000c4100000|100%|HS|  |TAMS 0x00000000c4100000, 0x00000000c4100000| Complete 
|  43|0x00000000c4100000, 0x00000000c4200000, 0x00000000c4200000|100%|HC|  |TAMS 0x00000000c4200000, 0x00000000c4200000| Complete 
|  44|0x00000000c4200000, 0x00000000c4300000, 0x00000000c4300000|100%|HC|  |TAMS 0x00000000c4300000, 0x00000000c4300000| Complete 
|  45|0x00000000c4300000, 0x00000000c4400000, 0x00000000c4400000|100%|HC|  |TAMS 0x00000000c4400000, 0x00000000c4400000| Complete 
|  46|0x00000000c4400000, 0x00000000c4500000, 0x00000000c4500000|100%|HC|  |TAMS 0x00000000c4500000, 0x00000000c4500000| Complete 
|  47|0x00000000c4500000, 0x00000000c4600000, 0x00000000c4600000|100%|HC|  |TAMS 0x00000000c4600000, 0x00000000c4600000| Complete 
|  48|0x00000000c4600000, 0x00000000c4700000, 0x00000000c4700000|100%|HC|  |TAMS 0x00000000c4700000, 0x00000000c4700000| Complete 
|  49|0x00000000c4700000, 0x00000000c4800000, 0x00000000c4800000|100%|HC|  |TAMS 0x00000000c4800000, 0x00000000c4800000| Complete 
|  50|0x00000000c4800000, 0x00000000c4900000, 0x00000000c4900000|100%|HC|  |TAMS 0x00000000c4900000, 0x00000000c4900000| Complete 
|  51|0x00000000c4900000, 0x00000000c4a00000, 0x00000000c4a00000|100%|HC|  |TAMS 0x00000000c4a00000, 0x00000000c4a00000| Complete 
|  52|0x00000000c4a00000, 0x00000000c4b00000, 0x00000000c4b00000|100%|HC|  |TAMS 0x00000000c4b00000, 0x00000000c4b00000| Complete 
|  53|0x00000000c4b00000, 0x00000000c4c00000, 0x00000000c4c00000|100%|HC|  |TAMS 0x00000000c4c00000, 0x00000000c4c00000| Complete 
|  54|0x00000000c4c00000, 0x00000000c4d00000, 0x00000000c4d00000|100%|HC|  |TAMS 0x00000000c4d00000, 0x00000000c4d00000| Complete 
|  55|0x00000000c4d00000, 0x00000000c4e00000, 0x00000000c4e00000|100%|HC|  |TAMS 0x00000000c4e00000, 0x00000000c4e00000| Complete 
|  56|0x00000000c4e00000, 0x00000000c4f00000, 0x00000000c4f00000|100%|HC|  |TAMS 0x00000000c4f00000, 0x00000000c4f00000| Complete 
|  57|0x00000000c4f00000, 0x00000000c5000000, 0x00000000c5000000|100%|HC|  |TAMS 0x00000000c5000000, 0x00000000c5000000| Complete 
|  58|0x00000000c5000000, 0x00000000c5100000, 0x00000000c5100000|100%|HC|  |TAMS 0x00000000c5100000, 0x00000000c5100000| Complete 
|  59|0x00000000c5100000, 0x00000000c5100000, 0x00000000c5200000|  0%| F|  |TAMS 0x00000000c5100000, 0x00000000c5100000| Untracked 
|  60|0x00000000c5200000, 0x00000000c5200000, 0x00000000c5300000|  0%| F|  |TAMS 0x00000000c5200000, 0x00000000c5200000| Untracked 
|  61|0x00000000c5300000, 0x00000000c5300000, 0x00000000c5400000|  0%| F|  |TAMS 0x00000000c5300000, 0x00000000c5300000| Untracked 
|  62|0x00000000c5400000, 0x00000000c5400000, 0x00000000c5500000|  0%| F|  |TAMS 0x00000000c5400000, 0x00000000c5400000| Untracked 
|  63|0x00000000c5500000, 0x00000000c5500000, 0x00000000c5600000|  0%| F|  |TAMS 0x00000000c5500000, 0x00000000c5500000| Untracked 
|  64|0x00000000c5600000, 0x00000000c5600000, 0x00000000c5700000|  0%| F|  |TAMS 0x00000000c5600000, 0x00000000c5600000| Untracked 
|  65|0x00000000c5700000, 0x00000000c5700000, 0x00000000c5800000|  0%| F|  |TAMS 0x00000000c5700000, 0x00000000c5700000| Untracked 
|  66|0x00000000c5800000, 0x00000000c5800000, 0x00000000c5900000|  0%| F|  |TAMS 0x00000000c5800000, 0x00000000c5800000| Untracked 
|  67|0x00000000c5900000, 0x00000000c5900000, 0x00000000c5a00000|  0%| F|  |TAMS 0x00000000c5900000, 0x00000000c5900000| Untracked 
|  68|0x00000000c5a00000, 0x00000000c5a00000, 0x00000000c5b00000|  0%| F|  |TAMS 0x00000000c5a00000, 0x00000000c5a00000| Untracked 
|  69|0x00000000c5b00000, 0x00000000c5b00000, 0x00000000c5c00000|  0%| F|  |TAMS 0x00000000c5b00000, 0x00000000c5b00000| Untracked 
|  70|0x00000000c5c00000, 0x00000000c5c00000, 0x00000000c5d00000|  0%| F|  |TAMS 0x00000000c5c00000, 0x00000000c5c00000| Untracked 
|  71|0x00000000c5d00000, 0x00000000c5dbe690, 0x00000000c5e00000| 74%| S|CS|TAMS 0x00000000c5d00000, 0x00000000c5d00000| Complete 
|  72|0x00000000c5e00000, 0x00000000c5f00000, 0x00000000c5f00000|100%| S|CS|TAMS 0x00000000c5e00000, 0x00000000c5e00000| Complete 
|  73|0x00000000c5f00000, 0x00000000c5f00000, 0x00000000c6000000|  0%| F|  |TAMS 0x00000000c5f00000, 0x00000000c5f00000| Untracked 
|  74|0x00000000c6000000, 0x00000000c6000000, 0x00000000c6100000|  0%| F|  |TAMS 0x00000000c6000000, 0x00000000c6000000| Untracked 
|  75|0x00000000c6100000, 0x00000000c6100000, 0x00000000c6200000|  0%| F|  |TAMS 0x00000000c6100000, 0x00000000c6100000| Untracked 
|  76|0x00000000c6200000, 0x00000000c6200000, 0x00000000c6300000|  0%| F|  |TAMS 0x00000000c6200000, 0x00000000c6200000| Untracked 
|  77|0x00000000c6300000, 0x00000000c6300000, 0x00000000c6400000|  0%| F|  |TAMS 0x00000000c6300000, 0x00000000c6300000| Untracked 
|  78|0x00000000c6400000, 0x00000000c6400000, 0x00000000c6500000|  0%| F|  |TAMS 0x00000000c6400000, 0x00000000c6400000| Untracked 
|  79|0x00000000c6500000, 0x00000000c6500000, 0x00000000c6600000|  0%| F|  |TAMS 0x00000000c6500000, 0x00000000c6500000| Untracked 
|  80|0x00000000c6600000, 0x00000000c6600000, 0x00000000c6700000|  0%| F|  |TAMS 0x00000000c6600000, 0x00000000c6600000| Untracked 
|  81|0x00000000c6700000, 0x00000000c6700000, 0x00000000c6800000|  0%| F|  |TAMS 0x00000000c6700000, 0x00000000c6700000| Untracked 
|  82|0x00000000c6800000, 0x00000000c6800000, 0x00000000c6900000|  0%| F|  |TAMS 0x00000000c6800000, 0x00000000c6800000| Untracked 
|  83|0x00000000c6900000, 0x00000000c6900000, 0x00000000c6a00000|  0%| F|  |TAMS 0x00000000c6900000, 0x00000000c6900000| Untracked 
|  84|0x00000000c6a00000, 0x00000000c6a00000, 0x00000000c6b00000|  0%| F|  |TAMS 0x00000000c6a00000, 0x00000000c6a00000| Untracked 

Card table byte_map: [0x00000215f8970000,0x00000215f8b70000] _byte_map_base: 0x00000215f8365000

Marking Bits (Prev, Next): (CMBitMap*) 0x00000215f0394788, (CMBitMap*) 0x00000215f0394748
 Prev Bits: [0x00000215f9d20000, 0x00000215facc8000)
 Next Bits: [0x00000215f8d70000, 0x00000215f9d18000)

Polling page: 0x00000215ee1f0000

Metaspace:

Usage:
  Non-class:     25.33 MB capacity,    24.95 MB ( 99%) used,   302.25 KB (  1%) free+waste,    81.25 KB ( <1%) overhead. 
      Class:      3.81 MB capacity,     3.53 MB ( 93%) used,   247.33 KB (  6%) free+waste,    39.25 KB (  1%) overhead. 
       Both:     29.14 MB capacity,    28.49 MB ( 98%) used,   549.58 KB (  2%) free+waste,   120.50 KB ( <1%) overhead. 

Virtual space:
  Non-class space:       26.00 MB reserved,      25.50 MB ( 98%) committed 
      Class space:        1.00 GB reserved,       3.87 MB ( <1%) committed 
             Both:        1.03 GB reserved,      29.37 MB (  3%) committed 

Chunk freelists:
   Non-Class:  6.00 KB
       Class:  0 bytes
        Both:  6.00 KB

CodeHeap 'non-profiled nmethods': size=120064Kb used=1356Kb max_used=1356Kb free=118708Kb
 bounds [0x0000021587ac0000, 0x0000021587d30000, 0x000002158f000000]
CodeHeap 'profiled nmethods': size=120000Kb used=6232Kb max_used=6232Kb free=113767Kb
 bounds [0x0000021580590000, 0x0000021580bb0000, 0x0000021587ac0000]
CodeHeap 'non-nmethods': size=5696Kb used=1221Kb max_used=1269Kb free=4474Kb
 bounds [0x0000021580000000, 0x0000021580270000, 0x0000021580590000]
 total_blobs=4363 nmethods=2815 adapters=477
 compilation: enabled
              stopped_count=0, restarted_count=0
 full_count=0

Compilation events (10 events):
Event: 81.432 Thread 0x00000215fd177800 nmethod 3052 0x0000021580ba7090 code [0x0000021580ba7280, 0x0000021580ba7658]
Event: 81.432 Thread 0x00000215fd177800 3068   !   3       org.openqa.selenium.json.JsonOutput::getMethod (68 bytes)
Event: 81.434 Thread 0x00000215fd177800 nmethod 3068 0x0000021580ba7790 code [0x0000021580ba7ac0, 0x0000021580ba8cc0]
Event: 81.434 Thread 0x00000215fd177800 3070       3       io.netty.util.internal.PlatformDependent::hasUnsafe (12 bytes)
Event: 81.434 Thread 0x00000215fd177800 nmethod 3070 0x0000021580ba9490 code [0x0000021580ba9640, 0x0000021580ba9798]
Event: 81.434 Thread 0x00000215fd177800 3065       1       java.util.TreeMap::size (5 bytes)
Event: 81.435 Thread 0x00000215fd177800 nmethod 3065 0x0000021587c12c90 code [0x0000021587c12e40, 0x0000021587c12f78]
Event: 81.440 Thread 0x00000215fd177800 3071       3       io.netty.buffer.UnsafeByteBufUtil::setByte (7 bytes)
Event: 81.440 Thread 0x00000215fd177800 nmethod 3071 0x0000021580ba9810 code [0x0000021580ba99e0, 0x0000021580ba9cb8]
Event: 81.440 Thread 0x00000215fd177800 3072       3       io.netty.util.internal.PlatformDependent::putByte (6 bytes)

GC Heap History (10 events):
Event: 18.913 GC heap before
{Heap before GC invocations=11 (full 0):
 garbage-first heap   total 55296K, used 38563K [0x00000000c1600000, 0x0000000100000000)
  region size 1024K, 11 young (11264K), 2 survivors (2048K)
 Metaspace       used 25514K, capacity 26228K, committed 26492K, reserved 1073152K
  class space    used 3170K, capacity 3413K, committed 3452K, reserved 1048576K
}
Event: 18.918 GC heap after
{Heap after GC invocations=12 (full 0):
 garbage-first heap   total 55296K, used 30895K [0x00000000c1600000, 0x0000000100000000)
  region size 1024K, 1 young (1024K), 1 survivors (1024K)
 Metaspace       used 25514K, capacity 26228K, committed 26492K, reserved 1073152K
  class space    used 3170K, capacity 3413K, committed 3452K, reserved 1048576K
}
Event: 19.773 GC heap before
{Heap before GC invocations=12 (full 0):
 garbage-first heap   total 55296K, used 42159K [0x00000000c1600000, 0x0000000100000000)
  region size 1024K, 12 young (12288K), 1 survivors (1024K)
 Metaspace       used 26545K, capacity 27228K, committed 27516K, reserved 1073152K
  class space    used 3309K, capacity 3597K, committed 3708K, reserved 1048576K
}
Event: 19.776 GC heap after
{Heap after GC invocations=13 (full 0):
 garbage-first heap   total 55296K, used 31226K [0x00000000c1600000, 0x0000000100000000)
  region size 1024K, 1 young (1024K), 1 survivors (1024K)
 Metaspace       used 26545K, capacity 27228K, committed 27516K, reserved 1073152K
  class space    used 3309K, capacity 3597K, committed 3708K, reserved 1048576K
}
Event: 80.346 GC heap before
{Heap before GC invocations=14 (full 0):
 garbage-first heap   total 83968K, used 58874K [0x00000000c1600000, 0x0000000100000000)
  region size 1024K, 11 young (11264K), 1 survivors (1024K)
 Metaspace       used 27473K, capacity 28165K, committed 28284K, reserved 1073152K
  class space    used 3403K, capacity 3673K, committed 3708K, reserved 1048576K
}
Event: 80.350 GC heap after
{Heap after GC invocations=15 (full 0):
 garbage-first heap   total 83968K, used 49152K [0x00000000c1600000, 0x0000000100000000)
  region size 1024K, 2 young (2048K), 2 survivors (2048K)
 Metaspace       used 27473K, capacity 28165K, committed 28284K, reserved 1073152K
  class space    used 3403K, capacity 3673K, committed 3708K, reserved 1048576K
}
Event: 80.582 GC heap before
{Heap before GC invocations=15 (full 0):
 garbage-first heap   total 83968K, used 63488K [0x00000000c1600000, 0x0000000100000000)
  region size 1024K, 16 young (16384K), 2 survivors (2048K)
 Metaspace       used 28526K, capacity 29172K, committed 29564K, reserved 1075200K
  class space    used 3567K, capacity 3835K, committed 3964K, reserved 1048576K
}
Event: 80.585 GC heap after
{Heap after GC invocations=16 (full 0):
 garbage-first heap   total 83968K, used 49556K [0x00000000c1600000, 0x0000000100000000)
  region size 1024K, 1 young (1024K), 1 survivors (1024K)
 Metaspace       used 28526K, capacity 29172K, committed 29564K, reserved 1075200K
  class space    used 3567K, capacity 3835K, committed 3964K, reserved 1048576K
}
Event: 81.441 GC heap before
{Heap before GC invocations=17 (full 0):
 garbage-first heap   total 87040K, used 59796K [0x00000000c1600000, 0x0000000100000000)
  region size 1024K, 13 young (13312K), 1 survivors (1024K)
 Metaspace       used 29171K, capacity 29842K, committed 30076K, reserved 1075200K
  class space    used 3619K, capacity 3906K, committed 3964K, reserved 1048576K
}
Event: 81.444 GC heap after
{Heap after GC invocations=18 (full 0):
 garbage-first heap   total 87040K, used 50319K [0x00000000c1600000, 0x0000000100000000)
  region size 1024K, 2 young (2048K), 2 survivors (2048K)
 Metaspace       used 29171K, capacity 29842K, committed 30076K, reserved 1075200K
  class space    used 3619K, capacity 3906K, committed 3964K, reserved 1048576K
}

Deoptimization events (10 events):
Event: 80.623 Thread 0x00000215f0366800 Uncommon trap: reason=unstable_if action=reinterpret pc=0x0000021587b41af0 method=java.lang.AbstractStringBuilder.putStringAt(ILjava/lang/String;)V @ 8 c2
Event: 80.623 Thread 0x00000215f0366800 Uncommon trap: reason=unstable_if action=reinterpret pc=0x0000021587ad9920 method=java.lang.String.getBytes([BIB)V @ 5 c2
Event: 80.623 Thread 0x00000215f0366800 Uncommon trap: reason=unstable_if action=reinterpret pc=0x0000021587ae9be8 method=java.lang.AbstractStringBuilder.isLatin1()Z @ 10 c2
Event: 80.649 Thread 0x00000215f0366800 Uncommon trap: reason=unstable_if action=reinterpret pc=0x0000021587b61788 method=java.io.ByteArrayInputStream.read()I @ 8 c2
Event: 80.656 Thread 0x00000215f0366800 Uncommon trap: reason=unstable_if action=reinterpret pc=0x0000021587ac7a54 method=java.lang.StringLatin1.canEncode(I)Z @ 4 c2
Event: 80.657 Thread 0x00000215f0366800 Uncommon trap: reason=unstable_if action=reinterpret pc=0x0000021587b0bc30 method=java.lang.String.substring(II)Ljava/lang/String; @ 31 c2
Event: 80.658 Thread 0x00000215f0366800 Uncommon trap: reason=unstable_if action=reinterpret pc=0x0000021587ae03fc method=java.lang.String.equals(Ljava/lang/Object;)Z @ 34 c2
Event: 81.426 Thread 0x00000215f0366800 Uncommon trap: reason=profile_predicate action=maybe_recompile pc=0x0000021587bacc48 method=java.util.regex.Pattern$Slice.match(Ljava/util/regex/Matcher;ILjava/lang/CharSequence;)Z @ 18 c2
Event: 81.427 Thread 0x00000215f0366800 Uncommon trap: reason=profile_predicate action=maybe_recompile pc=0x0000021587bacc48 method=java.util.regex.Pattern$Slice.match(Ljava/util/regex/Matcher;ILjava/lang/CharSequence;)Z @ 18 c2
Event: 81.440 Thread 0x00000215ff502000 Uncommon trap: reason=class_check action=maybe_recompile pc=0x0000021587b8c6f0 method=java.io.FilterInputStream.read()I @ 4 c2

Classes redefined (0 events):
No events

Internal exceptions (10 events):
Event: 80.738 Thread 0x00000215f0366800 Exception <a 'java/lang/ClassNotFoundException'{0x00000000c687d348}: com/aventstack/extentreports/model/AbstractStructureCustomizer> (0x00000000c687d348) thrown at [t:/workspace/open/src/hotspot/share/classfile/systemDictionary.cpp, line 235]
Event: 80.759 Thread 0x00000215f0366800 Exception <a 'java/lang/ClassNotFoundException'{0x00000000c6572988}: com/aventstack/extentreports/model/LogBeanInfo> (0x00000000c6572988) thrown at [t:/workspace/open/src/hotspot/share/classfile/systemDictionary.cpp, line 235]
Event: 80.760 Thread 0x00000215f0366800 Exception <a 'java/lang/ClassNotFoundException'{0x00000000c658ce70}: com/aventstack/extentreports/model/LogCustomizer> (0x00000000c658ce70) thrown at [t:/workspace/open/src/hotspot/share/classfile/systemDictionary.cpp, line 235]
Event: 80.763 Thread 0x00000215f0366800 Exception <a 'java/lang/ClassNotFoundException'{0x00000000c65c3f60}: com/aventstack/extentreports/viewdefs/IconBeanInfo> (0x00000000c65c3f60) thrown at [t:/workspace/open/src/hotspot/share/classfile/systemDictionary.cpp, line 235]
Event: 80.764 Thread 0x00000215f0366800 Exception <a 'java/lang/ClassNotFoundException'{0x00000000c65df468}: com/aventstack/extentreports/viewdefs/IconCustomizer> (0x00000000c65df468) thrown at [t:/workspace/open/src/hotspot/share/classfile/systemDictionary.cpp, line 235]
Event: 80.798 Thread 0x00000215f0366800 Exception <a 'java/lang/ClassNotFoundException'{0x00000000c638b3d0}: com/aventstack/extentreports/model/SystemAttributeBeanInfo> (0x00000000c638b3d0) thrown at [t:/workspace/open/src/hotspot/share/classfile/systemDictionary.cpp, line 235]
Event: 80.799 Thread 0x00000215f0366800 Exception <a 'java/lang/ClassNotFoundException'{0x00000000c63a68c8}: com/aventstack/extentreports/model/AttributeBeanInfo> (0x00000000c63a68c8) thrown at [t:/workspace/open/src/hotspot/share/classfile/systemDictionary.cpp, line 235]
Event: 80.800 Thread 0x00000215f0366800 Exception <a 'java/lang/ClassNotFoundException'{0x00000000c63c2898}: com/aventstack/extentreports/model/AttributeCustomizer> (0x00000000c63c2898) thrown at [t:/workspace/open/src/hotspot/share/classfile/systemDictionary.cpp, line 235]
Event: 80.804 Thread 0x00000215f0366800 Exception <a 'java/lang/ClassNotFoundException'{0x00000000c63e56d0}: com/aventstack/extentreports/model/SystemAttributeCustomizer> (0x00000000c63e56d0) thrown at [t:/workspace/open/src/hotspot/share/classfile/systemDictionary.cpp, line 235]
Event: 81.394 Thread 0x00000215fdb4a000 Exception <a 'java/net/SocketTimeoutException'{0x00000000c6000ec0}: connect timed out> (0x00000000c6000ec0) thrown at [t:/workspace/open/src/hotspot/share/prims/jni.cpp, line 636]

Events (10 events):
Event: 81.432 Executing VM operation: RevokeBias
Event: 81.433 Executing VM operation: RevokeBias done
Event: 81.433 Executing VM operation: RevokeBias
Event: 81.433 Executing VM operation: RevokeBias done
Event: 81.440 Thread 0x00000215ff502000 Uncommon trap: trap_request=0xffffffde fr.pc=0x0000021587b8c6f0 relative=0x00000000000000b0
Event: 81.440 Thread 0x00000215ff502000 DEOPT PACKING pc=0x0000021587b8c6f0 sp=0x00000082094fdc20
Event: 81.440 Thread 0x00000215ff502000 DEOPT UNPACKING pc=0x0000021580029baf sp=0x00000082094fdbc0 mode 2
Event: 81.440 Executing VM operation: G1CollectForAllocation
Event: 81.444 Executing VM operation: G1CollectForAllocation done
Event: 81.444 Executing VM operation: RevokeBias


Dynamic libraries:
0x00007ff759ff0000 - 0x00007ff759fff000 	C:\Program Files\Java\jdk-12.0.2\bin\javaw.exe
0x00007ffa9d830000 - 0x00007ffa9da25000 	C:\WINDOWS\SYSTEM32\ntdll.dll
0x00007ffa9cf80000 - 0x00007ffa9d03d000 	C:\WINDOWS\System32\KERNEL32.DLL
0x00007ffa9af70000 - 0x00007ffa9b238000 	C:\WINDOWS\System32\KERNELBASE.dll
0x00007ffa9b290000 - 0x00007ffa9b390000 	C:\WINDOWS\System32\ucrtbase.dll
0x00007ffa750f0000 - 0x00007ffa75108000 	C:\Program Files\Java\jdk-12.0.2\bin\jli.dll
0x00007ffa75110000 - 0x00007ffa75126000 	C:\Program Files\Java\jdk-12.0.2\bin\VCRUNTIME140.dll
0x00007ffa9d3e0000 - 0x00007ffa9d48c000 	C:\WINDOWS\System32\ADVAPI32.dll
0x00007ffa9cc80000 - 0x00007ffa9cd1e000 	C:\WINDOWS\System32\msvcrt.dll
0x00007ffa9cb00000 - 0x00007ffa9cb9b000 	C:\WINDOWS\System32\sechost.dll
0x00007ffa9d120000 - 0x00007ffa9d24b000 	C:\WINDOWS\System32\RPCRT4.dll
0x00007ffa9c630000 - 0x00007ffa9c7d0000 	C:\WINDOWS\System32\USER32.dll
0x00007ffa7c830000 - 0x00007ffa7caca000 	C:\WINDOWS\WinSxS\amd64_microsoft.windows.common-controls_6595b64144ccf1df_6.0.19041.844_none_ca00b6081b84eb1d\COMCTL32.dll
0x00007ffa9b6b0000 - 0x00007ffa9b6d2000 	C:\WINDOWS\System32\win32u.dll
0x00007ffa9ca60000 - 0x00007ffa9ca8a000 	C:\WINDOWS\System32\GDI32.dll
0x00007ffa9b440000 - 0x00007ffa9b54b000 	C:\WINDOWS\System32\gdi32full.dll
0x00007ffa9b740000 - 0x00007ffa9b7dd000 	C:\WINDOWS\System32\msvcp_win.dll
0x00007ffa93290000 - 0x00007ffa9329a000 	C:\WINDOWS\SYSTEM32\VERSION.dll
0x00007ffa9d050000 - 0x00007ffa9d080000 	C:\WINDOWS\System32\IMM32.DLL
0x00007ffa72490000 - 0x00007ffa7253a000 	C:\Program Files\Java\jdk-12.0.2\bin\msvcp140.dll
0x00007ffa5cd80000 - 0x00007ffa5d8f7000 	C:\Program Files\Java\jdk-12.0.2\bin\server\jvm.dll
0x00007ffa9d300000 - 0x00007ffa9d308000 	C:\WINDOWS\System32\PSAPI.DLL
0x00007ffa96770000 - 0x00007ffa96779000 	C:\WINDOWS\SYSTEM32\WSOCK32.dll
0x00007ffa9ca90000 - 0x00007ffa9cafb000 	C:\WINDOWS\System32\WS2_32.dll
0x00007ffa83080000 - 0x00007ffa830a7000 	C:\WINDOWS\SYSTEM32\WINMM.dll
0x00007ffa99840000 - 0x00007ffa99852000 	C:\WINDOWS\SYSTEM32\kernel.appcore.dll
0x00007ffa86960000 - 0x00007ffa86971000 	C:\Program Files\Java\jdk-12.0.2\bin\verify.dll
0x00007ffa99560000 - 0x00007ffa99744000 	C:\WINDOWS\SYSTEM32\DBGHELP.DLL
0x00007ffa80190000 - 0x00007ffa801bc000 	C:\WINDOWS\SYSTEM32\dbgcore.DLL
0x00007ffa9b390000 - 0x00007ffa9b410000 	C:\WINDOWS\System32\bcryptPrimitives.dll
0x00007ffa84960000 - 0x00007ffa84986000 	C:\Program Files\Java\jdk-12.0.2\bin\java.dll
0x00007ffa751c0000 - 0x00007ffa751d7000 	C:\Program Files\Java\jdk-12.0.2\bin\zip.dll
0x00007ffa95c10000 - 0x00007ffa95c1a000 	C:\Program Files\Java\jdk-12.0.2\bin\jimage.dll
0x00007ffa9b890000 - 0x00007ffa9bfd2000 	C:\WINDOWS\System32\SHELL32.dll
0x00007ffa98cf0000 - 0x00007ffa99481000 	C:\WINDOWS\SYSTEM32\windows.storage.dll
0x00007ffa9d490000 - 0x00007ffa9d7e5000 	C:\WINDOWS\System32\combase.dll
0x00007ffa9a9e0000 - 0x00007ffa9aa0c000 	C:\WINDOWS\SYSTEM32\Wldp.dll
0x00007ffa9cd20000 - 0x00007ffa9cdce000 	C:\WINDOWS\System32\SHCORE.dll
0x00007ffa9c040000 - 0x00007ffa9c095000 	C:\WINDOWS\System32\shlwapi.dll
0x00007ffa9aeb0000 - 0x00007ffa9aecf000 	C:\WINDOWS\SYSTEM32\profapi.dll
0x00007ffa75130000 - 0x00007ffa75149000 	C:\Program Files\Java\jdk-12.0.2\bin\net.dll
0x00007ffa927b0000 - 0x00007ffa928bb000 	C:\WINDOWS\SYSTEM32\WINHTTP.dll
0x00007ffa85270000 - 0x00007ffa8545e000 	C:\WINDOWS\SYSTEM32\urlmon.dll
0x00007ffa855a0000 - 0x00007ffa85850000 	C:\WINDOWS\SYSTEM32\iertutil.dll
0x00007ffa9a750000 - 0x00007ffa9a7ba000 	C:\WINDOWS\system32\mswsock.dll
0x00007ffa744b0000 - 0x00007ffa744c3000 	C:\Program Files\Java\jdk-12.0.2\bin\nio.dll
0x00007ffa9a440000 - 0x00007ffa9a50c000 	C:\WINDOWS\SYSTEM32\DNSAPI.dll
0x00007ffa9a3f0000 - 0x00007ffa9a42b000 	C:\WINDOWS\SYSTEM32\IPHLPAPI.DLL
0x00007ffa9d110000 - 0x00007ffa9d118000 	C:\WINDOWS\System32\NSI.dll
0x00007ffa82e60000 - 0x00007ffa82e6a000 	C:\Windows\System32\rasadhlp.dll
0x00007ffa83890000 - 0x00007ffa8390f000 	C:\WINDOWS\System32\fwpuclnt.dll
0x00007ffa9b410000 - 0x00007ffa9b437000 	C:\WINDOWS\System32\bcrypt.dll
0x00007ffa9a920000 - 0x00007ffa9a938000 	C:\WINDOWS\SYSTEM32\CRYPTSP.dll
0x00007ffa9a080000 - 0x00007ffa9a0b4000 	C:\WINDOWS\system32\rsaenh.dll
0x00007ffa9ae30000 - 0x00007ffa9ae5e000 	C:\WINDOWS\SYSTEM32\USERENV.dll
0x00007ffa9a940000 - 0x00007ffa9a94c000 	C:\WINDOWS\SYSTEM32\CRYPTBASE.dll
0x00007ffa8cc90000 - 0x00007ffa8cca7000 	C:\WINDOWS\SYSTEM32\dhcpcsvc6.DLL
0x00007ffa8e3a0000 - 0x00007ffa8e3bd000 	C:\WINDOWS\SYSTEM32\dhcpcsvc.DLL
0x00007ffa96760000 - 0x00007ffa96769000 	C:\Program Files\Java\jdk-12.0.2\bin\management.dll
0x00007ffa86c10000 - 0x00007ffa86c1c000 	C:\Program Files\Java\jdk-12.0.2\bin\management_ext.dll
0x00007ffa728b0000 - 0x00007ffa728d7000 	C:\Program Files\Java\jdk-12.0.2\bin\sunec.dll
0x00007ffa7b680000 - 0x00007ffa7b697000 	C:\WINDOWS\system32\napinsp.dll
0x00007ffa84f60000 - 0x00007ffa84f7b000 	C:\WINDOWS\system32\pnrpnsp.dll
0x00007ffa73cf0000 - 0x00007ffa73d05000 	C:\WINDOWS\system32\wshbth.dll
0x00007ffa966d0000 - 0x00007ffa966ed000 	C:\WINDOWS\system32\NLAapi.dll
0x00007ffa85060000 - 0x00007ffa85072000 	C:\WINDOWS\System32\winrnr.dll

dbghelp: loaded successfully - version: 4.0.5 - missing functions: none
symbol engine: initialized successfully - sym options: 0x614 - pdb path: .;C:\Program Files\Java\jdk-12.0.2\bin;C:\WINDOWS\SYSTEM32;C:\WINDOWS\WinSxS\amd64_microsoft.windows.common-controls_6595b64144ccf1df_6.0.19041.844_none_ca00b6081b84eb1d;C:\Program Files\Java\jdk-12.0.2\bin\server

VM Arguments:
jvm_args: -ea -Dfile.encoding=Cp1252 
java_command: org.testng.remote.RemoteTestNG -serport 50230 -protocol json -d C:\Users\91897\eclipse-workspace\Demo_Orange_Application\test-output C:\Users\91897\eclipse-workspace\Demo_Orange_Application\test-output\Testng3.xml
java_class_path (initial): C:\Users\91897\eclipse\jee-2019-06\eclipse\configuration\org.eclipse.osgi\999\0\.cp\lib\testng-remote.jar;C:\Users\91897\eclipse-workspace\Demo_Orange_Application\target\test-classes;C:\Users\91897\eclipse-workspace\Demo_Orange_Application\target\classes;C:\Users\91897\.m2\repository\org\seleniumhq\selenium\selenium-java\4.0.0-alpha-7\selenium-java-4.0.0-alpha-7.jar;C:\Users\91897\.m2\repository\org\seleniumhq\selenium\selenium-api\4.0.0-alpha-7\selenium-api-4.0.0-alpha-7.jar;C:\Users\91897\.m2\repository\org\seleniumhq\selenium\selenium-chrome-driver\4.0.0-alpha-7\selenium-chrome-driver-4.0.0-alpha-7.jar;C:\Users\91897\.m2\repository\com\google\auto\service\auto-service-annotations\1.0-rc7\auto-service-annotations-1.0-rc7.jar;C:\Users\91897\.m2\repository\com\google\auto\service\auto-service\1.0-rc7\auto-service-1.0-rc7.jar;C:\Users\91897\.m2\repository\com\google\auto\auto-common\0.10\auto-common-0.10.jar;C:\Users\91897\.m2\repository\com\google\guava\guava\30.0-jre\guava-30.0-jre.jar;C:\Users\91897\.m2\repository\com\google\guava\failureaccess\1.0.1\failureaccess-1.0.1.jar;C:\Users\91897\.m2\repository\com\google\guava\listenablefuture\9999.0-empty-to-avoid-conflict-with-guava\listenablefuture-9999.0-empty-to-avoid-conflict-with-guava.jar;C:\Users\91897\.m2\repository\com\google\code\findbugs\jsr305\3.0.2\jsr305-3.0.2.jar;C:\Users\91897\.m2\repository\org\checkerframework\checker-qual\3.5.0\checker-qual-3.5.0.jar;C:\Users\91897\.m2\repository\com\google\errorprone\error_prone_annotations\2.3.4\error_prone_annotations-2.3.4.jar;C:\Users\91897\.m2\repository\com\google\j2objc\j2objc-annotations\1.3\j2objc-annotations-1.3.jar;C:\Users\91897\.m2\repository\org\seleniumhq\selenium\selenium-chromium-driver\4.0.0-alpha-7\selenium-chromium-driver-4.0.0-alpha-7.jar;C:\Users\91897\.m2\repository\org\seleniumhq\selenium\selenium-devtools\4.0.0-alpha-7\selenium-devtools-4.0.0-alpha-7.jar;C:\Users\91897\.m2\repository\org\seleniumhq\selenium\selen
Launcher Type: SUN_STANDARD

[Global flags]
     intx CICompilerCount                          = 3                                         {product} {ergonomic}
     uint ConcGCThreads                            = 1                                         {product} {ergonomic}
     uint G1ConcRefinementThreads                  = 4                                         {product} {ergonomic}
   size_t G1HeapRegionSize                         = 1048576                                   {product} {ergonomic}
    uintx GCDrainStackTargetSize                   = 64                                        {product} {ergonomic}
   size_t InitialHeapSize                          = 67108864                                  {product} {ergonomic}
   size_t MarkStackSize                            = 4194304                                   {product} {ergonomic}
   size_t MaxHeapSize                              = 1050673152                                {product} {ergonomic}
   size_t MaxNewSize                               = 630194176                                 {product} {ergonomic}
   size_t MinHeapDeltaBytes                        = 1048576                                   {product} {ergonomic}
    uintx NonNMethodCodeHeapSize                   = 5830732                                {pd product} {ergonomic}
    uintx NonProfiledCodeHeapSize                  = 122913754                              {pd product} {ergonomic}
    uintx ProfiledCodeHeapSize                     = 122913754                              {pd product} {ergonomic}
    uintx ReservedCodeCacheSize                    = 251658240                              {pd product} {ergonomic}
     bool SegmentedCodeCache                       = true                                      {product} {ergonomic}
     bool UseCompressedClassPointers               = true                                 {lp64_product} {ergonomic}
     bool UseCompressedOops                        = true                                 {lp64_product} {ergonomic}
     bool UseG1GC                                  = true                                      {product} {ergonomic}
     bool UseLargePagesIndividualAllocation        = false                                  {pd product} {ergonomic}

Logging:
Log output configuration:
 #0: stdout all=warning uptime,level,tags
 #1: stderr all=off uptime,level,tags

Environment Variables:
JAVA_HOME=C:\Program Files\Java\jdk1.8.0_281
CLASSPATH=C:\Program Files\Java\jdk1.8.0_281\lib
PATH=C:/Program Files/Java/jdk-12.0.2/bin/server;C:/Program Files/Java/jdk-12.0.2/bin;C:\Program Files (x86)\Common Files\Oracle\Java\javapath;C:\WINDOWS\system32;C:\WINDOWS;C:\WINDOWS\System32\Wbem;C:\WINDOWS\System32\WindowsPowerShell\v1.0\;C:\WINDOWS\System32\OpenSSH\;C:\Program Files\Java\jdk-12.0.2\bin;C:\Program Files\Git\cmd;C:\Users\91897\Downloads\apache-maven-3.8.1-bin\apache-maven-3.8.1\bin;C:\Program Files\Java\jdk1.8.0_281\bin;C:\WINDOWS\System32;
USERNAME=91897
OS=Windows_NT
PROCESSOR_IDENTIFIER=Intel64 Family 6 Model 142 Stepping 9, GenuineIntel



---------------  S Y S T E M  ---------------

OS: Windows 10 , 64 bit Build 19041 (10.0.19041.928)

CPU:total 4 (initial active 4) (2 cores per cpu, 2 threads per core) family 6 model 142 stepping 9, cmov, cx8, fxsr, mmx, sse, sse2, sse3, ssse3, sse4.1, sse4.2, popcnt, avx, avx2, aes, clmul, erms, 3dnowpref, lzcnt, ht, tsc, tscinvbit, bmi1, bmi2, adx, fma

Memory: 4k page, system-wide physical 4007M (382M free)
TotalPageFile size 5403M (AvailPageFile size 14M)
current process WorkingSet (physical memory assigned to process): 220M, peak: 221M
current process commit charge ("private bytes"): 252M, peak: 269M

vm_info: Java HotSpot(TM) 64-Bit Server VM (12.0.2+10) for windows-amd64 JRE (12.0.2+10), built on Jul 16 2019 01:56:17 by "mach5one" with MS VC++ 15.5 (VS2017)

END.
