#
# There is insufficient memory for the Java Runtime Environment to continue.
# Native memory allocation (malloc) failed to allocate 32744 bytes for ChunkPool::allocate
# Possible reasons:
#   The system is out of physical RAM or swap space
#   The process is running with CompressedOops enabled, and the Java Heap may be blocking the growth of the native heap
# Possible solutions:
#   Reduce memory load on the system
#   Increase physical memory or swap space
#   Check if swap backing store is full
#   Decrease Java heap size (-Xmx/-Xms)
#   Decrease number of Java threads
#   Decrease Java thread stack sizes (-Xss)
#   Set larger code cache with -XX:ReservedCodeCacheSize=
#   JVM is running with Unscaled Compressed Oops mode in which the Java heap is
#     placed in the first 4GB address space. The Java Heap base address is the
#     maximum limit for the native heap growth. Please use -XX:HeapBaseMinAddress
#     to set the Java Heap base and to place the Java Heap above 4GB virtual address.
# This output file may be truncated or incomplete.
#
#  Out of Memory Error (t:/workspace/open/src/hotspot/share/memory/arena.cpp:81), pid=2020, tid=12424
#
# JRE version: Java(TM) SE Runtime Environment (12.0.2+10) (build 12.0.2+10)
# Java VM: Java HotSpot(TM) 64-Bit Server VM (12.0.2+10, mixed mode, sharing, tiered, compressed oops, g1 gc, windows-amd64)
# No core dump will be written. Minidumps are not enabled by default on client versions of Windows
#

---------------  S U M M A R Y ------------

Command Line: -ea -Dfile.encoding=Cp1252 org.testng.remote.RemoteTestNG -serport 59192 -protocol json -d C:\Users\91897\eclipse-workspace\Demo_Orange_Application\test-output C:\Users\91897\eclipse-workspace\Demo_Orange_Application\test-output\Testng3.xml

Host: Intel(R) Core(TM) i3-7100U CPU @ 2.40GHz, 4 cores, 3G,  Windows 10 , 64 bit Build 19041 (10.0.19041.928)
Time: Sun May 30 00:10:27 2021 India Standard Time elapsed time: 11 seconds (0d 0h 0m 11s)

---------------  T H R E A D  ---------------

Current thread (0x000001759cb5a800):  VMThread "VM Thread" [stack: 0x000000608de00000,0x000000608df00000] [id=12424] _threads_hazard_ptr=0x00000175ba50e630

Stack: [0x000000608de00000,0x000000608df00000]
[error occurred during error reporting (printing stack bounds), id 0xc0000005, EXCEPTION_ACCESS_VIOLATION (0xc0000005) at pc=0x00000175a4e90bad]

Native frames: (J=compiled Java code, j=interpreted, Vv=VM code, C=native code)
V  [jvm.dll+0x63aa2a]
V  [jvm.dll+0x78ce1e]
V  [jvm.dll+0x78e4c1]
V  [jvm.dll+0x78ea75]
V  [jvm.dll+0x78ea2b]
V  [jvm.dll+0x63a134]
V  [jvm.dll+0x63a4f8]
C  [ntdll.dll+0xa207f]
C  [ntdll.dll+0x51454]
C  [ntdll.dll+0xa0bae]
C  0x00000175a4e90bad

VM_Operation (0x000000608f7fd740): BulkRevokeBias, mode: safepoint, requested by thread 0x00000175b889f800


---------------  P R O C E S S  ---------------

Threads class SMR info:
_java_thread_list=0x00000175ba50e630, length=20, elements={
0x000001759ca85000, 0x000001759cb5d800, 0x00000175b886f000, 0x00000175b8889000,
0x00000175b888d000, 0x00000175b8897000, 0x00000175b88a2000, 0x00000175b88b1000,
0x00000175b92ff000, 0x00000175b9327000, 0x00000175b9f6e800, 0x00000175ba2a0800,
0x00000175ba310800, 0x00000175ba41e000, 0x00000175ba58b000, 0x00000175ba37c800,
0x00000175ba436000, 0x00000175ba8ac800, 0x00000175ba8df800, 0x00000175b889f800
}

Java Threads: ( => current thread )
  0x000001759ca85000 JavaThread "Forwarding newSession on session null to remote" [_thread_blocked, id=6856, stack(0x000000608d800000,0x000000608d900000)]
  0x000001759cb5d800 JavaThread "Reference Handler" daemon [_thread_blocked, id=10684, stack(0x000000608df00000,0x000000608e000000)]
  0x00000175b886f000 JavaThread "Finalizer" daemon [_thread_blocked, id=13020, stack(0x000000608e000000,0x000000608e100000)]
  0x00000175b8889000 JavaThread "Signal Dispatcher" daemon [_thread_blocked, id=10988, stack(0x000000608e100000,0x000000608e200000)]
  0x00000175b888d000 JavaThread "Attach Listener" daemon [_thread_blocked, id=12152, stack(0x000000608e200000,0x000000608e300000)]
  0x00000175b8897000 JavaThread "C2 CompilerThread0" daemon [_thread_blocked, id=8008, stack(0x000000608e300000,0x000000608e400000)]
  0x00000175b88a2000 JavaThread "C1 CompilerThread0" daemon [_thread_blocked, id=3572, stack(0x000000608e400000,0x000000608e500000)]
  0x00000175b88b1000 JavaThread "Sweeper thread" daemon [_thread_blocked, id=10576, stack(0x000000608e500000,0x000000608e600000)]
  0x00000175b92ff000 JavaThread "Service Thread" daemon [_thread_blocked, id=13824, stack(0x000000608e600000,0x000000608e700000)]
  0x00000175b9327000 JavaThread "Common-Cleaner" daemon [_thread_blocked, id=9876, stack(0x000000608e800000,0x000000608e900000)]
  0x00000175b9f6e800 JavaThread "ReaderThread" [_thread_in_native, id=13304, stack(0x000000608ec00000,0x000000608ed00000)]
  0x00000175ba2a0800 JavaThread "ForkJoinPool.commonPool-worker-3" daemon [_thread_blocked, id=9508, stack(0x000000608e900000,0x000000608ea00000)]
  0x00000175ba310800 JavaThread "AsyncHttpClient-1-1" daemon [_thread_blocked, id=10740, stack(0x000000608ef00000,0x000000608f000000)]
  0x00000175ba41e000 JavaThread "Exec Default Executor" daemon [_thread_in_native, id=6676, stack(0x000000608f000000,0x000000608f100000)]
  0x00000175ba58b000 JavaThread "ForkJoinPool.commonPool-worker-5" daemon [_thread_blocked, id=6652, stack(0x000000608f100000,0x000000608f200000)]
  0x00000175ba37c800 JavaThread "ForkJoinPool.commonPool-worker-7" daemon [_thread_blocked, id=3940, stack(0x000000608f200000,0x000000608f300000)]
  0x00000175ba436000 JavaThread "UrlChecker-2" daemon [_thread_blocked, id=2856, stack(0x000000608f300000,0x000000608f400000)]
  0x00000175ba8ac800 JavaThread "Exec Stream Pumper" daemon [_thread_in_native, id=6672, stack(0x000000608f400000,0x000000608f500000)]
  0x00000175ba8df800 JavaThread "Exec Stream Pumper" daemon [_thread_in_native, id=1516, stack(0x000000608f500000,0x000000608f600000)]
  0x00000175b889f800 JavaThread "AsyncHttpClient-1-2" daemon [_thread_blocked, id=13812, stack(0x000000608f700000,0x000000608f800000)]

Other Threads:
=>0x000001759cb5a800 VMThread "VM Thread" [stack: 0x000000608de00000,0x000000608df00000] [id=12424] _threads_hazard_ptr=0x00000175ba50e630
  0x00000175b9310000 WatcherThread [stack: 0x000000608e700000,0x000000608e800000] [id=13348]
  0x000001759cab3000 GCTaskThread "GC Thread#0" [stack: 0x000000608d900000,0x000000608da00000] [id=13648]
  0x00000175b9e12000 GCTaskThread "GC Thread#1" [stack: 0x000000608ea00000,0x000000608eb00000] [id=4640]
  0x00000175b9ae7800 GCTaskThread "GC Thread#2" [stack: 0x000000608ed00000,0x000000608ee00000] [id=13556]
  0x00000175ba229000 GCTaskThread "GC Thread#3" [stack: 0x000000608ee00000,0x000000608ef00000] [id=12772]
  0x000001759cabc000 ConcurrentGCThread "G1 Main Marker" [stack: 0x000000608da00000,0x000000608db00000] [id=4848]
  0x000001759cabe800 ConcurrentGCThread "G1 Conc#0" [stack: 0x000000608db00000,0x000000608dc00000] [id=11024]
  0x000001759cb19800 ConcurrentGCThread "G1 Refine#0" [stack: 0x000000608dc00000,0x000000608dd00000] [id=10760]
  0x000001759cb1a800 ConcurrentGCThread "G1 Young RemSet Sampling" [stack: 0x000000608dd00000,0x000000608de00000] [id=9176]

Threads with active compile tasks:

VM state:at safepoint (normal execution)

VM Mutex/Monitor currently owned by a thread:  ([mutex/lock_event])
[0x000001759ca813e0] Threads_lock - owner thread: 0x000001759cb5a800

Heap address: 0x00000000c1600000, size: 1002 MB, Compressed Oops mode: 32-bit
Narrow klass base: 0x0000000800000000, Narrow klass shift: 3
Compressed class space size: 1073741824 Address: 0x0000000801190000

Heap:
 garbage-first heap   total 54272K, used 28970K [0x00000000c1600000, 0x0000000100000000)
  region size 1024K, 3 young (3072K), 2 survivors (2048K)
 Metaspace       used 20808K, capacity 21412K, committed 21628K, reserved 1069056K
  class space    used 2600K, capacity 2855K, committed 2944K, reserved 1048576K
Heap Regions: E=young(eden), S=young(survivor), O=old, HS=humongous(starts), HC=humongous(continues), CS=collection set, F=free, A=archive, TAMS=top-at-mark-start (previous, next)
|   0|0x00000000c1600000, 0x00000000c1700000, 0x00000000c1700000|100%|HS|  |TAMS 0x00000000c1700000, 0x00000000c1600000| Complete 
|   1|0x00000000c1700000, 0x00000000c1800000, 0x00000000c1800000|100%| O|  |TAMS 0x00000000c1800000, 0x00000000c1700000| Untracked 
|   2|0x00000000c1800000, 0x00000000c1900000, 0x00000000c1900000|100%| O|  |TAMS 0x00000000c1900000, 0x00000000c1800000| Untracked 
|   3|0x00000000c1900000, 0x00000000c1a00000, 0x00000000c1a00000|100%| O|  |TAMS 0x00000000c1a00000, 0x00000000c1900000| Untracked 
|   4|0x00000000c1a00000, 0x00000000c1b00000, 0x00000000c1b00000|100%| O|  |TAMS 0x00000000c1b00000, 0x00000000c1a00000| Untracked 
|   5|0x00000000c1b00000, 0x00000000c1c00000, 0x00000000c1c00000|100%| O|  |TAMS 0x00000000c1c00000, 0x00000000c1b00000| Untracked 
|   6|0x00000000c1c00000, 0x00000000c1d00000, 0x00000000c1d00000|100%| O|  |TAMS 0x00000000c1d00000, 0x00000000c1c00000| Untracked 
|   7|0x00000000c1d00000, 0x00000000c1da4200, 0x00000000c1e00000| 64%| O|  |TAMS 0x00000000c1da4200, 0x00000000c1d00000| Untracked 
|   8|0x00000000c1e00000, 0x00000000c1f00000, 0x00000000c1f00000|100%| O|  |TAMS 0x00000000c1e00000, 0x00000000c1e00000| Untracked 
|   9|0x00000000c1f00000, 0x00000000c2000000, 0x00000000c2000000|100%| O|  |TAMS 0x00000000c1f00000, 0x00000000c1f00000| Untracked 
|  10|0x00000000c2000000, 0x00000000c2052a00, 0x00000000c2100000| 32%| O|  |TAMS 0x00000000c2000000, 0x00000000c2000000| Untracked 
|  11|0x00000000c2100000, 0x00000000c2200000, 0x00000000c2200000|100%|HS|  |TAMS 0x00000000c2100000, 0x00000000c2100000| Complete 
|  12|0x00000000c2200000, 0x00000000c2300000, 0x00000000c2300000|100%|HC|  |TAMS 0x00000000c2200000, 0x00000000c2200000| Complete 
|  13|0x00000000c2300000, 0x00000000c2400000, 0x00000000c2400000|100%|HC|  |TAMS 0x00000000c2300000, 0x00000000c2300000| Complete 
|  14|0x00000000c2400000, 0x00000000c2500000, 0x00000000c2500000|100%|HC|  |TAMS 0x00000000c2400000, 0x00000000c2400000| Complete 
|  15|0x00000000c2500000, 0x00000000c2600000, 0x00000000c2600000|100%|HC|  |TAMS 0x00000000c2500000, 0x00000000c2500000| Complete 
|  16|0x00000000c2600000, 0x00000000c2700000, 0x00000000c2700000|100%|HC|  |TAMS 0x00000000c2600000, 0x00000000c2600000| Complete 
|  17|0x00000000c2700000, 0x00000000c2800000, 0x00000000c2800000|100%|HC|  |TAMS 0x00000000c2700000, 0x00000000c2700000| Complete 
|  18|0x00000000c2800000, 0x00000000c2900000, 0x00000000c2900000|100%|HC|  |TAMS 0x00000000c2800000, 0x00000000c2800000| Complete 
|  19|0x00000000c2900000, 0x00000000c2a00000, 0x00000000c2a00000|100%|HC|  |TAMS 0x00000000c2900000, 0x00000000c2900000| Complete 
|  20|0x00000000c2a00000, 0x00000000c2b00000, 0x00000000c2b00000|100%|HC|  |TAMS 0x00000000c2a00000, 0x00000000c2a00000| Complete 
|  21|0x00000000c2b00000, 0x00000000c2c00000, 0x00000000c2c00000|100%|HC|  |TAMS 0x00000000c2b00000, 0x00000000c2b00000| Complete 
|  22|0x00000000c2c00000, 0x00000000c2d00000, 0x00000000c2d00000|100%|HC|  |TAMS 0x00000000c2c00000, 0x00000000c2c00000| Complete 
|  23|0x00000000c2d00000, 0x00000000c2e00000, 0x00000000c2e00000|100%|HC|  |TAMS 0x00000000c2d00000, 0x00000000c2d00000| Complete 
|  24|0x00000000c2e00000, 0x00000000c2f00000, 0x00000000c2f00000|100%|HC|  |TAMS 0x00000000c2e00000, 0x00000000c2e00000| Complete 
|  25|0x00000000c2f00000, 0x00000000c3000000, 0x00000000c3000000|100%|HC|  |TAMS 0x00000000c2f00000, 0x00000000c2f00000| Complete 
|  26|0x00000000c3000000, 0x00000000c3100000, 0x00000000c3100000|100%|HC|  |TAMS 0x00000000c3000000, 0x00000000c3000000| Complete 
|  27|0x00000000c3100000, 0x00000000c3200000, 0x00000000c3200000|100%|HC|  |TAMS 0x00000000c3100000, 0x00000000c3100000| Complete 
|  28|0x00000000c3200000, 0x00000000c3200000, 0x00000000c3300000|  0%| F|  |TAMS 0x00000000c3200000, 0x00000000c3200000| Untracked 
|  29|0x00000000c3300000, 0x00000000c3300000, 0x00000000c3400000|  0%| F|  |TAMS 0x00000000c3300000, 0x00000000c3300000| Untracked 
|  30|0x00000000c3400000, 0x00000000c3400000, 0x00000000c3500000|  0%| F|  |TAMS 0x00000000c3400000, 0x00000000c3400000| Untracked 
|  31|0x00000000c3500000, 0x00000000c3500000, 0x00000000c3600000|  0%| F|  |TAMS 0x00000000c3500000, 0x00000000c3500000| Untracked 
|  32|0x00000000c3600000, 0x00000000c3600000, 0x00000000c3700000|  0%| F|  |TAMS 0x00000000c3600000, 0x00000000c3600000| Untracked 
|  33|0x00000000c3700000, 0x00000000c3700000, 0x00000000c3800000|  0%| F|  |TAMS 0x00000000c3700000, 0x00000000c3700000| Untracked 
|  34|0x00000000c3800000, 0x00000000c3800000, 0x00000000c3900000|  0%| F|  |TAMS 0x00000000c3800000, 0x00000000c3800000| Untracked 
|  35|0x00000000c3900000, 0x00000000c3900000, 0x00000000c3a00000|  0%| F|  |TAMS 0x00000000c3900000, 0x00000000c3900000| Untracked 
|  36|0x00000000c3a00000, 0x00000000c3a00000, 0x00000000c3b00000|  0%| F|  |TAMS 0x00000000c3a00000, 0x00000000c3a00000| Untracked 
|  37|0x00000000c3b00000, 0x00000000c3b00000, 0x00000000c3c00000|  0%| F|  |TAMS 0x00000000c3b00000, 0x00000000c3b00000| Untracked 
|  38|0x00000000c3c00000, 0x00000000c3c00000, 0x00000000c3d00000|  0%| F|  |TAMS 0x00000000c3c00000, 0x00000000c3c00000| Untracked 
|  39|0x00000000c3d00000, 0x00000000c3d00000, 0x00000000c3e00000|  0%| F|  |TAMS 0x00000000c3d00000, 0x00000000c3d00000| Untracked 
|  40|0x00000000c3e00000, 0x00000000c3e53ff0, 0x00000000c3f00000| 32%| S|CS|TAMS 0x00000000c3e00000, 0x00000000c3e00000| Complete 
|  41|0x00000000c3f00000, 0x00000000c4000000, 0x00000000c4000000|100%| S|CS|TAMS 0x00000000c3f00000, 0x00000000c3f00000| Complete 
|  42|0x00000000c4000000, 0x00000000c4000000, 0x00000000c4100000|  0%| F|  |TAMS 0x00000000c4000000, 0x00000000c4000000| Untracked 
|  43|0x00000000c4100000, 0x00000000c4100000, 0x00000000c4200000|  0%| F|  |TAMS 0x00000000c4100000, 0x00000000c4100000| Untracked 
|  44|0x00000000c4200000, 0x00000000c4200000, 0x00000000c4300000|  0%| F|  |TAMS 0x00000000c4200000, 0x00000000c4200000| Untracked 
|  45|0x00000000c4300000, 0x00000000c4300000, 0x00000000c4400000|  0%| F|  |TAMS 0x00000000c4300000, 0x00000000c4300000| Untracked 
|  46|0x00000000c4400000, 0x00000000c4400000, 0x00000000c4500000|  0%| F|  |TAMS 0x00000000c4400000, 0x00000000c4400000| Untracked 
|  47|0x00000000c4500000, 0x00000000c4500000, 0x00000000c4600000|  0%| F|  |TAMS 0x00000000c4500000, 0x00000000c4500000| Untracked 
|  48|0x00000000c4600000, 0x00000000c4600000, 0x00000000c4700000|  0%| F|  |TAMS 0x00000000c4600000, 0x00000000c4600000| Untracked 
|  49|0x00000000c4700000, 0x00000000c4700000, 0x00000000c4800000|  0%| F|  |TAMS 0x00000000c4700000, 0x00000000c4700000| Untracked 
|  50|0x00000000c4800000, 0x00000000c4800000, 0x00000000c4900000|  0%| F|  |TAMS 0x00000000c4800000, 0x00000000c4800000| Untracked 
|  51|0x00000000c4900000, 0x00000000c4900000, 0x00000000c4a00000|  0%| F|  |TAMS 0x00000000c4900000, 0x00000000c4900000| Untracked 
|  63|0x00000000c5500000, 0x00000000c55d3a48, 0x00000000c5600000| 82%| E|  |TAMS 0x00000000c5500000, 0x00000000c5500000| Complete 

Card table byte_map: [0x00000175b4090000,0x00000175b4290000] _byte_map_base: 0x00000175b3a85000

Marking Bits (Prev, Next): (CMBitMap*) 0x000001759cab3fb8, (CMBitMap*) 0x000001759cab3ff8
 Prev Bits: [0x00000175b4490000, 0x00000175b5438000)
 Next Bits: [0x00000175b5440000, 0x00000175b63e8000)

Polling page: 0x000001759a9e0000

Metaspace:

Usage:
  Non-class:     18.12 MB capacity,    17.78 MB ( 98%) used,   287.45 KB (  2%) free+waste,    62.19 KB ( <1%) overhead. 
      Class:      2.79 MB capacity,     2.54 MB ( 91%) used,   222.48 KB (  8%) free+waste,    31.69 KB (  1%) overhead. 
       Both:     20.91 MB capacity,    20.32 MB ( 97%) used,   509.93 KB (  2%) free+waste,    93.88 KB ( <1%) overhead. 

Virtual space:
  Non-class space:       20.00 MB reserved,      18.25 MB ( 91%) committed 
      Class space:        1.00 GB reserved,       2.88 MB ( <1%) committed 
             Both:        1.02 GB reserved,      21.12 MB (  2%) committed 

Chunk freelists:
   Non-Class:  384 bytes
       Class:  3.13 KB
        Both:  3.50 KB

CodeHeap 'non-profiled nmethods': size=120064Kb used=734Kb max_used=734Kb free=119329Kb
 bounds [0x00000175ac950000, 0x00000175acbc0000, 0x00000175b3e90000]
CodeHeap 'profiled nmethods': size=120000Kb used=3618Kb max_used=3628Kb free=116381Kb
 bounds [0x00000175a5420000, 0x00000175a57c0000, 0x00000175ac950000]
CodeHeap 'non-nmethods': size=5696Kb used=1207Kb max_used=1231Kb free=4488Kb
 bounds [0x00000175a4e90000, 0x00000175a5100000, 0x00000175a5420000]
 total_blobs=2916 nmethods=1765 adapters=456
 compilation: enabled
              stopped_count=0, restarted_count=0
 full_count=0

Compilation events (10 events):
Event: 3.761 Thread 0x00000175b8897000 1957       4       java.util.ArrayList::add (25 bytes)
Event: 3.768 Thread 0x00000175b8897000 nmethod 1957 0x00000175aca05b90 code [0x00000175aca05d40, 0x00000175aca062b8]
Event: 3.776 Thread 0x00000175b8897000 1974       4       java.util.jar.JarFile::maybeInstantiateVerifier (112 bytes)
Event: 3.796 Thread 0x00000175b8897000 nmethod 1974 0x00000175aca06510 code [0x00000175aca066e0, 0x00000175aca06ba8]
Event: 5.889 Thread 0x00000175b88a2000 1976       1       io.netty.util.HashedWheelTimer::access$200 (5 bytes)
Event: 5.889 Thread 0x00000175b88a2000 nmethod 1976 0x00000175ac9d8390 code [0x00000175ac9d8540, 0x00000175ac9d8638]
Event: 7.194 Thread 0x00000175b88a2000 1977       1       io.netty.util.internal.shaded.org.jctools.queues.BaseMpscLinkedArrayQueueProducerFields::lvProducerIndex (5 bytes)
Event: 7.194 Thread 0x00000175b88a2000 nmethod 1977 0x00000175aca06f90 code [0x00000175aca07140, 0x00000175aca07278]
Event: 9.951 Thread 0x00000175b88a2000 1979       1       org.apache.commons.exec.DefaultExecuteResultHandler::hasResult (5 bytes)
Event: 9.951 Thread 0x00000175b88a2000 nmethod 1979 0x00000175aca07710 code [0x00000175aca078c0, 0x00000175aca079f8]

GC Heap History (10 events):
Event: 0.503 GC heap before
{Heap before GC invocations=0 (full 0):
 garbage-first heap   total 65536K, used 14336K [0x00000000c1600000, 0x0000000100000000)
  region size 1024K, 14 young (14336K), 0 survivors (0K)
 Metaspace       used 1892K, capacity 5212K, committed 5376K, reserved 1056768K
  class space    used 189K, capacity 504K, committed 512K, reserved 1048576K
}
Event: 0.512 GC heap after
{Heap after GC invocations=1 (full 0):
 garbage-first heap   total 65536K, used 5598K [0x00000000c1600000, 0x0000000100000000)
  region size 1024K, 2 young (2048K), 2 survivors (2048K)
 Metaspace       used 1892K, capacity 5212K, committed 5376K, reserved 1056768K
  class space    used 189K, capacity 504K, committed 512K, reserved 1048576K
}
Event: 1.717 GC heap before
{Heap before GC invocations=1 (full 0):
 garbage-first heap   total 65536K, used 42462K [0x00000000c1600000, 0x0000000100000000)
  region size 1024K, 38 young (38912K), 2 survivors (2048K)
 Metaspace       used 9114K, capacity 9439K, committed 9728K, reserved 1058816K
  class space    used 1074K, capacity 1176K, committed 1280K, reserved 1048576K
}
Event: 1.726 GC heap after
{Heap after GC invocations=2 (full 0):
 garbage-first heap   total 65536K, used 7939K [0x00000000c1600000, 0x0000000100000000)
  region size 1024K, 5 young (5120K), 5 survivors (5120K)
 Metaspace       used 9114K, capacity 9439K, committed 9728K, reserved 1058816K
  class space    used 1074K, capacity 1176K, committed 1280K, reserved 1048576K
}
Event: 2.299 GC heap before
{Heap before GC invocations=2 (full 0):
 garbage-first heap   total 65536K, used 39683K [0x00000000c1600000, 0x0000000100000000)
  region size 1024K, 36 young (36864K), 5 survivors (5120K)
 Metaspace       used 15531K, capacity 15946K, committed 16128K, reserved 1062912K
  class space    used 1834K, capacity 1956K, committed 2048K, reserved 1048576K
}
Event: 2.308 GC heap after
{Heap after GC invocations=3 (full 0):
 garbage-first heap   total 65536K, used 10315K [0x00000000c1600000, 0x0000000100000000)
  region size 1024K, 5 young (5120K), 5 survivors (5120K)
 Metaspace       used 15531K, capacity 15946K, committed 16128K, reserved 1062912K
  class space    used 1834K, capacity 1956K, committed 2048K, reserved 1048576K
}
Event: 3.737 GC heap before
{Heap before GC invocations=3 (full 0):
 garbage-first heap   total 65536K, used 40011K [0x00000000c1600000, 0x0000000100000000)
  region size 1024K, 35 young (35840K), 5 survivors (5120K)
 Metaspace       used 20629K, capacity 21220K, committed 21248K, reserved 1067008K
  class space    used 2560K, capacity 2791K, committed 2816K, reserved 1048576K
}
Event: 3.746 GC heap after
{Heap after GC invocations=4 (full 0):
 garbage-first heap   total 65536K, used 11466K [0x00000000c1600000, 0x0000000100000000)
  region size 1024K, 4 young (4096K), 4 survivors (4096K)
 Metaspace       used 20629K, capacity 21220K, committed 21248K, reserved 1067008K
  class space    used 2560K, capacity 2791K, committed 2816K, reserved 1048576K
}
Event: 3.784 GC heap before
{Heap before GC invocations=5 (full 0):
 garbage-first heap   total 45056K, used 12490K [0x00000000c1600000, 0x0000000100000000)
  region size 1024K, 6 young (6144K), 4 survivors (4096K)
 Metaspace       used 20759K, capacity 21380K, committed 21628K, reserved 1069056K
  class space    used 2592K, capacity 2823K, committed 2944K, reserved 1048576K
}
Event: 3.790 GC heap after
{Heap after GC invocations=6 (full 0):
 garbage-first heap   total 54272K, used 11562K [0x00000000c1600000, 0x0000000100000000)
  region size 1024K, 2 young (2048K), 2 survivors (2048K)
 Metaspace       used 20759K, capacity 21380K, committed 21628K, reserved 1069056K
  class space    used 2592K, capacity 2823K, committed 2944K, reserved 1048576K
}

Deoptimization events (10 events):
Event: 1.558 Thread 0x000001759ca85000 Uncommon trap: reason=bimorphic_or_optimized_type_check action=maybe_recompile pc=0x00000175ac9b2584 method=java.util.HashMap.putVal(ILjava/lang/Object;Ljava/lang/Object;ZZ)Ljava/lang/Object; @ 91 c2
Event: 1.689 Thread 0x000001759ca85000 Uncommon trap: reason=bimorphic_or_optimized_type_check action=maybe_recompile pc=0x00000175ac9ce47c method=java.util.HashMap.putVal(ILjava/lang/Object;Ljava/lang/Object;ZZ)Ljava/lang/Object; @ 56 c2
Event: 1.689 Thread 0x000001759ca85000 Uncommon trap: reason=bimorphic_or_optimized_type_check action=maybe_recompile pc=0x00000175ac9ce47c method=java.util.HashMap.putVal(ILjava/lang/Object;Ljava/lang/Object;ZZ)Ljava/lang/Object; @ 56 c2
Event: 1.711 Thread 0x000001759ca85000 Uncommon trap: reason=unstable_if action=reinterpret pc=0x00000175ac99a870 method=java.util.jar.JarFile.getVersionedEntry(Ljava/lang/String;Ljava/util/jar/JarEntry;)Ljava/util/jar/JarEntry; @ 7 c2
Event: 1.726 Thread 0x00000175ba2a0800 Uncommon trap: reason=unstable_if action=reinterpret pc=0x00000175ac9bbedc method=java.util.concurrent.ConcurrentHashMap.get(Ljava/lang/Object;)Ljava/lang/Object; @ 152 c2
Event: 1.759 Thread 0x000001759ca85000 Uncommon trap: reason=speculate_null_assert action=make_not_entrant pc=0x00000175ac9c3084 method=jdk.internal.loader.URLClassPath$JarLoader.getResource(Ljava/lang/String;ZLjava/util/Set;)Ljdk/internal/loader/Resource; @ 17 c2
Event: 1.938 Thread 0x000001759ca85000 Uncommon trap: reason=unstable_if action=reinterpret pc=0x00000175ac9d7580 method=java.util.HashMap.putVal(ILjava/lang/Object;Ljava/lang/Object;ZZ)Ljava/lang/Object; @ 162 c2
Event: 2.364 Thread 0x000001759ca85000 Uncommon trap: reason=unstable_if action=reinterpret pc=0x00000175ac9d8af4 method=java.lang.String.replace(CC)Ljava/lang/String; @ 2 c2
Event: 2.393 Thread 0x00000175ba436000 Uncommon trap: reason=unstable_if action=reinterpret pc=0x00000175ac974dec method=java.lang.CharacterDataLatin1.digit(II)I @ 12 c2
Event: 3.092 Thread 0x000001759ca85000 Uncommon trap: reason=unstable_if action=reinterpret pc=0x00000175ac996de8 method=java.util.regex.Pattern$BmpCharProperty.match(Ljava/util/regex/Matcher;ILjava/lang/CharSequence;)Z @ 5 c2

Classes redefined (0 events):
No events

Internal exceptions (10 events):
Event: 2.942 Thread 0x000001759ca85000 Exception <a 'java/lang/NoSuchMethodError'{0x00000000c5093d20}: java.lang.invoke.DirectMethodHandle$Holder.invokeSpecialIFC(Ljava/lang/Object;Ljava/lang/Object;Ljava/lang/Object;Ljava/lang/Object;)I> (0x00000000c5093d20) thrown at [t:/workspace/open/src/h
Event: 2.943 Thread 0x000001759ca85000 Exception <a 'java/lang/NoSuchMethodError'{0x00000000c509b9e0}: java.lang.invoke.DirectMethodHandle$Holder.invokeInterface(Ljava/lang/Object;Ljava/lang/Object;Ljava/lang/Object;Ljava/lang/Object;)Ljava/lang/Object;> (0x00000000c509b9e0) thrown at [t:/work
Event: 2.954 Thread 0x000001759ca85000 Exception <a 'java/lang/NoSuchMethodError'{0x00000000c50f05b0}: java.lang.invoke.DirectMethodHandle$Holder.invokeVirtual(Ljava/lang/Object;Ljava/lang/Object;)D> (0x00000000c50f05b0) thrown at [t:/workspace/open/src/hotspot/share/interpreter/linkResolver.c
Event: 2.955 Thread 0x000001759ca85000 Exception <a 'java/lang/NoSuchMethodError'{0x00000000c50f5e80}: java.lang.invoke.DirectMethodHandle$Holder.invokeVirtual(Ljava/lang/Object;Ljava/lang/Object;)F> (0x00000000c50f5e80) thrown at [t:/workspace/open/src/hotspot/share/interpreter/linkResolver.c
Event: 2.956 Thread 0x000001759ca85000 Exception <a 'java/lang/NoSuchMethodError'{0x00000000c50fd910}: java.lang.invoke.DirectMethodHandle$Holder.invokeVirtual(Ljava/lang/Object;Ljava/lang/Object;)J> (0x00000000c50fd910) thrown at [t:/workspace/open/src/hotspot/share/interpreter/linkResolver.c
Event: 2.965 Thread 0x000001759ca85000 Exception <a 'java/lang/NoSuchMethodError'{0x00000000c4f40e48}: java.lang.invoke.DirectMethodHandle$Holder.invokeVirtual(Ljava/lang/Object;Ljava/lang/Object;Ljava/lang/Object;)Ljava/lang/Object;> (0x00000000c4f40e48) thrown at [t:/workspace/open/src/hotsp
Event: 2.985 Thread 0x000001759ca85000 Exception <a 'java/lang/NoSuchMethodError'{0x00000000c4fbcda8}: java.lang.invoke.DirectMethodHandle$Holder.invokeSpecial(Ljava/lang/Object;Ljava/lang/Object;Ljava/lang/Object;Ljava/lang/Object;)V> (0x00000000c4fbcda8) thrown at [t:/workspace/open/src/hots
Event: 3.006 Thread 0x000001759ca85000 Exception <a 'java/lang/NoSuchMethodError'{0x00000000c4e8f690}: java.lang.invoke.DirectMethodHandle$Holder.invokeSpecial(Ljava/lang/Object;Ljava/lang/Object;Ljava/lang/Object;Ljava/lang/Object;Ljava/lang/Object;)V> (0x00000000c4e8f690) thrown at [t:/works
Event: 3.007 Thread 0x000001759ca85000 Exception <a 'java/lang/NoSuchMethodError'{0x00000000c4e95838}: java.lang.invoke.DirectMethodHandle$Holder.invokeStatic(Ljava/lang/Object;Ljava/lang/Object;I)V> (0x00000000c4e95838) thrown at [t:/workspace/open/src/hotspot/share/interpreter/linkResolver.c
Event: 3.219 Thread 0x000001759ca85000 Exception <a 'java/lang/NoSuchMethodError'{0x00000000c4247158}: java.lang.invoke.DirectMethodHandle$Holder.invokeSpecial(Ljava/lang/Object;Ljava/lang/Object;Ljava/lang/Object;Ljava/lang/Object;Ljava/lang/Object;Ljava/lang/Object;)V> (0x00000000c4247158) t

Events (10 events):
Event: 11.673 loading class io/netty/channel/RecvByteBufAllocator$ExtendedHandle done
Event: 11.674 loading class io/netty/util/UncheckedBooleanSupplier
Event: 11.674 loading class io/netty/util/UncheckedBooleanSupplier done
Event: 11.674 loading class io/netty/util/BooleanSupplier
Event: 11.674 loading class io/netty/util/BooleanSupplier done
Event: 11.675 loading class io/netty/channel/DefaultMaxMessagesRecvByteBufAllocator$MaxMessageHandle$1
Event: 11.675 loading class io/netty/channel/DefaultMaxMessagesRecvByteBufAllocator$MaxMessageHandle$1 done
Event: 11.675 loading class io/netty/handler/codec/http/HttpObjectDecoder$1
Event: 11.675 loading class io/netty/handler/codec/http/HttpObjectDecoder$1 done
Event: 11.676 Executing VM operation: BulkRevokeBias


Dynamic libraries:
0x00007ff797ef0000 - 0x00007ff797eff000 	C:\Program Files\Java\jdk-12.0.2\bin\javaw.exe
0x00007ff8f86f0000 - 0x00007ff8f88e5000 	C:\WINDOWS\SYSTEM32\ntdll.dll
0x00007ff8f7370000 - 0x00007ff8f742d000 	C:\WINDOWS\System32\KERNEL32.DLL
0x00007ff8f6370000 - 0x00007ff8f6638000 	C:\WINDOWS\System32\KERNELBASE.dll
0x00007ff8f6240000 - 0x00007ff8f6340000 	C:\WINDOWS\System32\ucrtbase.dll
0x00007ff8e09e0000 - 0x00007ff8e09f6000 	C:\Program Files\Java\jdk-12.0.2\bin\VCRUNTIME140.dll
0x00007ff8d3b90000 - 0x00007ff8d3ba8000 	C:\Program Files\Java\jdk-12.0.2\bin\jli.dll
0x00007ff8f7960000 - 0x00007ff8f7a0c000 	C:\WINDOWS\System32\ADVAPI32.dll
0x00007ff8f8610000 - 0x00007ff8f86ae000 	C:\WINDOWS\System32\msvcrt.dll
0x00007ff8f7ce0000 - 0x00007ff8f7d7b000 	C:\WINDOWS\System32\sechost.dll
0x00007ff8f71a0000 - 0x00007ff8f72cb000 	C:\WINDOWS\System32\RPCRT4.dll
0x00007ff8f6f20000 - 0x00007ff8f70c0000 	C:\WINDOWS\System32\USER32.dll
0x00007ff8f6340000 - 0x00007ff8f6362000 	C:\WINDOWS\System32\win32u.dll
0x00007ff8f7660000 - 0x00007ff8f768a000 	C:\WINDOWS\System32\GDI32.dll
0x00007ff8f4710000 - 0x00007ff8f49aa000 	C:\WINDOWS\WinSxS\amd64_microsoft.windows.common-controls_6595b64144ccf1df_6.0.19041.844_none_ca00b6081b84eb1d\COMCTL32.dll
0x00007ff8f5e60000 - 0x00007ff8f5f6b000 	C:\WINDOWS\System32\gdi32full.dll
0x00007ff8f61a0000 - 0x00007ff8f623d000 	C:\WINDOWS\System32\msvcp_win.dll
0x00007ff8ee450000 - 0x00007ff8ee45a000 	C:\WINDOWS\SYSTEM32\VERSION.dll
0x00007ff8f74f0000 - 0x00007ff8f7520000 	C:\WINDOWS\System32\IMM32.DLL
0x00007ff8caf20000 - 0x00007ff8cafca000 	C:\Program Files\Java\jdk-12.0.2\bin\msvcp140.dll
0x00007ff8b1900000 - 0x00007ff8b2477000 	C:\Program Files\Java\jdk-12.0.2\bin\server\jvm.dll
0x00007ff8f74e0000 - 0x00007ff8f74e8000 	C:\WINDOWS\System32\PSAPI.DLL
0x00007ff8ddbb0000 - 0x00007ff8ddbd7000 	C:\WINDOWS\SYSTEM32\WINMM.dll
0x00007ff8f3910000 - 0x00007ff8f3919000 	C:\WINDOWS\SYSTEM32\WSOCK32.dll
0x00007ff8f7520000 - 0x00007ff8f758b000 	C:\WINDOWS\System32\WS2_32.dll
0x00007ff8f3280000 - 0x00007ff8f3292000 	C:\WINDOWS\SYSTEM32\kernel.appcore.dll
0x00007ff8e1bf0000 - 0x00007ff8e1c01000 	C:\Program Files\Java\jdk-12.0.2\bin\verify.dll
0x00007ff8f5780000 - 0x00007ff8f5964000 	C:\WINDOWS\SYSTEM32\DBGHELP.DLL
0x00007ff8f4dc0000 - 0x00007ff8f4dec000 	C:\WINDOWS\SYSTEM32\dbgcore.DLL
0x00007ff8f6120000 - 0x00007ff8f61a0000 	C:\WINDOWS\System32\bcryptPrimitives.dll
0x00007ff8dadb0000 - 0x00007ff8dadd6000 	C:\Program Files\Java\jdk-12.0.2\bin\java.dll
0x00007ff8e07f0000 - 0x00007ff8e0807000 	C:\Program Files\Java\jdk-12.0.2\bin\zip.dll
0x00007ff8f37c0000 - 0x00007ff8f37ca000 	C:\Program Files\Java\jdk-12.0.2\bin\jimage.dll
0x00007ff8f6750000 - 0x00007ff8f6e92000 	C:\WINDOWS\System32\SHELL32.dll
0x00007ff8f3920000 - 0x00007ff8f40b1000 	C:\WINDOWS\SYSTEM32\windows.storage.dll
0x00007ff8f82b0000 - 0x00007ff8f8605000 	C:\WINDOWS\System32\combase.dll
0x00007ff8f5600000 - 0x00007ff8f562c000 	C:\WINDOWS\SYSTEM32\Wldp.dll
0x00007ff8f7430000 - 0x00007ff8f74de000 	C:\WINDOWS\System32\SHCORE.dll
0x00007ff8f8250000 - 0x00007ff8f82a5000 	C:\WINDOWS\System32\shlwapi.dll
0x00007ff8f5d70000 - 0x00007ff8f5d8f000 	C:\WINDOWS\SYSTEM32\profapi.dll
0x00007ff8db610000 - 0x00007ff8db629000 	C:\Program Files\Java\jdk-12.0.2\bin\net.dll
0x00007ff8e9610000 - 0x00007ff8e971b000 	C:\WINDOWS\SYSTEM32\WINHTTP.dll
0x00007ff8e0f70000 - 0x00007ff8e115e000 	C:\WINDOWS\SYSTEM32\urlmon.dll
0x00007ff8e12a0000 - 0x00007ff8e1550000 	C:\WINDOWS\SYSTEM32\iertutil.dll
0x00007ff8f5390000 - 0x00007ff8f53fa000 	C:\WINDOWS\system32\mswsock.dll
0x00007ff8d6520000 - 0x00007ff8d6533000 	C:\Program Files\Java\jdk-12.0.2\bin\nio.dll
0x00007ff8f50d0000 - 0x00007ff8f519c000 	C:\WINDOWS\SYSTEM32\DNSAPI.dll
0x00007ff8f4fa0000 - 0x00007ff8f4fdb000 	C:\WINDOWS\SYSTEM32\IPHLPAPI.DLL
0x00007ff8f7950000 - 0x00007ff8f7958000 	C:\WINDOWS\System32\NSI.dll
0x00007ff8e93d0000 - 0x00007ff8e93da000 	C:\Windows\System32\rasadhlp.dll
0x00007ff8e92f0000 - 0x00007ff8e936f000 	C:\WINDOWS\System32\fwpuclnt.dll
0x00007ff8f5e30000 - 0x00007ff8f5e57000 	C:\WINDOWS\System32\bcrypt.dll
0x00007ff8f5a20000 - 0x00007ff8f5a38000 	C:\WINDOWS\SYSTEM32\CRYPTSP.dll
0x00007ff8f4b80000 - 0x00007ff8f4bb4000 	C:\WINDOWS\system32\rsaenh.dll
0x00007ff8f5cf0000 - 0x00007ff8f5d1e000 	C:\WINDOWS\SYSTEM32\USERENV.dll
0x00007ff8f5560000 - 0x00007ff8f556c000 	C:\WINDOWS\SYSTEM32\CRYPTBASE.dll
0x00007ff8e95d0000 - 0x00007ff8e95e7000 	C:\WINDOWS\SYSTEM32\dhcpcsvc6.DLL
0x00007ff8e97b0000 - 0x00007ff8e97cd000 	C:\WINDOWS\SYSTEM32\dhcpcsvc.DLL
0x00007ff8f3600000 - 0x00007ff8f3609000 	C:\Program Files\Java\jdk-12.0.2\bin\management.dll
0x00007ff8f35d0000 - 0x00007ff8f35dc000 	C:\Program Files\Java\jdk-12.0.2\bin\management_ext.dll
0x00007ff8f3820000 - 0x00007ff8f382e000 	C:\Program Files\Java\jdk-12.0.2\bin\sunmscapi.dll
0x00007ff8f5f70000 - 0x00007ff8f60cf000 	C:\WINDOWS\System32\CRYPT32.dll
0x00007ff8f5670000 - 0x00007ff8f5697000 	C:\WINDOWS\SYSTEM32\ncrypt.dll
0x00007ff8f5630000 - 0x00007ff8f566b000 	C:\WINDOWS\SYSTEM32\NTASN1.dll
0x00007ff8d3ad0000 - 0x00007ff8d3af7000 	C:\Program Files\Java\jdk-12.0.2\bin\sunec.dll
0x00007ff8f3780000 - 0x00007ff8f3797000 	C:\WINDOWS\system32\napinsp.dll
0x00007ff8f37a0000 - 0x00007ff8f37bb000 	C:\WINDOWS\system32\pnrpnsp.dll
0x00007ff8cf160000 - 0x00007ff8cf175000 	C:\WINDOWS\system32\wshbth.dll
0x00007ff8f0730000 - 0x00007ff8f074d000 	C:\WINDOWS\system32\NLAapi.dll
0x00007ff8f38f0000 - 0x00007ff8f3902000 	C:\WINDOWS\System32\winrnr.dll

dbghelp: loaded successfully - version: 4.0.5 - missing functions: none
symbol engine: initialized successfully - sym options: 0x614 - pdb path: .;C:\Program Files\Java\jdk-12.0.2\bin;C:\WINDOWS\SYSTEM32;C:\WINDOWS\WinSxS\amd64_microsoft.windows.common-controls_6595b64144ccf1df_6.0.19041.844_none_ca00b6081b84eb1d;C:\Program Files\Java\jdk-12.0.2\bin\server

VM Arguments:
jvm_args: -ea -Dfile.encoding=Cp1252 
java_command: org.testng.remote.RemoteTestNG -serport 59192 -protocol json -d C:\Users\91897\eclipse-workspace\Demo_Orange_Application\test-output C:\Users\91897\eclipse-workspace\Demo_Orange_Application\test-output\Testng3.xml
java_class_path (initial): C:\Users\91897\eclipse\jee-2019-06\eclipse\configuration\org.eclipse.osgi\999\0\.cp\lib\testng-remote.jar;C:\Users\91897\eclipse-workspace\Demo_Orange_Application\target\test-classes;C:\Users\91897\eclipse-workspace\Demo_Orange_Application\target\classes;C:\Users\91897\.m2\repository\org\seleniumhq\selenium\selenium-java\4.0.0-alpha-7\selenium-java-4.0.0-alpha-7.jar;C:\Users\91897\.m2\repository\org\seleniumhq\selenium\selenium-api\4.0.0-alpha-7\selenium-api-4.0.0-alpha-7.jar;C:\Users\91897\.m2\repository\org\seleniumhq\selenium\selenium-chrome-driver\4.0.0-alpha-7\selenium-chrome-driver-4.0.0-alpha-7.jar;C:\Users\91897\.m2\repository\com\google\auto\service\auto-service-annotations\1.0-rc7\auto-service-annotations-1.0-rc7.jar;C:\Users\91897\.m2\repository\com\google\auto\service\auto-service\1.0-rc7\auto-service-1.0-rc7.jar;C:\Users\91897\.m2\repository\com\google\auto\auto-common\0.10\auto-common-0.10.jar;C:\Users\91897\.m2\repository\com\google\guava\guava\30.0-jre\guava-30.0-jre.jar;C:\Users\91897\.m2\repository\com\google\guava\failureaccess\1.0.1\failureaccess-1.0.1.jar;C:\Users\91897\.m2\repository\com\google\guava\listenablefuture\9999.0-empty-to-avoid-conflict-with-guava\listenablefuture-9999.0-empty-to-avoid-conflict-with-guava.jar;C:\Users\91897\.m2\repository\com\google\code\findbugs\jsr305\3.0.2\jsr305-3.0.2.jar;C:\Users\91897\.m2\repository\org\checkerframework\checker-qual\3.5.0\checker-qual-3.5.0.jar;C:\Users\91897\.m2\repository\com\google\errorprone\error_prone_annotations\2.3.4\error_prone_annotations-2.3.4.jar;C:\Users\91897\.m2\repository\com\google\j2objc\j2objc-annotations\1.3\j2objc-annotations-1.3.jar;C:\Users\91897\.m2\repository\org\seleniumhq\selenium\selenium-chromium-driver\4.0.0-alpha-7\selenium-chromium-driver-4.0.0-alpha-7.jar;C:\Users\91897\.m2\repository\org\seleniumhq\selenium\selenium-devtools\4.0.0-alpha-7\selenium-devtools-4.0.0-alpha-7.jar;C:\Users\91897\.m2\repository\org\seleniumhq\selenium\selen
Launcher Type: SUN_STANDARD

[Global flags]
     intx CICompilerCount                          = 3                                         {product} {ergonomic}
     uint ConcGCThreads                            = 1                                         {product} {ergonomic}
     uint G1ConcRefinementThreads                  = 4                                         {product} {ergonomic}
   size_t G1HeapRegionSize                         = 1048576                                   {product} {ergonomic}
    uintx GCDrainStackTargetSize                   = 64                                        {product} {ergonomic}
   size_t InitialHeapSize                          = 67108864                                  {product} {ergonomic}
   size_t MarkStackSize                            = 4194304                                   {product} {ergonomic}
   size_t MaxHeapSize                              = 1050673152                                {product} {ergonomic}
   size_t MaxNewSize                               = 630194176                                 {product} {ergonomic}
   size_t MinHeapDeltaBytes                        = 1048576                                   {product} {ergonomic}
    uintx NonNMethodCodeHeapSize                   = 5830732                                {pd product} {ergonomic}
    uintx NonProfiledCodeHeapSize                  = 122913754                              {pd product} {ergonomic}
    uintx ProfiledCodeHeapSize                     = 122913754                              {pd product} {ergonomic}
    uintx ReservedCodeCacheSize                    = 251658240                              {pd product} {ergonomic}
     bool SegmentedCodeCache                       = true                                      {product} {ergonomic}
     bool UseCompressedClassPointers               = true                                 {lp64_product} {ergonomic}
     bool UseCompressedOops                        = true                                 {lp64_product} {ergonomic}
     bool UseG1GC                                  = true                                      {product} {ergonomic}
     bool UseLargePagesIndividualAllocation        = false                                  {pd product} {ergonomic}

Logging:
Log output configuration:
 #0: stdout all=warning uptime,level,tags
 #1: stderr all=off uptime,level,tags

Environment Variables:
JAVA_HOME=C:\Program Files\Java\jdk1.8.0_281
CLASSPATH=C:\Program Files\Java\jdk1.8.0_281\lib
PATH=C:/Program Files/Java/jdk-12.0.2/bin/server;C:/Program Files/Java/jdk-12.0.2/bin;C:\Program Files (x86)\Common Files\Oracle\Java\javapath;C:\WINDOWS\system32;C:\WINDOWS;C:\WINDOWS\System32\Wbem;C:\WINDOWS\System32\WindowsPowerShell\v1.0\;C:\WINDOWS\System32\OpenSSH\;C:\Program Files\Java\jdk-12.0.2\bin;C:\Program Files\Git\cmd;C:\Users\91897\Downloads\apache-maven-3.8.1-bin\apache-maven-3.8.1\bin;C:\Program Files\Java\jdk1.8.0_281\bin;C:\Users\91897\Desktop;
USERNAME=91897
OS=Windows_NT
PROCESSOR_IDENTIFIER=Intel64 Family 6 Model 142 Stepping 9, GenuineIntel



---------------  S Y S T E M  ---------------

OS: Windows 10 , 64 bit Build 19041 (10.0.19041.928)

CPU:total 4 (initial active 4) (2 cores per cpu, 2 threads per core) family 6 model 142 stepping 9, cmov, cx8, fxsr, mmx, sse, sse2, sse3, ssse3, sse4.1, sse4.2, popcnt, avx, avx2, aes, clmul, erms, 3dnowpref, lzcnt, ht, tsc, tscinvbit, bmi1, bmi2, adx, fma

Memory: 4k page, system-wide physical 4007M (281M free)
TotalPageFile size 5403M (AvailPageFile size 0M)
current process WorkingSet (physical memory assigned to process): 133M, peak: 143M
current process commit charge ("private bytes"): 172M, peak: 180M

vm_info: Java HotSpot(TM) 64-Bit Server VM (12.0.2+10) for windows-amd64 JRE (12.0.2+10), built on Jul 16 2019 01:56:17 by "mach5one" with MS VC++ 15.5 (VS2017)

END.
