#
# There is insufficient memory for the Java Runtime Environment to continue.
# Native memory allocation (malloc) failed to allocate 32744 bytes for ChunkPool::allocate
# Possible reasons:
#   The system is out of physical RAM or swap space
#   The process is running with CompressedOops enabled, and the Java Heap may be blocking the growth of the native heap
# Possible solutions:
#   Reduce memory load on the system
#   Increase physical memory or swap space
#   Check if swap backing store is full
#   Decrease Java heap size (-Xmx/-Xms)
#   Decrease number of Java threads
#   Decrease Java thread stack sizes (-Xss)
#   Set larger code cache with -XX:ReservedCodeCacheSize=
#   JVM is running with Unscaled Compressed Oops mode in which the Java heap is
#     placed in the first 4GB address space. The Java Heap base address is the
#     maximum limit for the native heap growth. Please use -XX:HeapBaseMinAddress
#     to set the Java Heap base and to place the Java Heap above 4GB virtual address.
# This output file may be truncated or incomplete.
#
#  Out of Memory Error (t:/workspace/open/src/hotspot/share/memory/arena.cpp:81), pid=10256, tid=5100
#
# JRE version: Java(TM) SE Runtime Environment (12.0.2+10) (build 12.0.2+10)
# Java VM: Java HotSpot(TM) 64-Bit Server VM (12.0.2+10, mixed mode, sharing, tiered, compressed oops, g1 gc, windows-amd64)
# No core dump will be written. Minidumps are not enabled by default on client versions of Windows
#

---------------  S U M M A R Y ------------

Command Line: -ea -Dfile.encoding=Cp1252 org.testng.remote.RemoteTestNG -serport 59273 -protocol json -d C:\Users\91897\eclipse-workspace\Demo_Orange_Application\test-output C:\Users\91897\eclipse-workspace\Demo_Orange_Application\test-output\Testng3.xml

Host: Intel(R) Core(TM) i3-7100U CPU @ 2.40GHz, 4 cores, 3G,  Windows 10 , 64 bit Build 19041 (10.0.19041.928)
Time: Sun Jun 27 01:17:34 2021 India Standard Time elapsed time: 20 seconds (0d 0h 0m 20s)

---------------  T H R E A D  ---------------

Current thread (0x000001766bacf000):  JavaThread "C2 CompilerThread0" daemon [_thread_in_native, id=5100, stack(0x0000001c74700000,0x0000001c74800000)]


Current CompileTask:
C2:  20525 2392   !   4       jdk.internal.loader.BuiltinClassLoader::loadClassOrNull (143 bytes)

Stack: [0x0000001c74700000,0x0000001c74800000]
Native frames: (J=compiled Java code, j=interpreted, Vv=VM code, C=native code)
V  [jvm.dll+0x63aa2a]
V  [jvm.dll+0x78ce1e]
V  [jvm.dll+0x78e4c1]
V  [jvm.dll+0x78eb13]
V  [jvm.dll+0x2627e8]
V  [jvm.dll+0xc57f6]
V  [jvm.dll+0xc5b4c]
V  [jvm.dll+0x37f62d]
V  [jvm.dll+0x37a6af]
V  [jvm.dll+0x3463d3]
V  [jvm.dll+0x34579a]
V  [jvm.dll+0x21c205]
V  [jvm.dll+0x21b3da]
V  [jvm.dll+0x199a20]
V  [jvm.dll+0x22a744]
V  [jvm.dll+0x228d98]
V  [jvm.dll+0x7512a0]
V  [jvm.dll+0x74a2c8]
V  [jvm.dll+0x639b16]
C  [ucrtbase.dll+0x21bb2]
C  [KERNEL32.DLL+0x17034]
C  [ntdll.dll+0x52651]


---------------  P R O C E S S  ---------------

Threads class SMR info:
_java_thread_list=0x000001766da62e30, length=20, elements={
0x000001764fcd8800, 0x000001764fdac000, 0x000001764fdad800, 0x000001766bac7000,
0x000001766bacb000, 0x000001766bacf000, 0x000001766bade000, 0x000001766bae5800,
0x000001766c525000, 0x000001766c52d000, 0x000001766d2eb000, 0x000001766d1af000,
0x000001766d6d4800, 0x000001766cdc6000, 0x000001766dd2a800, 0x000001766d559800,
0x000001766d79f000, 0x000001766cd11000, 0x000001766cf00000, 0x000001766badf000
}

Java Threads: ( => current thread )
  0x000001764fcd8800 JavaThread "main" [_thread_in_native, id=6288, stack(0x0000001c73c00000,0x0000001c73d00000)]
  0x000001764fdac000 JavaThread "Reference Handler" daemon [_thread_blocked, id=6608, stack(0x0000001c74300000,0x0000001c74400000)]
  0x000001764fdad800 JavaThread "Finalizer" daemon [_thread_blocked, id=7692, stack(0x0000001c74400000,0x0000001c74500000)]
  0x000001766bac7000 JavaThread "Signal Dispatcher" daemon [_thread_blocked, id=9392, stack(0x0000001c74500000,0x0000001c74600000)]
  0x000001766bacb000 JavaThread "Attach Listener" daemon [_thread_blocked, id=10516, stack(0x0000001c74600000,0x0000001c74700000)]
=>0x000001766bacf000 JavaThread "C2 CompilerThread0" daemon [_thread_in_native, id=5100, stack(0x0000001c74700000,0x0000001c74800000)]
  0x000001766bade000 JavaThread "C1 CompilerThread0" daemon [_thread_in_native, id=9148, stack(0x0000001c74800000,0x0000001c74900000)]
  0x000001766bae5800 JavaThread "Sweeper thread" daemon [_thread_blocked, id=8016, stack(0x0000001c74900000,0x0000001c74a00000)]
  0x000001766c525000 JavaThread "Service Thread" daemon [_thread_blocked, id=7892, stack(0x0000001c74a00000,0x0000001c74b00000)]
  0x000001766c52d000 JavaThread "Common-Cleaner" daemon [_thread_blocked, id=6364, stack(0x0000001c74c00000,0x0000001c74d00000)]
  0x000001766d2eb000 JavaThread "ReaderThread" [_thread_in_native, id=800, stack(0x0000001c75000000,0x0000001c75100000)]
  0x000001766d1af000 JavaThread "ForkJoinPool.commonPool-worker-3" daemon [_thread_blocked, id=1004, stack(0x0000001c75300000,0x0000001c75400000)]
  0x000001766d6d4800 JavaThread "AsyncHttpClient-1-1" daemon [_thread_blocked, id=5464, stack(0x0000001c75400000,0x0000001c75500000)]
  0x000001766cdc6000 JavaThread "Exec Default Executor" daemon [_thread_in_native, id=10028, stack(0x0000001c75500000,0x0000001c75600000)]
  0x000001766dd2a800 JavaThread "ForkJoinPool.commonPool-worker-5" daemon [_thread_blocked, id=3880, stack(0x0000001c75600000,0x0000001c75700000)]
  0x000001766d559800 JavaThread "ForkJoinPool.commonPool-worker-7" daemon [_thread_blocked, id=9848, stack(0x0000001c75700000,0x0000001c75800000)]
  0x000001766d79f000 JavaThread "UrlChecker-2" daemon [_thread_blocked, id=7208, stack(0x0000001c75800000,0x0000001c75900000)]
  0x000001766cd11000 JavaThread "Exec Stream Pumper" daemon [_thread_in_native, id=9616, stack(0x0000001c75900000,0x0000001c75a00000)]
  0x000001766cf00000 JavaThread "Exec Stream Pumper" daemon [_thread_in_native, id=8032, stack(0x0000001c75a00000,0x0000001c75b00000)]
  0x000001766badf000 JavaThread "AsyncHttpClient-1-2" daemon [_thread_in_native, id=1536, stack(0x0000001c75b00000,0x0000001c75c00000)]

Other Threads:
  0x000001764fda8000 VMThread "VM Thread" [stack: 0x0000001c74200000,0x0000001c74300000] [id=9104]
  0x000001766c528000 WatcherThread [stack: 0x0000001c74b00000,0x0000001c74c00000] [id=5872]
  0x000001764fd04800 GCTaskThread "GC Thread#0" [stack: 0x0000001c73d00000,0x0000001c73e00000] [id=2772]
  0x000001766ce51000 GCTaskThread "GC Thread#1" [stack: 0x0000001c74e00000,0x0000001c74f00000] [id=2104]
  0x000001766d55e800 GCTaskThread "GC Thread#2" [stack: 0x0000001c75100000,0x0000001c75200000] [id=1784]
  0x000001766cecc800 GCTaskThread "GC Thread#3" [stack: 0x0000001c75200000,0x0000001c75300000] [id=2712]
  0x000001764fd0d000 ConcurrentGCThread "G1 Main Marker" [stack: 0x0000001c73e00000,0x0000001c73f00000] [id=11260]
  0x000001764fd10000 ConcurrentGCThread "G1 Conc#0" [stack: 0x0000001c73f00000,0x0000001c74000000] [id=3140]
  0x000001764fd68800 ConcurrentGCThread "G1 Refine#0" [stack: 0x0000001c74000000,0x0000001c74100000] [id=9980]
  0x000001764fd69800 ConcurrentGCThread "G1 Young RemSet Sampling" [stack: 0x0000001c74100000,0x0000001c74200000] [id=7884]

Threads with active compile tasks:
C2 CompilerThread0  2392   !   4       jdk.internal.loader.BuiltinClassLoader::loadClassOrNull (143 bytes)
C1 CompilerThread0  2414       3       jdk.internal.org.objectweb.asm.FieldWriter::putFieldInfo (418 bytes)

VM state:not at safepoint (normal execution)

VM Mutex/Monitor currently owned by a thread: None

Heap address: 0x00000000c1600000, size: 1002 MB, Compressed Oops mode: 32-bit
Narrow klass base: 0x0000000800000000, Narrow klass shift: 3
Compressed class space size: 1073741824 Address: 0x0000000801190000

Heap:
 garbage-first heap   total 55296K, used 39480K [0x00000000c1600000, 0x0000000100000000)
  region size 1024K, 10 young (10240K), 1 survivors (1024K)
 Metaspace       used 26814K, capacity 27515K, committed 27772K, reserved 1073152K
  class space    used 3342K, capacity 3607K, committed 3712K, reserved 1048576K
Heap Regions: E=young(eden), S=young(survivor), O=old, HS=humongous(starts), HC=humongous(continues), CS=collection set, F=free, A=archive, TAMS=top-at-mark-start (previous, next)
|   0|0x00000000c1600000, 0x00000000c1700000, 0x00000000c1700000|100%|HS|  |TAMS 0x00000000c1700000, 0x00000000c1600000| Complete 
|   1|0x00000000c1700000, 0x00000000c1800000, 0x00000000c1800000|100%| O|  |TAMS 0x00000000c1800000, 0x00000000c1700000| Untracked 
|   2|0x00000000c1800000, 0x00000000c1900000, 0x00000000c1900000|100%| O|  |TAMS 0x00000000c1900000, 0x00000000c1800000| Untracked 
|   3|0x00000000c1900000, 0x00000000c1a00000, 0x00000000c1a00000|100%| O|  |TAMS 0x00000000c1a00000, 0x00000000c1900000| Untracked 
|   4|0x00000000c1a00000, 0x00000000c1b00000, 0x00000000c1b00000|100%| O|  |TAMS 0x00000000c1b00000, 0x00000000c1a00000| Untracked 
|   5|0x00000000c1b00000, 0x00000000c1c00000, 0x00000000c1c00000|100%| O|  |TAMS 0x00000000c1c00000, 0x00000000c1b00000| Untracked 
|   6|0x00000000c1c00000, 0x00000000c1d00000, 0x00000000c1d00000|100%| O|  |TAMS 0x00000000c1d00000, 0x00000000c1c00000| Untracked 
|   7|0x00000000c1d00000, 0x00000000c1da6200, 0x00000000c1e00000| 64%| O|  |TAMS 0x00000000c1da6200, 0x00000000c1d00000| Untracked 
|   8|0x00000000c1e00000, 0x00000000c1f00000, 0x00000000c1f00000|100%| O|  |TAMS 0x00000000c1f00000, 0x00000000c1e00000| Untracked 
|   9|0x00000000c1f00000, 0x00000000c2000000, 0x00000000c2000000|100%| O|  |TAMS 0x00000000c2000000, 0x00000000c1f00000| Untracked 
|  10|0x00000000c2000000, 0x00000000c2100000, 0x00000000c2100000|100%| O|  |TAMS 0x00000000c2064e00, 0x00000000c2000000| Untracked 
|  11|0x00000000c2100000, 0x00000000c2200000, 0x00000000c2200000|100%|HS|  |TAMS 0x00000000c2200000, 0x00000000c2100000| Complete 
|  12|0x00000000c2200000, 0x00000000c2300000, 0x00000000c2300000|100%|HC|  |TAMS 0x00000000c2300000, 0x00000000c2200000| Complete 
|  13|0x00000000c2300000, 0x00000000c2400000, 0x00000000c2400000|100%|HC|  |TAMS 0x00000000c2400000, 0x00000000c2300000| Complete 
|  14|0x00000000c2400000, 0x00000000c2500000, 0x00000000c2500000|100%|HC|  |TAMS 0x00000000c2500000, 0x00000000c2400000| Complete 
|  15|0x00000000c2500000, 0x00000000c2600000, 0x00000000c2600000|100%|HC|  |TAMS 0x00000000c2600000, 0x00000000c2500000| Complete 
|  16|0x00000000c2600000, 0x00000000c2700000, 0x00000000c2700000|100%|HC|  |TAMS 0x00000000c2700000, 0x00000000c2600000| Complete 
|  17|0x00000000c2700000, 0x00000000c2800000, 0x00000000c2800000|100%|HC|  |TAMS 0x00000000c2800000, 0x00000000c2700000| Complete 
|  18|0x00000000c2800000, 0x00000000c2900000, 0x00000000c2900000|100%|HC|  |TAMS 0x00000000c2900000, 0x00000000c2800000| Complete 
|  19|0x00000000c2900000, 0x00000000c2a00000, 0x00000000c2a00000|100%|HC|  |TAMS 0x00000000c2a00000, 0x00000000c2900000| Complete 
|  20|0x00000000c2a00000, 0x00000000c2b00000, 0x00000000c2b00000|100%|HC|  |TAMS 0x00000000c2b00000, 0x00000000c2a00000| Complete 
|  21|0x00000000c2b00000, 0x00000000c2c00000, 0x00000000c2c00000|100%|HC|  |TAMS 0x00000000c2c00000, 0x00000000c2b00000| Complete 
|  22|0x00000000c2c00000, 0x00000000c2d00000, 0x00000000c2d00000|100%|HC|  |TAMS 0x00000000c2d00000, 0x00000000c2c00000| Complete 
|  23|0x00000000c2d00000, 0x00000000c2e00000, 0x00000000c2e00000|100%|HC|  |TAMS 0x00000000c2e00000, 0x00000000c2d00000| Complete 
|  24|0x00000000c2e00000, 0x00000000c2f00000, 0x00000000c2f00000|100%|HC|  |TAMS 0x00000000c2f00000, 0x00000000c2e00000| Complete 
|  25|0x00000000c2f00000, 0x00000000c3000000, 0x00000000c3000000|100%|HC|  |TAMS 0x00000000c3000000, 0x00000000c2f00000| Complete 
|  26|0x00000000c3000000, 0x00000000c3100000, 0x00000000c3100000|100%|HC|  |TAMS 0x00000000c3100000, 0x00000000c3000000| Complete 
|  27|0x00000000c3100000, 0x00000000c3200000, 0x00000000c3200000|100%|HC|  |TAMS 0x00000000c3200000, 0x00000000c3100000| Complete 
|  28|0x00000000c3200000, 0x00000000c3300000, 0x00000000c3300000|100%| O|  |TAMS 0x00000000c3200000, 0x00000000c3200000| Untracked 
|  29|0x00000000c3300000, 0x00000000c3400000, 0x00000000c3400000|100%| O|  |TAMS 0x00000000c3300000, 0x00000000c3300000| Untracked 
|  30|0x00000000c3400000, 0x00000000c344e800, 0x00000000c3500000| 30%| O|  |TAMS 0x00000000c3400000, 0x00000000c3400000| Untracked 
|  31|0x00000000c3500000, 0x00000000c3500000, 0x00000000c3600000|  0%| F|  |TAMS 0x00000000c3500000, 0x00000000c3500000| Untracked 
|  32|0x00000000c3600000, 0x00000000c3600000, 0x00000000c3700000|  0%| F|  |TAMS 0x00000000c3600000, 0x00000000c3600000| Untracked 
|  33|0x00000000c3700000, 0x00000000c3700000, 0x00000000c3800000|  0%| F|  |TAMS 0x00000000c3700000, 0x00000000c3700000| Untracked 
|  34|0x00000000c3800000, 0x00000000c3800000, 0x00000000c3900000|  0%| F|  |TAMS 0x00000000c3800000, 0x00000000c3800000| Untracked 
|  35|0x00000000c3900000, 0x00000000c3900000, 0x00000000c3a00000|  0%| F|  |TAMS 0x00000000c3900000, 0x00000000c3900000| Untracked 
|  36|0x00000000c3a00000, 0x00000000c3a00000, 0x00000000c3b00000|  0%| F|  |TAMS 0x00000000c3a00000, 0x00000000c3a00000| Untracked 
|  37|0x00000000c3b00000, 0x00000000c3b00000, 0x00000000c3c00000|  0%| F|  |TAMS 0x00000000c3b00000, 0x00000000c3b00000| Untracked 
|  38|0x00000000c3c00000, 0x00000000c3c00000, 0x00000000c3d00000|  0%| F|  |TAMS 0x00000000c3c00000, 0x00000000c3c00000| Untracked 
|  39|0x00000000c3d00000, 0x00000000c3d00000, 0x00000000c3e00000|  0%| F|  |TAMS 0x00000000c3d00000, 0x00000000c3d00000| Untracked 
|  40|0x00000000c3e00000, 0x00000000c3e00000, 0x00000000c3f00000|  0%| F|  |TAMS 0x00000000c3e00000, 0x00000000c3e00000| Untracked 
|  41|0x00000000c3f00000, 0x00000000c3f00000, 0x00000000c4000000|  0%| F|  |TAMS 0x00000000c3f00000, 0x00000000c3f00000| Untracked 
|  42|0x00000000c4000000, 0x00000000c4099840, 0x00000000c4100000| 59%| S|CS|TAMS 0x00000000c4000000, 0x00000000c4000000| Complete 
|  43|0x00000000c4100000, 0x00000000c4100000, 0x00000000c4200000|  0%| F|  |TAMS 0x00000000c4100000, 0x00000000c4100000| Untracked 
|  44|0x00000000c4200000, 0x00000000c4200000, 0x00000000c4300000|  0%| F|  |TAMS 0x00000000c4200000, 0x00000000c4200000| Untracked 
|  45|0x00000000c4300000, 0x00000000c43714f0, 0x00000000c4400000| 44%| E|  |TAMS 0x00000000c4300000, 0x00000000c4300000| Complete 
|  46|0x00000000c4400000, 0x00000000c4500000, 0x00000000c4500000|100%| E|CS|TAMS 0x00000000c4400000, 0x00000000c4400000| Complete 
|  47|0x00000000c4500000, 0x00000000c4600000, 0x00000000c4600000|100%| E|CS|TAMS 0x00000000c4500000, 0x00000000c4500000| Complete 
|  48|0x00000000c4600000, 0x00000000c4700000, 0x00000000c4700000|100%| E|CS|TAMS 0x00000000c4600000, 0x00000000c4600000| Complete 
|  49|0x00000000c4700000, 0x00000000c4800000, 0x00000000c4800000|100%| E|CS|TAMS 0x00000000c4700000, 0x00000000c4700000| Complete 
|  50|0x00000000c4800000, 0x00000000c4900000, 0x00000000c4900000|100%| E|CS|TAMS 0x00000000c4800000, 0x00000000c4800000| Complete 
|  51|0x00000000c4900000, 0x00000000c4a00000, 0x00000000c4a00000|100%| E|CS|TAMS 0x00000000c4900000, 0x00000000c4900000| Complete 
|  52|0x00000000c4a00000, 0x00000000c4b00000, 0x00000000c4b00000|100%| E|CS|TAMS 0x00000000c4a00000, 0x00000000c4a00000| Complete 
|  63|0x00000000c5500000, 0x00000000c5600000, 0x00000000c5600000|100%| E|CS|TAMS 0x00000000c5500000, 0x00000000c5500000| Complete 

Card table byte_map: [0x00000176672e0000,0x00000176674e0000] _byte_map_base: 0x0000017666cd5000

Marking Bits (Prev, Next): (CMBitMap*) 0x000001764fd05848, (CMBitMap*) 0x000001764fd05808
 Prev Bits: [0x0000017668690000, 0x0000017669638000)
 Next Bits: [0x00000176676e0000, 0x0000017668688000)

Polling page: 0x000001764db00000

Metaspace:

Usage:
  Non-class:     23.35 MB capacity,    22.95 MB ( 98%) used,   332.95 KB (  1%) free+waste,    77.31 KB ( <1%) overhead. 
      Class:      3.52 MB capacity,     3.27 MB ( 93%) used,   223.02 KB (  6%) free+waste,    38.00 KB (  1%) overhead. 
       Both:     26.87 MB capacity,    26.21 MB ( 98%) used,   555.98 KB (  2%) free+waste,   115.31 KB ( <1%) overhead. 

Virtual space:
  Non-class space:       24.00 MB reserved,      23.50 MB ( 98%) committed 
      Class space:        1.00 GB reserved,       3.63 MB ( <1%) committed 
             Both:        1.02 GB reserved,      27.12 MB (  3%) committed 

Chunk freelists:
   Non-Class:  3.00 KB
       Class:  1.13 KB
        Both:  4.13 KB

CodeHeap 'non-profiled nmethods': size=120064Kb used=955Kb max_used=955Kb free=119108Kb
 bounds [0x000001765fba0000, 0x000001765fe10000, 0x00000176670e0000]
CodeHeap 'profiled nmethods': size=120000Kb used=4670Kb max_used=4670Kb free=115329Kb
 bounds [0x0000017658670000, 0x0000017658b10000, 0x000001765fba0000]
CodeHeap 'non-nmethods': size=5696Kb used=1218Kb max_used=1233Kb free=4477Kb
 bounds [0x00000176580e0000, 0x0000017658350000, 0x0000017658670000]
 total_blobs=3506 nmethods=2181 adapters=472
 compilation: enabled
              stopped_count=0, restarted_count=0
 full_count=0

Compilation events (10 events):
Event: 20.232 Thread 0x000001766bade000 2407  s    3       java.lang.StringBuffer::toString (59 bytes)
Event: 20.232 Thread 0x000001766bade000 nmethod 2407 0x0000017658affd90 code [0x0000017658afffc0, 0x0000017658b00940]
Event: 20.232 Thread 0x000001766bade000 2409       3       java.lang.StringBuffer::<init> (7 bytes)
Event: 20.232 Thread 0x000001766bade000 nmethod 2409 0x0000017658b00b90 code [0x0000017658b00d60, 0x0000017658b00f10]
Event: 20.232 Thread 0x000001766bade000 2410       3       org.testng.shaded.com.google.gson.internal.Excluder::isAnonymousOrLocal (29 bytes)
Event: 20.233 Thread 0x000001766bade000 nmethod 2410 0x0000017658b00f90 code [0x0000017658b01220, 0x0000017658b01ab0]
Event: 20.234 Thread 0x000001766bade000 2411       3       org.testng.shaded.com.google.gson.stream.JsonWriter::string (171 bytes)
Event: 20.236 Thread 0x000001766bade000 nmethod 2411 0x0000017658b01d10 code [0x0000017658b01fe0, 0x0000017658b02f30]
Event: 20.373 Thread 0x000001766bade000 2412       3       java.util.concurrent.atomic.AtomicIntegerFieldUpdater$AtomicIntegerFieldUpdaterImpl::accessCheck (17 bytes)
Event: 20.373 Thread 0x000001766bade000 nmethod 2412 0x0000017658b03510 code [0x0000017658b036e0, 0x0000017658b03910]

GC Heap History (10 events):
Event: 4.257 GC heap before
{Heap before GC invocations=3 (full 0):
 garbage-first heap   total 65536K, used 40018K [0x00000000c1600000, 0x0000000100000000)
  region size 1024K, 35 young (35840K), 5 survivors (5120K)
 Metaspace       used 20592K, capacity 21220K, committed 21248K, reserved 1067008K
  class space    used 2557K, capacity 2791K, committed 2816K, reserved 1048576K
}
Event: 4.267 GC heap after
{Heap after GC invocations=4 (full 0):
 garbage-first heap   total 65536K, used 11323K [0x00000000c1600000, 0x0000000100000000)
  region size 1024K, 4 young (4096K), 4 survivors (4096K)
 Metaspace       used 20592K, capacity 21220K, committed 21248K, reserved 1067008K
  class space    used 2557K, capacity 2791K, committed 2816K, reserved 1048576K
}
Event: 4.301 GC heap before
{Heap before GC invocations=5 (full 0):
 garbage-first heap   total 45056K, used 12347K [0x00000000c1600000, 0x0000000100000000)
  region size 1024K, 6 young (6144K), 4 survivors (4096K)
 Metaspace       used 20740K, capacity 21380K, committed 21628K, reserved 1069056K
  class space    used 2589K, capacity 2823K, committed 2944K, reserved 1048576K
}
Event: 4.307 GC heap after
{Heap after GC invocations=6 (full 0):
 garbage-first heap   total 54272K, used 11643K [0x00000000c1600000, 0x0000000100000000)
  region size 1024K, 2 young (2048K), 2 survivors (2048K)
 Metaspace       used 20740K, capacity 21380K, committed 21628K, reserved 1069056K
  class space    used 2589K, capacity 2823K, committed 2944K, reserved 1048576K
}
Event: 19.247 GC heap before
{Heap before GC invocations=7 (full 0):
 garbage-first heap   total 54272K, used 51579K [0x00000000c1600000, 0x0000000100000000)
  region size 1024K, 24 young (24576K), 2 survivors (2048K)
 Metaspace       used 23469K, capacity 24172K, committed 24444K, reserved 1071104K
  class space    used 2893K, capacity 3154K, committed 3200K, reserved 1048576K
}
Event: 19.251 GC heap after
{Heap after GC invocations=8 (full 0):
 garbage-first heap   total 55296K, used 29540K [0x00000000c1600000, 0x0000000100000000)
  region size 1024K, 2 young (2048K), 2 survivors (2048K)
 Metaspace       used 23469K, capacity 24172K, committed 24444K, reserved 1071104K
  class space    used 2893K, capacity 3154K, committed 3200K, reserved 1048576K
}
Event: 19.726 GC heap before
{Heap before GC invocations=8 (full 0):
 garbage-first heap   total 55296K, used 41828K [0x00000000c1600000, 0x0000000100000000)
  region size 1024K, 14 young (14336K), 2 survivors (2048K)
 Metaspace       used 24737K, capacity 25428K, committed 25596K, reserved 1071104K
  class space    used 3061K, capacity 3317K, committed 3328K, reserved 1048576K
}
Event: 19.733 GC heap after
{Heap after GC invocations=9 (full 0):
 garbage-first heap   total 55296K, used 30739K [0x00000000c1600000, 0x0000000100000000)
  region size 1024K, 2 young (2048K), 2 survivors (2048K)
 Metaspace       used 24737K, capacity 25428K, committed 25596K, reserved 1071104K
  class space    used 3061K, capacity 3317K, committed 3328K, reserved 1048576K
}
Event: 20.157 GC heap before
{Heap before GC invocations=10 (full 0):
 garbage-first heap   total 55296K, used 42003K [0x00000000c1600000, 0x0000000100000000)
  region size 1024K, 13 young (13312K), 2 survivors (2048K)
 Metaspace       used 26104K, capacity 26767K, committed 27132K, reserved 1073152K
  class space    used 3242K, capacity 3486K, committed 3584K, reserved 1048576K
}
Event: 20.161 GC heap after
{Heap after GC invocations=11 (full 0):
 garbage-first heap   total 55296K, used 31288K [0x00000000c1600000, 0x0000000100000000)
  region size 1024K, 1 young (1024K), 1 survivors (1024K)
 Metaspace       used 26104K, capacity 26767K, committed 27132K, reserved 1073152K
  class space    used 3242K, capacity 3486K, committed 3584K, reserved 1048576K
}

Deoptimization events (10 events):
Event: 18.827 Thread 0x000001764fcd8800 Uncommon trap: reason=unstable_if action=reinterpret pc=0x000001765fc6a248 method=java.util.regex.Pattern$Slice.match(Ljava/util/regex/Matcher;ILjava/lang/CharSequence;)Z @ 29 c2
Event: 19.242 Thread 0x000001764fcd8800 Uncommon trap: reason=unstable_if action=reinterpret pc=0x000001765fc0ae24 method=java.util.HashMap.hash(Ljava/lang/Object;)I @ 1 c2
Event: 19.351 Thread 0x000001764fcd8800 Uncommon trap: reason=null_check action=make_not_entrant pc=0x000001765fc2a714 method=jdk.internal.loader.URLClassPath$JarLoader.getResource(Ljava/lang/String;ZLjava/util/Set;)Ljdk/internal/loader/Resource; @ 92 c2
Event: 19.353 Thread 0x000001764fcd8800 Uncommon trap: reason=unloaded action=reinterpret pc=0x000001765fbcedb4 method=jdk.internal.loader.URLClassPath$JarLoader.ensureOpen()V @ 26 c2
Event: 19.405 Thread 0x000001764fcd8800 Uncommon trap: reason=unstable_if action=reinterpret pc=0x000001765fbab254 method=java.nio.Buffer.position(I)Ljava/nio/Buffer; @ 45 c2
Event: 19.557 Thread 0x000001764fcd8800 Uncommon trap: reason=unstable_if action=reinterpret pc=0x000001765fc1f784 method=java.lang.StringUTF16.compress([CII)[B @ 13 c2
Event: 19.557 Thread 0x000001764fcd8800 Uncommon trap: reason=unstable_if action=reinterpret pc=0x000001765fbd65b4 method=java.lang.StringUTF16.compress([CI[BII)I @ 20 c2
Event: 20.133 Thread 0x000001764fcd8800 Uncommon trap: reason=unstable_if action=reinterpret pc=0x000001765fc4385c method=java.lang.String.regionMatches(ZILjava/lang/String;II)Z @ 21 c2
Event: 20.225 Thread 0x000001764fcd8800 Uncommon trap: reason=class_check action=maybe_recompile pc=0x000001765fc1b620 method=java.util.concurrent.ConcurrentHashMap.putVal(Ljava/lang/Object;Ljava/lang/Object;Z)Ljava/lang/Object; @ 242 c2
Event: 20.233 Thread 0x000001764fcd8800 Uncommon trap: reason=class_check action=maybe_recompile pc=0x000001765fc1b620 method=java.util.concurrent.ConcurrentHashMap.putVal(Ljava/lang/Object;Ljava/lang/Object;Z)Ljava/lang/Object; @ 242 c2

Classes redefined (0 events):
No events

Internal exceptions (10 events):
Event: 18.031 Thread 0x000001764fcd8800 Exception <a 'java/lang/NoSuchMethodError'{0x00000000c484d220}: java.lang.invoke.DirectMethodHandle$Holder.invokeSpecialIFC(Ljava/lang/Object;Ljava/lang/Object;Ljava/lang/Object;)Ljava/lang/Object;> (0x00000000c484d220) thrown at [t:/workspace/open/src/ho
Event: 18.062 Thread 0x000001764fcd8800 Exception <a 'java/lang/ClassNotFoundException'{0x00000000c4893790}: sun/misc/SharedSecrets> (0x00000000c4893790) thrown at [t:/workspace/open/src/hotspot/share/classfile/systemDictionary.cpp, line 235]
Event: 18.101 Thread 0x000001764fcd8800 Exception <a 'java/lang/NoSuchMethodError'{0x00000000c48ab7d8}: java.lang.invoke.DirectMethodHandle$Holder.invokeVirtual(Ljava/lang/Object;Ljava/lang/Object;)V> (0x00000000c48ab7d8) thrown at [t:/workspace/open/src/hotspot/share/interpreter/linkResolver.c
Event: 18.102 Thread 0x000001764fcd8800 Exception <a 'java/lang/NullPointerException'{0x00000000c48aff60}> (0x00000000c48aff60) thrown at [t:/workspace/open/src/hotspot/share/interpreter/linkResolver.cpp, line 1356]
Event: 18.102 Thread 0x000001764fcd8800 Exception <a 'java/lang/reflect/InvocationTargetException'{0x00000000c48b0230}> (0x00000000c48b0230) thrown at [t:/workspace/open/src/hotspot/share/runtime/reflection.cpp, line 1183]
Event: 18.199 Thread 0x000001764fcd8800 Implicit null exception at 0x000001765fc44409 to 0x000001765fc45d0e
Event: 18.217 Thread 0x000001764fcd8800 Exception <a 'java/lang/NoSuchMethodError'{0x00000000c461af10}: java.lang.invoke.DirectMethodHandle$Holder.invokeInterface(Ljava/lang/Object;Ljava/lang/Object;)V> (0x00000000c461af10) thrown at [t:/workspace/open/src/hotspot/share/interpreter/linkResolver
Event: 19.242 Thread 0x000001764fcd8800 Implicit null exception at 0x000001765fc0ad88 to 0x000001765fc0ae1a
Event: 19.351 Thread 0x000001764fcd8800 Implicit null exception at 0x000001765fc29ccc to 0x000001765fc2a6d2
Event: 20.205 Thread 0x000001764fcd8800 Exception <a 'java/lang/NoSuchMethodError'{0x00000000c4ace6d8}: java.lang.invoke.DirectMethodHandle$Holder.invokeInterface(Ljava/lang/Object;Ljava/lang/Object;)I> (0x00000000c4ace6d8) thrown at [t:/workspace/open/src/hotspot/share/interpreter/linkResolver

Events (10 events):
Event: 20.371 loading class com/aventstack/extentreports/markuputils/Markup
Event: 20.371 loading class com/aventstack/extentreports/markuputils/Markup done
Event: 20.372 loading class com/aventstack/extentreports/markuputils/Label
Event: 20.372 loading class com/aventstack/extentreports/markuputils/Label done
Event: 20.373 loading class com/aventstack/extentreports/model/Log
Event: 20.373 loading class com/aventstack/extentreports/model/Log done
Event: 20.374 loading class com/aventstack/extentreports/model/AbstractStructure
Event: 20.374 loading class com/aventstack/extentreports/model/AbstractStructure done
Event: 20.375 loading class java/util/Collections$SynchronizedRandomAccessList
Event: 20.421 loading class java/util/Collections$SynchronizedList


Dynamic libraries:
0x00007ff7f1f70000 - 0x00007ff7f1f7f000 	C:\Program Files\Java\jdk-12.0.2\bin\javaw.exe
0x00007ffb20410000 - 0x00007ffb20605000 	C:\WINDOWS\SYSTEM32\ntdll.dll
0x00007ffb20310000 - 0x00007ffb203cd000 	C:\WINDOWS\System32\KERNEL32.DLL
0x00007ffb1dee0000 - 0x00007ffb1e1a8000 	C:\WINDOWS\System32\KERNELBASE.dll
0x00007ffb1dde0000 - 0x00007ffb1dee0000 	C:\WINDOWS\System32\ucrtbase.dll
0x00007ffafe320000 - 0x00007ffafe338000 	C:\Program Files\Java\jdk-12.0.2\bin\jli.dll
0x00007ffafdd50000 - 0x00007ffafdd66000 	C:\Program Files\Java\jdk-12.0.2\bin\VCRUNTIME140.dll
0x00007ffb1e680000 - 0x00007ffb1e72c000 	C:\WINDOWS\System32\ADVAPI32.dll
0x00007ffb1e730000 - 0x00007ffb1e7ce000 	C:\WINDOWS\System32\msvcrt.dll
0x00007ffb1ebe0000 - 0x00007ffb1ec7b000 	C:\WINDOWS\System32\sechost.dll
0x00007ffb1e470000 - 0x00007ffb1e59b000 	C:\WINDOWS\System32\RPCRT4.dll
0x00007ffb1f1c0000 - 0x00007ffb1f360000 	C:\WINDOWS\System32\USER32.dll
0x00007ffb1dd30000 - 0x00007ffb1dd52000 	C:\WINDOWS\System32\win32u.dll
0x00007ffb1f180000 - 0x00007ffb1f1aa000 	C:\WINDOWS\System32\GDI32.dll
0x00007ffb1e200000 - 0x00007ffb1e30b000 	C:\WINDOWS\System32\gdi32full.dll
0x00007ffb1dbe0000 - 0x00007ffb1dc7d000 	C:\WINDOWS\System32\msvcp_win.dll
0x00007ffb03be0000 - 0x00007ffb03e7a000 	C:\WINDOWS\WinSxS\amd64_microsoft.windows.common-controls_6595b64144ccf1df_6.0.19041.844_none_ca00b6081b84eb1d\COMCTL32.dll
0x00007ffb17270000 - 0x00007ffb1727a000 	C:\WINDOWS\SYSTEM32\VERSION.dll
0x00007ffb20150000 - 0x00007ffb20180000 	C:\WINDOWS\System32\IMM32.DLL
0x00007ffafcf10000 - 0x00007ffafcfba000 	C:\Program Files\Java\jdk-12.0.2\bin\msvcp140.dll
0x00007ffae5ca0000 - 0x00007ffae6817000 	C:\Program Files\Java\jdk-12.0.2\bin\server\jvm.dll
0x00007ffb1e600000 - 0x00007ffb1e608000 	C:\WINDOWS\System32\PSAPI.DLL
0x00007ffb170e0000 - 0x00007ffb170e9000 	C:\WINDOWS\SYSTEM32\WSOCK32.dll
0x00007ffb05b50000 - 0x00007ffb05b77000 	C:\WINDOWS\SYSTEM32\WINMM.dll
0x00007ffb1e610000 - 0x00007ffb1e67b000 	C:\WINDOWS\System32\WS2_32.dll
0x00007ffb1bc70000 - 0x00007ffb1bc82000 	C:\WINDOWS\SYSTEM32\kernel.appcore.dll
0x00007ffafdf60000 - 0x00007ffafdf71000 	C:\Program Files\Java\jdk-12.0.2\bin\verify.dll
0x00007ffb1b990000 - 0x00007ffb1bb74000 	C:\WINDOWS\SYSTEM32\DBGHELP.DLL
0x00007ffb00970000 - 0x00007ffb0099c000 	C:\WINDOWS\SYSTEM32\dbgcore.DLL
0x00007ffb1dd60000 - 0x00007ffb1dde0000 	C:\WINDOWS\System32\bcryptPrimitives.dll
0x00007ffaf91e0000 - 0x00007ffaf9206000 	C:\Program Files\Java\jdk-12.0.2\bin\java.dll
0x00007ffaf7f70000 - 0x00007ffaf7f87000 	C:\Program Files\Java\jdk-12.0.2\bin\zip.dll
0x00007ffb034d0000 - 0x00007ffb034da000 	C:\Program Files\Java\jdk-12.0.2\bin\jimage.dll
0x00007ffb1f8f0000 - 0x00007ffb20032000 	C:\WINDOWS\System32\SHELL32.dll
0x00007ffb1bc90000 - 0x00007ffb1c421000 	C:\WINDOWS\SYSTEM32\windows.storage.dll
0x00007ffb1e7d0000 - 0x00007ffb1eb25000 	C:\WINDOWS\System32\combase.dll
0x00007ffb1d5c0000 - 0x00007ffb1d5ec000 	C:\WINDOWS\SYSTEM32\Wldp.dll
0x00007ffb200a0000 - 0x00007ffb2014e000 	C:\WINDOWS\System32\SHCORE.dll
0x00007ffb1ec80000 - 0x00007ffb1ecd5000 	C:\WINDOWS\System32\shlwapi.dll
0x00007ffb1da90000 - 0x00007ffb1daaf000 	C:\WINDOWS\SYSTEM32\profapi.dll
0x00007ffaf3b90000 - 0x00007ffaf3ba9000 	C:\Program Files\Java\jdk-12.0.2\bin\net.dll
0x00007ffb179a0000 - 0x00007ffb17aab000 	C:\WINDOWS\SYSTEM32\WINHTTP.dll
0x00007ffb0cf00000 - 0x00007ffb0d0ee000 	C:\WINDOWS\SYSTEM32\urlmon.dll
0x00007ffb0d230000 - 0x00007ffb0d4e0000 	C:\WINDOWS\SYSTEM32\iertutil.dll
0x00007ffb1d330000 - 0x00007ffb1d39a000 	C:\WINDOWS\system32\mswsock.dll
0x00007ffaf3b70000 - 0x00007ffaf3b83000 	C:\Program Files\Java\jdk-12.0.2\bin\nio.dll
0x00007ffb1d010000 - 0x00007ffb1d0dc000 	C:\WINDOWS\SYSTEM32\DNSAPI.dll
0x00007ffb1cfd0000 - 0x00007ffb1d00b000 	C:\WINDOWS\SYSTEM32\IPHLPAPI.DLL
0x00007ffb20210000 - 0x00007ffb20218000 	C:\WINDOWS\System32\NSI.dll
0x00007ffb17810000 - 0x00007ffb1781a000 	C:\Windows\System32\rasadhlp.dll
0x00007ffb107e0000 - 0x00007ffb1085f000 	C:\WINDOWS\System32\fwpuclnt.dll
0x00007ffb1db50000 - 0x00007ffb1db77000 	C:\WINDOWS\System32\bcrypt.dll
0x00007ffb1d500000 - 0x00007ffb1d518000 	C:\WINDOWS\SYSTEM32\CRYPTSP.dll
0x00007ffb1cc60000 - 0x00007ffb1cc94000 	C:\WINDOWS\system32\rsaenh.dll
0x00007ffb1da10000 - 0x00007ffb1da3e000 	C:\WINDOWS\SYSTEM32\USERENV.dll
0x00007ffb1d520000 - 0x00007ffb1d52c000 	C:\WINDOWS\SYSTEM32\CRYPTBASE.dll
0x00007ffb17680000 - 0x00007ffb17697000 	C:\WINDOWS\SYSTEM32\dhcpcsvc6.DLL
0x00007ffb17750000 - 0x00007ffb1776d000 	C:\WINDOWS\SYSTEM32\dhcpcsvc.DLL
0x00007ffb01a80000 - 0x00007ffb01a89000 	C:\Program Files\Java\jdk-12.0.2\bin\management.dll
0x00007ffb01040000 - 0x00007ffb0104c000 	C:\Program Files\Java\jdk-12.0.2\bin\management_ext.dll
0x00007ffaeaa50000 - 0x00007ffaeaa77000 	C:\Program Files\Java\jdk-12.0.2\bin\sunec.dll
0x00007ffaf0fc0000 - 0x00007ffaf0fd7000 	C:\WINDOWS\system32\napinsp.dll
0x00007ffaeae40000 - 0x00007ffaeae5b000 	C:\WINDOWS\system32\pnrpnsp.dll
0x00007ffaf76f0000 - 0x00007ffaf7705000 	C:\WINDOWS\system32\wshbth.dll
0x00007ffb19580000 - 0x00007ffb1959d000 	C:\WINDOWS\system32\NLAapi.dll
0x00007ffaeada0000 - 0x00007ffaeadb2000 	C:\WINDOWS\System32\winrnr.dll

dbghelp: loaded successfully - version: 4.0.5 - missing functions: none
symbol engine: initialized successfully - sym options: 0x614 - pdb path: .;C:\Program Files\Java\jdk-12.0.2\bin;C:\WINDOWS\SYSTEM32;C:\WINDOWS\WinSxS\amd64_microsoft.windows.common-controls_6595b64144ccf1df_6.0.19041.844_none_ca00b6081b84eb1d;C:\Program Files\Java\jdk-12.0.2\bin\server

VM Arguments:
jvm_args: -ea -Dfile.encoding=Cp1252 
java_command: org.testng.remote.RemoteTestNG -serport 59273 -protocol json -d C:\Users\91897\eclipse-workspace\Demo_Orange_Application\test-output C:\Users\91897\eclipse-workspace\Demo_Orange_Application\test-output\Testng3.xml
java_class_path (initial): C:\Users\91897\eclipse\jee-2019-06\eclipse\configuration\org.eclipse.osgi\999\0\.cp\lib\testng-remote.jar;C:\Users\91897\eclipse-workspace\Demo_Orange_Application\target\test-classes;C:\Users\91897\eclipse-workspace\Demo_Orange_Application\target\classes;C:\Users\91897\.m2\repository\org\seleniumhq\selenium\selenium-java\4.0.0-alpha-7\selenium-java-4.0.0-alpha-7.jar;C:\Users\91897\.m2\repository\org\seleniumhq\selenium\selenium-api\4.0.0-alpha-7\selenium-api-4.0.0-alpha-7.jar;C:\Users\91897\.m2\repository\org\seleniumhq\selenium\selenium-chrome-driver\4.0.0-alpha-7\selenium-chrome-driver-4.0.0-alpha-7.jar;C:\Users\91897\.m2\repository\com\google\auto\service\auto-service-annotations\1.0-rc7\auto-service-annotations-1.0-rc7.jar;C:\Users\91897\.m2\repository\com\google\auto\service\auto-service\1.0-rc7\auto-service-1.0-rc7.jar;C:\Users\91897\.m2\repository\com\google\auto\auto-common\0.10\auto-common-0.10.jar;C:\Users\91897\.m2\repository\com\google\guava\guava\30.0-jre\guava-30.0-jre.jar;C:\Users\91897\.m2\repository\com\google\guava\failureaccess\1.0.1\failureaccess-1.0.1.jar;C:\Users\91897\.m2\repository\com\google\guava\listenablefuture\9999.0-empty-to-avoid-conflict-with-guava\listenablefuture-9999.0-empty-to-avoid-conflict-with-guava.jar;C:\Users\91897\.m2\repository\com\google\code\findbugs\jsr305\3.0.2\jsr305-3.0.2.jar;C:\Users\91897\.m2\repository\org\checkerframework\checker-qual\3.5.0\checker-qual-3.5.0.jar;C:\Users\91897\.m2\repository\com\google\errorprone\error_prone_annotations\2.3.4\error_prone_annotations-2.3.4.jar;C:\Users\91897\.m2\repository\com\google\j2objc\j2objc-annotations\1.3\j2objc-annotations-1.3.jar;C:\Users\91897\.m2\repository\org\seleniumhq\selenium\selenium-chromium-driver\4.0.0-alpha-7\selenium-chromium-driver-4.0.0-alpha-7.jar;C:\Users\91897\.m2\repository\org\seleniumhq\selenium\selenium-devtools\4.0.0-alpha-7\selenium-devtools-4.0.0-alpha-7.jar;C:\Users\91897\.m2\repository\org\seleniumhq\selenium\selen
Launcher Type: SUN_STANDARD

[Global flags]
     intx CICompilerCount                          = 3                                         {product} {ergonomic}
     uint ConcGCThreads                            = 1                                         {product} {ergonomic}
     uint G1ConcRefinementThreads                  = 4                                         {product} {ergonomic}
   size_t G1HeapRegionSize                         = 1048576                                   {product} {ergonomic}
    uintx GCDrainStackTargetSize                   = 64                                        {product} {ergonomic}
   size_t InitialHeapSize                          = 67108864                                  {product} {ergonomic}
   size_t MarkStackSize                            = 4194304                                   {product} {ergonomic}
   size_t MaxHeapSize                              = 1050673152                                {product} {ergonomic}
   size_t MaxNewSize                               = 630194176                                 {product} {ergonomic}
   size_t MinHeapDeltaBytes                        = 1048576                                   {product} {ergonomic}
    uintx NonNMethodCodeHeapSize                   = 5830732                                {pd product} {ergonomic}
    uintx NonProfiledCodeHeapSize                  = 122913754                              {pd product} {ergonomic}
    uintx ProfiledCodeHeapSize                     = 122913754                              {pd product} {ergonomic}
    uintx ReservedCodeCacheSize                    = 251658240                              {pd product} {ergonomic}
     bool SegmentedCodeCache                       = true                                      {product} {ergonomic}
     bool UseCompressedClassPointers               = true                                 {lp64_product} {ergonomic}
     bool UseCompressedOops                        = true                                 {lp64_product} {ergonomic}
     bool UseG1GC                                  = true                                      {product} {ergonomic}
     bool UseLargePagesIndividualAllocation        = false                                  {pd product} {ergonomic}

Logging:
Log output configuration:
 #0: stdout all=warning uptime,level,tags
 #1: stderr all=off uptime,level,tags

Environment Variables:
JAVA_HOME=C:\Program Files\Java\jdk1.8.0_281
CLASSPATH=C:\Program Files\Java\jdk1.8.0_281\lib
PATH=C:/Program Files/Java/jdk-12.0.2/bin/server;C:/Program Files/Java/jdk-12.0.2/bin;C:\Program Files (x86)\Common Files\Oracle\Java\javapath;C:\WINDOWS\system32;C:\WINDOWS;C:\WINDOWS\System32\Wbem;C:\WINDOWS\System32\WindowsPowerShell\v1.0\;C:\WINDOWS\System32\OpenSSH\;C:\Program Files\Java\jdk-12.0.2\bin;C:\Program Files\Git\cmd;C:\Users\91897\Downloads\apache-maven-3.8.1-bin\apache-maven-3.8.1\bin;C:\Program Files\Java\jdk1.8.0_281\bin;C:\Users\91897\Desktop;
USERNAME=91897
OS=Windows_NT
PROCESSOR_IDENTIFIER=Intel64 Family 6 Model 142 Stepping 9, GenuineIntel



---------------  S Y S T E M  ---------------

OS: Windows 10 , 64 bit Build 19041 (10.0.19041.928)

CPU:total 4 (initial active 4) (2 cores per cpu, 2 threads per core) family 6 model 142 stepping 9, cmov, cx8, fxsr, mmx, sse, sse2, sse3, ssse3, sse4.1, sse4.2, popcnt, avx, avx2, aes, clmul, erms, 3dnowpref, lzcnt, ht, tsc, tscinvbit, bmi1, bmi2, adx, fma

Memory: 4k page, system-wide physical 4007M (353M free)
TotalPageFile size 5403M (AvailPageFile size 34M)
current process WorkingSet (physical memory assigned to process): 174M, peak: 174M
current process commit charge ("private bytes"): 202M, peak: 202M

vm_info: Java HotSpot(TM) 64-Bit Server VM (12.0.2+10) for windows-amd64 JRE (12.0.2+10), built on Jul 16 2019 01:56:17 by "mach5one" with MS VC++ 15.5 (VS2017)

END.
