#
# There is insufficient memory for the Java Runtime Environment to continue.
# Native memory allocation (malloc) failed to allocate 665136 bytes for Chunk::new
# Possible reasons:
#   The system is out of physical RAM or swap space
#   The process is running with CompressedOops enabled, and the Java Heap may be blocking the growth of the native heap
# Possible solutions:
#   Reduce memory load on the system
#   Increase physical memory or swap space
#   Check if swap backing store is full
#   Decrease Java heap size (-Xmx/-Xms)
#   Decrease number of Java threads
#   Decrease Java thread stack sizes (-Xss)
#   Set larger code cache with -XX:ReservedCodeCacheSize=
#   JVM is running with Unscaled Compressed Oops mode in which the Java heap is
#     placed in the first 4GB address space. The Java Heap base address is the
#     maximum limit for the native heap growth. Please use -XX:HeapBaseMinAddress
#     to set the Java Heap base and to place the Java Heap above 4GB virtual address.
# This output file may be truncated or incomplete.
#
#  Out of Memory Error (allocation.cpp:389), pid=1488, tid=0x00000000000001e0
#
# JRE version: Java(TM) SE Runtime Environment (8.0_281-b09) (build 1.8.0_281-b09)
# Java VM: Java HotSpot(TM) 64-Bit Server VM (25.281-b09 mixed mode windows-amd64 compressed oops)
# Failed to write core dump. Minidumps are not enabled by default on client versions of Windows
#

---------------  T H R E A D  ---------------

Current thread (0x00000260355bd000):  JavaThread "C2 CompilerThread1" daemon [_thread_in_native, id=480, stack(0x0000007eae900000,0x0000007eaea00000)]

Stack: [0x0000007eae900000,0x0000007eaea00000]
Native frames: (J=compiled Java code, j=interpreted, Vv=VM code, C=native code)
V  [jvm.dll+0x32e5b9]
V  [jvm.dll+0x275012]
V  [jvm.dll+0x275cbd]
V  [jvm.dll+0x26c6f5]
V  [jvm.dll+0xd51fc]
V  [jvm.dll+0xd59fc]
V  [jvm.dll+0x46f8c3]
V  [jvm.dll+0x4373e0]
V  [jvm.dll+0x4403d5]
V  [jvm.dll+0x43f795]
V  [jvm.dll+0x42a5e7]
V  [jvm.dll+0xabe9b]
V  [jvm.dll+0xaa4fb]
V  [jvm.dll+0x23d6b2]
V  [jvm.dll+0x291cbc]
C  [ucrtbase.dll+0x21bb2]
C  [KERNEL32.DLL+0x17034]
C  [ntdll.dll+0x52651]


Current CompileTask:
C2:   1868 1256   !   4       java.lang.ClassLoader::loadClass (122 bytes)


---------------  P R O C E S S  ---------------

Java Threads: ( => current thread )
  0x0000026035637000 JavaThread "Service Thread" daemon [_thread_blocked, id=7644, stack(0x0000007eaeb00000,0x0000007eaec00000)]
  0x00000260355c2800 JavaThread "C1 CompilerThread2" daemon [_thread_in_native, id=8564, stack(0x0000007eaea00000,0x0000007eaeb00000)]
=>0x00000260355bd000 JavaThread "C2 CompilerThread1" daemon [_thread_in_native, id=480, stack(0x0000007eae900000,0x0000007eaea00000)]
  0x00000260355b8800 JavaThread "C2 CompilerThread0" daemon [_thread_blocked, id=10020, stack(0x0000007eae800000,0x0000007eae900000)]
  0x00000260355b5000 JavaThread "Attach Listener" daemon [_thread_blocked, id=2072, stack(0x0000007eae700000,0x0000007eae800000)]
  0x00000260355b3800 JavaThread "Signal Dispatcher" daemon [_thread_blocked, id=8440, stack(0x0000007eae600000,0x0000007eae700000)]
  0x0000026034e6c800 JavaThread "Finalizer" daemon [_thread_blocked, id=2992, stack(0x0000007eae500000,0x0000007eae600000)]
  0x0000026034e63000 JavaThread "Reference Handler" daemon [_thread_blocked, id=8244, stack(0x0000007eae400000,0x0000007eae500000)]
  0x0000026021412000 JavaThread "main" [_thread_in_Java, id=4128, stack(0x0000007eade00000,0x0000007eadf00000)]

Other Threads:
  0x0000026035571800 VMThread [stack: 0x0000007eae300000,0x0000007eae400000] [id=2656]
  0x000002603560c800 WatcherThread [stack: 0x0000007eaec00000,0x0000007eaed00000] [id=3140]

VM state:not at safepoint (normal execution)

VM Mutex/Monitor currently owned by a thread: None

heap address: 0x00000000c1600000, size: 1002 MB, Compressed Oops mode: 32-bit
Narrow klass base: 0x0000000000000000, Narrow klass shift: 3
Compressed class space size: 1073741824 Address: 0x0000000100000000

Heap:
 PSYoungGen      total 18944K, used 17641K [0x00000000eb200000, 0x00000000ec700000, 0x0000000100000000)
  eden space 16384K, 92% used [0x00000000eb200000,0x00000000ec0be728,0x00000000ec200000)
  from space 2560K, 99% used [0x00000000ec480000,0x00000000ec6fc030,0x00000000ec700000)
  to   space 2560K, 0% used [0x00000000ec200000,0x00000000ec200000,0x00000000ec480000)
 ParOldGen       total 44032K, used 5110K [0x00000000c1600000, 0x00000000c4100000, 0x00000000eb200000)
  object space 44032K, 11% used [0x00000000c1600000,0x00000000c1afdb50,0x00000000c4100000)
 Metaspace       used 13036K, capacity 13242K, committed 13568K, reserved 1060864K
  class space    used 1634K, capacity 1703K, committed 1792K, reserved 1048576K

Card table byte_map: [0x00000260320b0000,0x00000260322b0000] byte_map_base: 0x0000026031aa5000

Marking Bits: (ParMarkBitMap*) 0x000000006c816ff0
 Begin Bits: [0x0000026032400000, 0x00000260333a8000)
 End Bits:   [0x00000260333a8000, 0x0000026034350000)

Polling page: 0x0000026022cc0000

CodeCache: size=245760Kb used=5069Kb max_used=5073Kb free=240690Kb
 bounds [0x0000026022cf0000, 0x00000260231f0000, 0x0000026031cf0000]
 total_blobs=1757 nmethods=1424 adapters=245
 compilation: enabled

Compilation events (10 events):
Event: 1.795 Thread 0x00000260355c2800 1339       3       com.google.common.collect.AbstractMapBasedMultimap$WrappedCollection::size (14 bytes)
Event: 1.795 Thread 0x00000260355c2800 nmethod 1339 0x00000260231bacd0 code [0x00000260231bae40, 0x00000260231bb120]
Event: 1.795 Thread 0x00000260355c2800 1340       1       com.google.common.collect.SingletonImmutableSet::size (2 bytes)
Event: 1.795 Thread 0x00000260355c2800 nmethod 1340 0x00000260231bb210 code [0x00000260231bb360, 0x00000260231bb478]
Event: 1.796 Thread 0x00000260355c2800 1341       1       com.google.inject.name.NamedImpl::annotationType (3 bytes)
Event: 1.796 Thread 0x00000260355c2800 nmethod 1341 0x00000260231bb4d0 code [0x00000260231bb620, 0x00000260231bb738]
Event: 1.797 Thread 0x00000260355c2800 1342       3       com.google.common.collect.LinkedHashMultimap$ValueEntry::matchesValue (25 bytes)
Event: 1.797 Thread 0x00000260355c2800 nmethod 1342 0x00000260231bb790 code [0x00000260231bb920, 0x00000260231bbd90]
Event: 1.797 Thread 0x00000260355c2800 1343       3       java.util.TreeMap::setColor (10 bytes)
Event: 1.798 Thread 0x00000260355c2800 nmethod 1343 0x00000260231bbe90 code [0x00000260231bbfe0, 0x00000260231bc158]

GC Heap History (8 events):
Event: 0.596 GC heap before
{Heap before GC invocations=1 (full 0):
 PSYoungGen      total 18944K, used 16384K [0x00000000eb200000, 0x00000000ec700000, 0x0000000100000000)
  eden space 16384K, 100% used [0x00000000eb200000,0x00000000ec200000,0x00000000ec200000)
  from space 2560K, 0% used [0x00000000ec480000,0x00000000ec480000,0x00000000ec700000)
  to   space 2560K, 0% used [0x00000000ec200000,0x00000000ec200000,0x00000000ec480000)
 ParOldGen       total 44032K, used 0K [0x00000000c1600000, 0x00000000c4100000, 0x00000000eb200000)
  object space 44032K, 0% used [0x00000000c1600000,0x00000000c1600000,0x00000000c4100000)
 Metaspace       used 6695K, capacity 6796K, committed 7040K, reserved 1056768K
  class space    used 757K, capacity 824K, committed 896K, reserved 1048576K
Event: 0.601 GC heap after
Heap after GC invocations=1 (full 0):
 PSYoungGen      total 18944K, used 2554K [0x00000000eb200000, 0x00000000ec700000, 0x0000000100000000)
  eden space 16384K, 0% used [0x00000000eb200000,0x00000000eb200000,0x00000000ec200000)
  from space 2560K, 99% used [0x00000000ec200000,0x00000000ec47eb60,0x00000000ec480000)
  to   space 2560K, 0% used [0x00000000ec480000,0x00000000ec480000,0x00000000ec700000)
 ParOldGen       total 44032K, used 937K [0x00000000c1600000, 0x00000000c4100000, 0x00000000eb200000)
  object space 44032K, 2% used [0x00000000c1600000,0x00000000c16ea508,0x00000000c4100000)
 Metaspace       used 6695K, capacity 6796K, committed 7040K, reserved 1056768K
  class space    used 757K, capacity 824K, committed 896K, reserved 1048576K
}
Event: 1.011 GC heap before
{Heap before GC invocations=2 (full 0):
 PSYoungGen      total 18944K, used 18938K [0x00000000eb200000, 0x00000000ec700000, 0x0000000100000000)
  eden space 16384K, 100% used [0x00000000eb200000,0x00000000ec200000,0x00000000ec200000)
  from space 2560K, 99% used [0x00000000ec200000,0x00000000ec47eb60,0x00000000ec480000)
  to   space 2560K, 0% used [0x00000000ec480000,0x00000000ec480000,0x00000000ec700000)
 ParOldGen       total 44032K, used 937K [0x00000000c1600000, 0x00000000c4100000, 0x00000000eb200000)
  object space 44032K, 2% used [0x00000000c1600000,0x00000000c16ea508,0x00000000c4100000)
 Metaspace       used 8079K, capacity 8188K, committed 8320K, reserved 1056768K
  class space    used 978K, capacity 1048K, committed 1152K, reserved 1048576K
Event: 1.016 GC heap after
Heap after GC invocations=2 (full 0):
 PSYoungGen      total 18944K, used 2539K [0x00000000eb200000, 0x00000000ec700000, 0x0000000100000000)
  eden space 16384K, 0% used [0x00000000eb200000,0x00000000eb200000,0x00000000ec200000)
  from space 2560K, 99% used [0x00000000ec480000,0x00000000ec6faf30,0x00000000ec700000)
  to   space 2560K, 0% used [0x00000000ec200000,0x00000000ec200000,0x00000000ec480000)
 ParOldGen       total 44032K, used 1454K [0x00000000c1600000, 0x00000000c4100000, 0x00000000eb200000)
  object space 44032K, 3% used [0x00000000c1600000,0x00000000c176ba00,0x00000000c4100000)
 Metaspace       used 8079K, capacity 8188K, committed 8320K, reserved 1056768K
  class space    used 978K, capacity 1048K, committed 1152K, reserved 1048576K
}
Event: 1.223 GC heap before
{Heap before GC invocations=3 (full 0):
 PSYoungGen      total 18944K, used 18923K [0x00000000eb200000, 0x00000000ec700000, 0x0000000100000000)
  eden space 16384K, 100% used [0x00000000eb200000,0x00000000ec200000,0x00000000ec200000)
  from space 2560K, 99% used [0x00000000ec480000,0x00000000ec6faf30,0x00000000ec700000)
  to   space 2560K, 0% used [0x00000000ec200000,0x00000000ec200000,0x00000000ec480000)
 ParOldGen       total 44032K, used 1454K [0x00000000c1600000, 0x00000000c4100000, 0x00000000eb200000)
  object space 44032K, 3% used [0x00000000c1600000,0x00000000c176ba00,0x00000000c4100000)
 Metaspace       used 9328K, capacity 9518K, committed 9728K, reserved 1058816K
  class space    used 1131K, capacity 1211K, committed 1280K, reserved 1048576K
Event: 1.228 GC heap after
Heap after GC invocations=3 (full 0):
 PSYoungGen      total 18944K, used 2557K [0x00000000eb200000, 0x00000000ec700000, 0x0000000100000000)
  eden space 16384K, 0% used [0x00000000eb200000,0x00000000eb200000,0x00000000ec200000)
  from space 2560K, 99% used [0x00000000ec200000,0x00000000ec47f500,0x00000000ec480000)
  to   space 2560K, 0% used [0x00000000ec480000,0x00000000ec480000,0x00000000ec700000)
 ParOldGen       total 44032K, used 3060K [0x00000000c1600000, 0x00000000c4100000, 0x00000000eb200000)
  object space 44032K, 6% used [0x00000000c1600000,0x00000000c18fd300,0x00000000c4100000)
 Metaspace       used 9328K, capacity 9518K, committed 9728K, reserved 1058816K
  class space    used 1131K, capacity 1211K, committed 1280K, reserved 1048576K
}
Event: 1.449 GC heap before
{Heap before GC invocations=4 (full 0):
 PSYoungGen      total 18944K, used 18941K [0x00000000eb200000, 0x00000000ec700000, 0x0000000100000000)
  eden space 16384K, 100% used [0x00000000eb200000,0x00000000ec200000,0x00000000ec200000)
  from space 2560K, 99% used [0x00000000ec200000,0x00000000ec47f500,0x00000000ec480000)
  to   space 2560K, 0% used [0x00000000ec480000,0x00000000ec480000,0x00000000ec700000)
 ParOldGen       total 44032K, used 3060K [0x00000000c1600000, 0x00000000c4100000, 0x00000000eb200000)
  object space 44032K, 6% used [0x00000000c1600000,0x00000000c18fd300,0x00000000c4100000)
 Metaspace       used 11161K, capacity 11304K, committed 11520K, reserved 1058816K
  class space    used 1368K, capacity 1444K, committed 1536K, reserved 1048576K
Event: 1.455 GC heap after
Heap after GC invocations=4 (full 0):
 PSYoungGen      total 18944K, used 2544K [0x00000000eb200000, 0x00000000ec700000, 0x0000000100000000)
  eden space 16384K, 0% used [0x00000000eb200000,0x00000000eb200000,0x00000000ec200000)
  from space 2560K, 99% used [0x00000000ec480000,0x00000000ec6fc030,0x00000000ec700000)
  to   space 2560K, 0% used [0x00000000ec200000,0x00000000ec200000,0x00000000ec480000)
 ParOldGen       total 44032K, used 5110K [0x00000000c1600000, 0x00000000c4100000, 0x00000000eb200000)
  object space 44032K, 11% used [0x00000000c1600000,0x00000000c1afdb50,0x00000000c4100000)
 Metaspace       used 11161K, capacity 11304K, committed 11520K, reserved 1058816K
  class space    used 1368K, capacity 1444K, committed 1536K, reserved 1048576K
}

Deoptimization events (10 events):
Event: 0.810 Thread 0x0000026021412000 Uncommon trap: reason=unstable_if action=reinterpret pc=0x0000026022f94914 method=java.nio.charset.CoderResult.isOverflow()Z @ 5
Event: 0.856 Thread 0x0000026021412000 Uncommon trap: reason=unstable_if action=reinterpret pc=0x0000026022f88ac8 method=java.io.Reader.read()I @ 12
Event: 0.914 Thread 0x0000026021412000 Uncommon trap: reason=unstable_if action=reinterpret pc=0x0000026022fa9634 method=java.nio.charset.CoderResult.isOverflow()Z @ 5
Event: 0.933 Thread 0x0000026021412000 Uncommon trap: reason=unstable_if action=reinterpret pc=0x0000026022fc12f0 method=org.codehaus.plexus.util.xml.pull.MXParser.nextImpl()I @ 200
Event: 0.965 Thread 0x0000026021412000 Uncommon trap: reason=unstable_if action=reinterpret pc=0x0000026022fc7020 method=sun.nio.cs.StreamDecoder.implRead([CII)I @ 197
Event: 0.968 Thread 0x0000026021412000 Uncommon trap: reason=unstable_if action=reinterpret pc=0x0000026022fb4df4 method=sun.nio.cs.StreamDecoder.implRead([CII)I @ 197
Event: 0.971 Thread 0x0000026021412000 Uncommon trap: reason=unstable_if action=reinterpret pc=0x0000026022fdd5e8 method=org.codehaus.plexus.util.xml.pull.MXParser.nextImpl()I @ 1046
Event: 1.035 Thread 0x0000026021412000 Uncommon trap: reason=unstable_if action=reinterpret pc=0x0000026022f5f340 method=java.util.HashMap.getNode(ILjava/lang/Object;)Ljava/util/HashMap$Node; @ 129
Event: 1.047 Thread 0x0000026021412000 Uncommon trap: reason=range_check action=make_not_entrant pc=0x0000026023019f60 method=sun.reflect.generics.parser.SignatureParser.current()C @ 34
Event: 1.109 Thread 0x0000026021412000 Uncommon trap: reason=unstable_if action=reinterpret pc=0x0000026022fa4204 method=sun.nio.cs.UTF_8$Decoder.decode([BII[C)I @ 30

Classes redefined (0 events):
No events

Internal exceptions (10 events):
Event: 0.249 Thread 0x0000026021412000 Exception <a 'java/security/PrivilegedActionException'> (0x00000000eb6ba138) thrown at [C:\jenkins\workspace\8-2-build-windows-amd64-cygwin\jdk8u281\880\hotspot\src\share\vm\prims\jvm.cpp, line 1512]
Event: 0.683 Thread 0x0000026021412000 Exception <a 'java/lang/ArrayIndexOutOfBoundsException'> (0x00000000eb65d0b0) thrown at [C:\jenkins\workspace\8-2-build-windows-amd64-cygwin\jdk8u281\880\hotspot\src\share\vm\runtime\sharedRuntime.cpp, line 609]
Event: 0.686 Thread 0x0000026021412000 Exception <a 'java/lang/ArrayIndexOutOfBoundsException'> (0x00000000eb67bbd8) thrown at [C:\jenkins\workspace\8-2-build-windows-amd64-cygwin\jdk8u281\880\hotspot\src\share\vm\runtime\sharedRuntime.cpp, line 609]
Event: 0.696 Thread 0x0000026021412000 Exception <a 'java/lang/ArrayIndexOutOfBoundsException'> (0x00000000eb6c1700) thrown at [C:\jenkins\workspace\8-2-build-windows-amd64-cygwin\jdk8u281\880\hotspot\src\share\vm\runtime\sharedRuntime.cpp, line 609]
Event: 0.975 Thread 0x0000026021412000 Exception <a 'java/lang/ArrayIndexOutOfBoundsException'> (0x00000000ec057bb0) thrown at [C:\jenkins\workspace\8-2-build-windows-amd64-cygwin\jdk8u281\880\hotspot\src\share\vm\runtime\sharedRuntime.cpp, line 609]
Event: 0.976 Thread 0x0000026021412000 Exception <a 'java/lang/ArrayIndexOutOfBoundsException'> (0x00000000ec059740) thrown at [C:\jenkins\workspace\8-2-build-windows-amd64-cygwin\jdk8u281\880\hotspot\src\share\vm\runtime\sharedRuntime.cpp, line 609]
Event: 1.047 Thread 0x0000026021412000 Exception <a 'java/lang/ArrayIndexOutOfBoundsException': 66> (0x00000000eb3af2d0) thrown at [C:\jenkins\workspace\8-2-build-windows-amd64-cygwin\jdk8u281\880\hotspot\src\share\vm\interpreter\interpreterRuntime.cpp, line 371]
Event: 1.761 Thread 0x0000026021412000 Exception <a 'java/lang/NoClassDefFoundError': com/google/inject/servlet/ServletModuleTargetVisitor> (0x00000000ebec6a58) thrown at [C:\jenkins\workspace\8-2-build-windows-amd64-cygwin\jdk8u281\880\hotspot\src\share\vm\classfile\systemDictionary.cpp, line
Event: 1.761 Thread 0x0000026021412000 Exception <a 'java/lang/NoClassDefFoundError'> (0x00000000ebec6a58) thrown at [C:\jenkins\workspace\8-2-build-windows-amd64-cygwin\jdk8u281\880\hotspot\src\share\vm\prims\jvm.cpp, line 1516]
Event: 1.761 Thread 0x0000026021412000 Exception <a 'java/lang/NoClassDefFoundError': javax/annotation/Priority> (0x00000000ebecbd08) thrown at [C:\jenkins\workspace\8-2-build-windows-amd64-cygwin\jdk8u281\880\hotspot\src\share\vm\classfile\systemDictionary.cpp, line 201]

Events (10 events):
Event: 1.777 loading class org/apache/maven/model/merge/ModelMerger$KeyComputer done
Event: 1.782 loading class org/eclipse/sisu/wire/EntryMapAdapter
Event: 1.782 loading class org/eclipse/sisu/wire/EntryMapAdapter done
Event: 1.784 loading class org/eclipse/sisu/wire/EntryMapAdapter$EntrySet
Event: 1.784 loading class org/eclipse/sisu/wire/EntryMapAdapter$EntrySet done
Event: 1.796 loading class org/eclipse/sisu/inject/Guice4$1
Event: 1.796 loading class org/eclipse/sisu/inject/Guice4$1 done
Event: 1.798 loading class java/util/Random
Event: 1.798 loading class java/util/Random done
Event: 1.801 loading class java/util/TreeMap$EntrySet


Dynamic libraries:
0x00007ff6d4e80000 - 0x00007ff6d4ec7000 	C:\Program Files\Java\jdk1.8.0_281\bin\java.exe
0x00007ffa9d830000 - 0x00007ffa9da25000 	C:\WINDOWS\SYSTEM32\ntdll.dll
0x00007ffa9cf80000 - 0x00007ffa9d03d000 	C:\WINDOWS\System32\KERNEL32.DLL
0x00007ffa9af70000 - 0x00007ffa9b238000 	C:\WINDOWS\System32\KERNELBASE.dll
0x00007ffa9d3e0000 - 0x00007ffa9d48c000 	C:\WINDOWS\System32\ADVAPI32.dll
0x00007ffa9cc80000 - 0x00007ffa9cd1e000 	C:\WINDOWS\System32\msvcrt.dll
0x00007ffa9cb00000 - 0x00007ffa9cb9b000 	C:\WINDOWS\System32\sechost.dll
0x00007ffa9d120000 - 0x00007ffa9d24b000 	C:\WINDOWS\System32\RPCRT4.dll
0x00007ffa9c630000 - 0x00007ffa9c7d0000 	C:\WINDOWS\System32\USER32.dll
0x00007ffa9b6b0000 - 0x00007ffa9b6d2000 	C:\WINDOWS\System32\win32u.dll
0x00007ffa9ca60000 - 0x00007ffa9ca8a000 	C:\WINDOWS\System32\GDI32.dll
0x00007ffa9b440000 - 0x00007ffa9b54b000 	C:\WINDOWS\System32\gdi32full.dll
0x00007ffa9b740000 - 0x00007ffa9b7dd000 	C:\WINDOWS\System32\msvcp_win.dll
0x00007ffa9b290000 - 0x00007ffa9b390000 	C:\WINDOWS\System32\ucrtbase.dll
0x00007ffa7c830000 - 0x00007ffa7caca000 	C:\WINDOWS\WinSxS\amd64_microsoft.windows.common-controls_6595b64144ccf1df_6.0.19041.844_none_ca00b6081b84eb1d\COMCTL32.dll
0x00007ffa9d050000 - 0x00007ffa9d080000 	C:\WINDOWS\System32\IMM32.DLL
0x00007ffa7ae20000 - 0x00007ffa7ae35000 	C:\Program Files\Java\jdk1.8.0_281\jre\bin\vcruntime140.dll
0x00007ffa6d5c0000 - 0x00007ffa6d65b000 	C:\Program Files\Java\jdk1.8.0_281\jre\bin\msvcp140.dll
0x000000006c030000 - 0x000000006c88f000 	C:\Program Files\Java\jdk1.8.0_281\jre\bin\server\jvm.dll
0x00007ffa9d300000 - 0x00007ffa9d308000 	C:\WINDOWS\System32\PSAPI.DLL
0x00007ffa83080000 - 0x00007ffa830a7000 	C:\WINDOWS\SYSTEM32\WINMM.dll
0x00007ffa93290000 - 0x00007ffa9329a000 	C:\WINDOWS\SYSTEM32\VERSION.dll
0x00007ffa96710000 - 0x00007ffa96719000 	C:\WINDOWS\SYSTEM32\WSOCK32.dll
0x00007ffa9ca90000 - 0x00007ffa9cafb000 	C:\WINDOWS\System32\WS2_32.dll
0x00007ffa99840000 - 0x00007ffa99852000 	C:\WINDOWS\SYSTEM32\kernel.appcore.dll
0x00007ffa85c70000 - 0x00007ffa85c80000 	C:\Program Files\Java\jdk1.8.0_281\jre\bin\verify.dll
0x00007ffa7a120000 - 0x00007ffa7a14b000 	C:\Program Files\Java\jdk1.8.0_281\jre\bin\java.dll
0x00007ffa7a0d0000 - 0x00007ffa7a0e8000 	C:\Program Files\Java\jdk1.8.0_281\jre\bin\zip.dll
0x00007ffa9b890000 - 0x00007ffa9bfd2000 	C:\WINDOWS\System32\SHELL32.dll
0x00007ffa98cf0000 - 0x00007ffa99481000 	C:\WINDOWS\SYSTEM32\windows.storage.dll
0x00007ffa9d490000 - 0x00007ffa9d7e5000 	C:\WINDOWS\System32\combase.dll
0x00007ffa9a9e0000 - 0x00007ffa9aa0c000 	C:\WINDOWS\SYSTEM32\Wldp.dll
0x00007ffa9cd20000 - 0x00007ffa9cdce000 	C:\WINDOWS\System32\SHCORE.dll
0x00007ffa9c040000 - 0x00007ffa9c095000 	C:\WINDOWS\System32\shlwapi.dll
0x00007ffa9aeb0000 - 0x00007ffa9aecf000 	C:\WINDOWS\SYSTEM32\profapi.dll
0x00007ffa85a10000 - 0x00007ffa85a1a000 	C:\Users\91897\Downloads\apache-maven-3.8.1-bin\apache-maven-3.8.1\lib\jansi-native\windows64\jansi.dll
0x00007ffa99560000 - 0x00007ffa99744000 	C:\WINDOWS\SYSTEM32\dbghelp.dll
0x00007ffa9b390000 - 0x00007ffa9b410000 	C:\WINDOWS\System32\bcryptPrimitives.dll

VM Arguments:
jvm_args: -Dclassworlds.conf=C:\Users\91897\Downloads\apache-maven-3.8.1-bin\apache-maven-3.8.1\bin\..\bin\m2.conf -Dmaven.home=C:\Users\91897\Downloads\apache-maven-3.8.1-bin\apache-maven-3.8.1\bin\.. -Dlibrary.jansi.path=C:\Users\91897\Downloads\apache-maven-3.8.1-bin\apache-maven-3.8.1\bin\..\lib\jansi-native -Dmaven.multiModuleProjectDirectory=C:\Users\91897\eclipse-workspace\Demo_Orange_Application 
java_command: org.codehaus.plexus.classworlds.launcher.Launcher clean install
java_class_path (initial): C:\Users\91897\Downloads\apache-maven-3.8.1-bin\apache-maven-3.8.1\bin\..\boot\plexus-classworlds-2.6.0.jar
Launcher Type: SUN_STANDARD

Environment Variables:
JAVA_HOME=C:\Program Files\Java\jdk1.8.0_281
PATH=C:\Users\91897\Downloads\apache-maven-3.8.1-bin\apache-maven-3.8.1/bin;C:\Program Files\Java\jdk1.8.0_281/bin;C:\Program Files\Java\jdk1.8.0_281/bin;C:\Program Files (x86)\Common Files\Oracle\Java\javapath;C:\WINDOWS\system32;C:\WINDOWS;C:\WINDOWS\System32\Wbem;C:\WINDOWS\System32\WindowsPowerShell\v1.0\;C:\WINDOWS\System32\OpenSSH\;C:\Program Files\Java\jdk-12.0.2\bin;C:\Program Files\Git\cmd;C:\Users\91897\Downloads\apache-maven-3.8.1-bin\apache-maven-3.8.1\bin;C:\Program Files\Java\jdk1.8.0_281\bin
USERNAME=91897
OS=Windows_NT
PROCESSOR_IDENTIFIER=Intel64 Family 6 Model 142 Stepping 9, GenuineIntel



---------------  S Y S T E M  ---------------

OS: Windows 10.0 , 64 bit Build 19041 (10.0.19041.928)

CPU:total 4 (initial active 4) (2 cores per cpu, 2 threads per core) family 6 model 142 stepping 9, cmov, cx8, fxsr, mmx, sse, sse2, sse3, ssse3, sse4.1, sse4.2, popcnt, avx, avx2, aes, clmul, erms, 3dnowpref, lzcnt, ht, tsc, tscinvbit, bmi1, bmi2, adx

Memory: 4k page, physical 4103268k(301816k free), swap 5532772k(5224k free)

vm_info: Java HotSpot(TM) 64-Bit Server VM (25.281-b09) for windows-amd64 JRE (1.8.0_281-b09), built on Dec  9 2020 13:54:07 by "" with MS VC++ 15.9 (VS2017)

time: Mon Jun 21 01:10:57 2021
timezone: India Standard Time
elapsed time: 1.875947 seconds (0d 0h 0m 1s)

