#
# There is insufficient memory for the Java Runtime Environment to continue.
# Native memory allocation (mmap) failed to map 8388608 bytes for Failed to commit area from 0x00000000c4100000 to 0x00000000c4900000 of length 8388608.
# Possible reasons:
#   The system is out of physical RAM or swap space
#   The process is running with CompressedOops enabled, and the Java Heap may be blocking the growth of the native heap
# Possible solutions:
#   Reduce memory load on the system
#   Increase physical memory or swap space
#   Check if swap backing store is full
#   Decrease Java heap size (-Xmx/-Xms)
#   Decrease number of Java threads
#   Decrease Java thread stack sizes (-Xss)
#   Set larger code cache with -XX:ReservedCodeCacheSize=
#   JVM is running with Unscaled Compressed Oops mode in which the Java heap is
#     placed in the first 4GB address space. The Java Heap base address is the
#     maximum limit for the native heap growth. Please use -XX:HeapBaseMinAddress
#     to set the Java Heap base and to place the Java Heap above 4GB virtual address.
# This output file may be truncated or incomplete.
#
#  Out of Memory Error (t:/workspace/open/src/hotspot/os/windows/os_windows.cpp:3264), pid=15792, tid=12464
#
# JRE version: Java(TM) SE Runtime Environment (12.0.2+10) (build 12.0.2+10)
# Java VM: Java HotSpot(TM) 64-Bit Server VM (12.0.2+10, mixed mode, sharing, tiered, compressed oops, g1 gc, windows-amd64)
# No core dump will be written. Minidumps are not enabled by default on client versions of Windows
#

---------------  S U M M A R Y ------------

Command Line: -ea -Dfile.encoding=Cp1252 org.testng.remote.RemoteTestNG -serport 55611 -protocol json -d C:\Users\91897\eclipse-workspace\Demo_Orange_Application\test-output C:\Users\91897\eclipse-workspace\Demo_Orange_Application\test-output\Testng3.xml

Host: Intel(R) Core(TM) i3-7100U CPU @ 2.40GHz, 4 cores, 3G,  Windows 10 , 64 bit Build 19041 (10.0.19041.928)
Time: Fri Jun 25 19:12:05 2021 India Standard Time elapsed time: 8 seconds (0d 0h 0m 8s)

---------------  T H R E A D  ---------------

Current thread (0x00000170cafcb000):  VMThread "VM Thread" [stack: 0x000000359ca00000,0x000000359cb00000] [id=12464]

Stack: [0x000000359ca00000,0x000000359cb00000]
[error occurred during error reporting (printing stack bounds), id 0xc0000005, EXCEPTION_ACCESS_VIOLATION (0xc0000005) at pc=0x00000170d4b30bad]

Native frames: (J=compiled Java code, j=interpreted, Vv=VM code, C=native code)
V  [jvm.dll+0x63aa2a]
V  [jvm.dll+0x78ce1e]
V  [jvm.dll+0x78e4c1]
V  [jvm.dll+0x78ea75]
V  [jvm.dll+0x78ea2b]
V  [jvm.dll+0x63a134]
V  [jvm.dll+0x63a4f8]
C  [ntdll.dll+0xa207f]
C  [ntdll.dll+0x51454]
C  [ntdll.dll+0xa0bae]
C  0x00000170d4b30bad

VM_Operation (0x000000359c6ff5d0): G1Concurrent, mode: safepoint, requested by thread 0x00000170caf2b800


---------------  P R O C E S S  ---------------

Threads class SMR info:
_java_thread_list=0x00000170ea307450, length=20, elements={
0x00000170caef5000, 0x00000170cafce800, 0x00000170e8c2f800, 0x00000170e8c48800,
0x00000170e8c4b000, 0x00000170e8c4f000, 0x00000170e8c5d000, 0x00000170e8c70800,
0x00000170e96c7800, 0x00000170e96c8800, 0x00000170e9e82800, 0x00000170e9dc6000,
0x00000170ea9c8800, 0x00000170e8cec000, 0x00000170e9a34000, 0x00000170e9b36800,
0x00000170e96be800, 0x00000170ea5b8800, 0x00000170ea8f3800, 0x00000170e9a2b000
}

Java Threads: ( => current thread )
  0x00000170caef5000 JavaThread "Forwarding newSession on session null to remote" [_thread_blocked, id=16260, stack(0x000000359c400000,0x000000359c500000)]
  0x00000170cafce800 JavaThread "Reference Handler" daemon [_thread_blocked, id=15512, stack(0x000000359cb00000,0x000000359cc00000)]
  0x00000170e8c2f800 JavaThread "Finalizer" daemon [_thread_blocked, id=12452, stack(0x000000359cc00000,0x000000359cd00000)]
  0x00000170e8c48800 JavaThread "Signal Dispatcher" daemon [_thread_blocked, id=7028, stack(0x000000359cd00000,0x000000359ce00000)]
  0x00000170e8c4b000 JavaThread "Attach Listener" daemon [_thread_blocked, id=14140, stack(0x000000359ce00000,0x000000359cf00000)]
  0x00000170e8c4f000 JavaThread "C2 CompilerThread0" daemon [_thread_blocked, id=3164, stack(0x000000359cf00000,0x000000359d000000)]
  0x00000170e8c5d000 JavaThread "C1 CompilerThread0" daemon [_thread_blocked, id=6000, stack(0x000000359d000000,0x000000359d100000)]
  0x00000170e8c70800 JavaThread "Sweeper thread" daemon [_thread_blocked, id=1224, stack(0x000000359d100000,0x000000359d200000)]
  0x00000170e96c7800 JavaThread "Service Thread" daemon [_thread_blocked, id=4408, stack(0x000000359d200000,0x000000359d300000)]
  0x00000170e96c8800 JavaThread "Common-Cleaner" daemon [_thread_blocked, id=15464, stack(0x000000359d400000,0x000000359d500000)]
  0x00000170e9e82800 JavaThread "ReaderThread" [_thread_in_native, id=10080, stack(0x000000359d700000,0x000000359d800000)]
  0x00000170e9dc6000 JavaThread "ForkJoinPool.commonPool-worker-3" daemon [_thread_blocked, id=15388, stack(0x000000359da00000,0x000000359db00000)]
  0x00000170ea9c8800 JavaThread "AsyncHttpClient-1-1" daemon [_thread_blocked, id=14696, stack(0x000000359db00000,0x000000359dc00000)]
  0x00000170e8cec000 JavaThread "Exec Default Executor" daemon [_thread_in_native, id=14748, stack(0x000000359dc00000,0x000000359dd00000)]
  0x00000170e9a34000 JavaThread "ForkJoinPool.commonPool-worker-5" daemon [_thread_blocked, id=14844, stack(0x000000359dd00000,0x000000359de00000)]
  0x00000170e9b36800 JavaThread "UrlChecker-2" daemon [_thread_blocked, id=16180, stack(0x000000359de00000,0x000000359df00000)]
  0x00000170e96be800 JavaThread "Exec Stream Pumper" daemon [_thread_in_native, id=1728, stack(0x000000359df00000,0x000000359e000000)]
  0x00000170ea5b8800 JavaThread "Exec Stream Pumper" daemon [_thread_in_native, id=13508, stack(0x000000359e000000,0x000000359e100000)]
  0x00000170ea8f3800 JavaThread "Keep-Alive-Timer" daemon [_thread_blocked, id=6304, stack(0x000000359e100000,0x000000359e200000)]
  0x00000170e9a2b000 JavaThread "AsyncHttpClient-1-2" daemon [_thread_blocked, id=2088, stack(0x000000359e200000,0x000000359e300000)]

Other Threads:
=>0x00000170cafcb000 VMThread "VM Thread" [stack: 0x000000359ca00000,0x000000359cb00000] [id=12464]
  0x00000170e96cc000 WatcherThread [stack: 0x000000359d300000,0x000000359d400000] [id=9704]
  0x00000170caf22800 GCTaskThread "GC Thread#0" [stack: 0x000000359c500000,0x000000359c600000] [id=13172]
  0x00000170e9cd3000 GCTaskThread "GC Thread#1" [stack: 0x000000359d500000,0x000000359d600000] [id=13612]
  0x00000170ea5a3800 GCTaskThread "GC Thread#2" [stack: 0x000000359d800000,0x000000359d900000] [id=6372]
  0x00000170ea62e000 GCTaskThread "GC Thread#3" [stack: 0x000000359d900000,0x000000359da00000] [id=12524]
  0x00000170caf2b800 ConcurrentGCThread "G1 Main Marker" [stack: 0x000000359c600000,0x000000359c700000] [id=5436]
  0x00000170caf2e000 ConcurrentGCThread "G1 Conc#0" [stack: 0x000000359c700000,0x000000359c800000] [id=11500]
  0x00000170caf89800 ConcurrentGCThread "G1 Refine#0" [stack: 0x000000359c800000,0x000000359c900000] [id=5684]
  0x00000170caf8a800 ConcurrentGCThread "G1 Young RemSet Sampling" [stack: 0x000000359c900000,0x000000359ca00000] [id=5824]

Threads with active compile tasks:
C2 CompilerThread0  2072       4       java.util.jar.JarFile::maybeInstantiateVerifier (112 bytes)

VM state:at safepoint (normal execution)

VM Mutex/Monitor currently owned by a thread:  ([mutex/lock_event])
[0x00000170caeefda0] Threads_lock - owner thread: 0x00000170cafcb000
[0x00000170caef1780] Heap_lock - owner thread: 0x00000170caf2b800

Heap address: 0x00000000c1600000, size: 1002 MB, Compressed Oops mode: 32-bit
Narrow klass base: 0x0000000800000000, Narrow klass shift: 3
Compressed class space size: 1073741824 Address: 0x0000000801190000

Heap:
 garbage-first heap   total 53248K, used 28957K [0x00000000c1600000, 0x0000000100000000)
  region size 1024K, 3 young (3072K), 2 survivors (2048K)
 Metaspace       used 20721K, capacity 21382K, committed 21628K, reserved 1069056K
  class space    used 2584K, capacity 2823K, committed 2944K, reserved 1048576K
Heap Regions: E=young(eden), S=young(survivor), O=old, HS=humongous(starts), HC=humongous(continues), CS=collection set, F=free, A=archive, TAMS=top-at-mark-start (previous, next)
|   0|0x00000000c1600000, 0x00000000c1700000, 0x00000000c1700000|100%|HS|  |TAMS 0x00000000c1700000, 0x00000000c1600000| Complete 
|   1|0x00000000c1700000, 0x00000000c1800000, 0x00000000c1800000|100%| O|  |TAMS 0x00000000c1800000, 0x00000000c1700000| Updating 
|   2|0x00000000c1800000, 0x00000000c1900000, 0x00000000c1900000|100%| O|  |TAMS 0x00000000c1900000, 0x00000000c1800000| Updating 
|   3|0x00000000c1900000, 0x00000000c1a00000, 0x00000000c1a00000|100%| O|  |TAMS 0x00000000c1a00000, 0x00000000c1900000| Updating 
|   4|0x00000000c1a00000, 0x00000000c1b00000, 0x00000000c1b00000|100%| O|  |TAMS 0x00000000c1b00000, 0x00000000c1a00000| Updating 
|   5|0x00000000c1b00000, 0x00000000c1c00000, 0x00000000c1c00000|100%| O|  |TAMS 0x00000000c1c00000, 0x00000000c1b00000| Updating 
|   6|0x00000000c1c00000, 0x00000000c1d00000, 0x00000000c1d00000|100%| O|  |TAMS 0x00000000c1d00000, 0x00000000c1c00000| Updating 
|   7|0x00000000c1d00000, 0x00000000c1d96000, 0x00000000c1e00000| 58%| O|  |TAMS 0x00000000c1d96000, 0x00000000c1d00000| Updating 
|   8|0x00000000c1e00000, 0x00000000c1f00000, 0x00000000c1f00000|100%| O|  |TAMS 0x00000000c1e00000, 0x00000000c1e00000| Untracked 
|   9|0x00000000c1f00000, 0x00000000c2000000, 0x00000000c2000000|100%| O|  |TAMS 0x00000000c1f00000, 0x00000000c1f00000| Untracked 
|  10|0x00000000c2000000, 0x00000000c2038200, 0x00000000c2100000| 21%| O|  |TAMS 0x00000000c2000000, 0x00000000c2000000| Updating 
|  11|0x00000000c2100000, 0x00000000c2200000, 0x00000000c2200000|100%|HS|  |TAMS 0x00000000c2100000, 0x00000000c2100000| Complete 
|  12|0x00000000c2200000, 0x00000000c2300000, 0x00000000c2300000|100%|HC|  |TAMS 0x00000000c2200000, 0x00000000c2200000| Complete 
|  13|0x00000000c2300000, 0x00000000c2400000, 0x00000000c2400000|100%|HC|  |TAMS 0x00000000c2300000, 0x00000000c2300000| Complete 
|  14|0x00000000c2400000, 0x00000000c2500000, 0x00000000c2500000|100%|HC|  |TAMS 0x00000000c2400000, 0x00000000c2400000| Complete 
|  15|0x00000000c2500000, 0x00000000c2600000, 0x00000000c2600000|100%|HC|  |TAMS 0x00000000c2500000, 0x00000000c2500000| Complete 
|  16|0x00000000c2600000, 0x00000000c2700000, 0x00000000c2700000|100%|HC|  |TAMS 0x00000000c2600000, 0x00000000c2600000| Complete 
|  17|0x00000000c2700000, 0x00000000c2800000, 0x00000000c2800000|100%|HC|  |TAMS 0x00000000c2700000, 0x00000000c2700000| Complete 
|  18|0x00000000c2800000, 0x00000000c2900000, 0x00000000c2900000|100%|HC|  |TAMS 0x00000000c2800000, 0x00000000c2800000| Complete 
|  19|0x00000000c2900000, 0x00000000c2a00000, 0x00000000c2a00000|100%|HC|  |TAMS 0x00000000c2900000, 0x00000000c2900000| Complete 
|  20|0x00000000c2a00000, 0x00000000c2b00000, 0x00000000c2b00000|100%|HC|  |TAMS 0x00000000c2a00000, 0x00000000c2a00000| Complete 
|  21|0x00000000c2b00000, 0x00000000c2c00000, 0x00000000c2c00000|100%|HC|  |TAMS 0x00000000c2b00000, 0x00000000c2b00000| Complete 
|  22|0x00000000c2c00000, 0x00000000c2d00000, 0x00000000c2d00000|100%|HC|  |TAMS 0x00000000c2c00000, 0x00000000c2c00000| Complete 
|  23|0x00000000c2d00000, 0x00000000c2e00000, 0x00000000c2e00000|100%|HC|  |TAMS 0x00000000c2d00000, 0x00000000c2d00000| Complete 
|  24|0x00000000c2e00000, 0x00000000c2f00000, 0x00000000c2f00000|100%|HC|  |TAMS 0x00000000c2e00000, 0x00000000c2e00000| Complete 
|  25|0x00000000c2f00000, 0x00000000c3000000, 0x00000000c3000000|100%|HC|  |TAMS 0x00000000c2f00000, 0x00000000c2f00000| Complete 
|  26|0x00000000c3000000, 0x00000000c3100000, 0x00000000c3100000|100%|HC|  |TAMS 0x00000000c3000000, 0x00000000c3000000| Complete 
|  27|0x00000000c3100000, 0x00000000c3200000, 0x00000000c3200000|100%|HC|  |TAMS 0x00000000c3100000, 0x00000000c3100000| Complete 
|  28|0x00000000c3200000, 0x00000000c3200000, 0x00000000c3300000|  0%| F|  |TAMS 0x00000000c3200000, 0x00000000c3200000| Untracked 
|  29|0x00000000c3300000, 0x00000000c3300000, 0x00000000c3400000|  0%| F|  |TAMS 0x00000000c3300000, 0x00000000c3300000| Untracked 
|  30|0x00000000c3400000, 0x00000000c3400000, 0x00000000c3500000|  0%| F|  |TAMS 0x00000000c3400000, 0x00000000c3400000| Untracked 
|  31|0x00000000c3500000, 0x00000000c3500000, 0x00000000c3600000|  0%| F|  |TAMS 0x00000000c3500000, 0x00000000c3500000| Untracked 
|  32|0x00000000c3600000, 0x00000000c3600000, 0x00000000c3700000|  0%| F|  |TAMS 0x00000000c3600000, 0x00000000c3600000| Untracked 
|  33|0x00000000c3700000, 0x00000000c3700000, 0x00000000c3800000|  0%| F|  |TAMS 0x00000000c3700000, 0x00000000c3700000| Untracked 
|  34|0x00000000c3800000, 0x00000000c3800000, 0x00000000c3900000|  0%| F|  |TAMS 0x00000000c3800000, 0x00000000c3800000| Untracked 
|  35|0x00000000c3900000, 0x00000000c3900000, 0x00000000c3a00000|  0%| F|  |TAMS 0x00000000c3900000, 0x00000000c3900000| Untracked 
|  36|0x00000000c3a00000, 0x00000000c3a00000, 0x00000000c3b00000|  0%| F|  |TAMS 0x00000000c3a00000, 0x00000000c3a00000| Untracked 
|  37|0x00000000c3b00000, 0x00000000c3b00000, 0x00000000c3c00000|  0%| F|  |TAMS 0x00000000c3b00000, 0x00000000c3b00000| Untracked 
|  38|0x00000000c3c00000, 0x00000000c3c00000, 0x00000000c3d00000|  0%| F|  |TAMS 0x00000000c3c00000, 0x00000000c3c00000| Untracked 
|  39|0x00000000c3d00000, 0x00000000c3d00000, 0x00000000c3e00000|  0%| F|  |TAMS 0x00000000c3d00000, 0x00000000c3d00000| Untracked 
|  40|0x00000000c3e00000, 0x00000000c3e79260, 0x00000000c3f00000| 47%| S|CS|TAMS 0x00000000c3e00000, 0x00000000c3e00000| Complete 
|  41|0x00000000c3f00000, 0x00000000c4000000, 0x00000000c4000000|100%| S|CS|TAMS 0x00000000c3f00000, 0x00000000c3f00000| Complete 
|  42|0x00000000c4000000, 0x00000000c4000000, 0x00000000c4100000|  0%| F|  |TAMS 0x00000000c4000000, 0x00000000c4000000| Untracked 
|  63|0x00000000c5500000, 0x00000000c552ebc8, 0x00000000c5600000| 18%| E|  |TAMS 0x00000000c5500000, 0x00000000c5500000| Complete 

Card table byte_map: [0x00000170e4350000,0x00000170e4550000] _byte_map_base: 0x00000170e3d45000

Marking Bits (Prev, Next): (CMBitMap*) 0x00000170caf23568, (CMBitMap*) 0x00000170caf235a8
 Prev Bits: [0x00000170e4750000, 0x00000170e56f8000)
 Next Bits: [0x00000170e5700000, 0x00000170e66a8000)

Polling page: 0x00000170cad70000

Metaspace:

Usage:
  Non-class:     18.12 MB capacity,    17.71 MB ( 98%) used,   359.44 KB (  2%) free+waste,    62.31 KB ( <1%) overhead. 
      Class:      2.76 MB capacity,     2.52 MB ( 92%) used,   207.06 KB (  7%) free+waste,    31.63 KB (  1%) overhead. 
       Both:     20.88 MB capacity,    20.24 MB ( 97%) used,   566.50 KB (  3%) free+waste,    93.94 KB ( <1%) overhead. 

Virtual space:
  Non-class space:       20.00 MB reserved,      18.25 MB ( 91%) committed 
      Class space:        1.00 GB reserved,       2.88 MB ( <1%) committed 
             Both:        1.02 GB reserved,      21.12 MB (  2%) committed 

Chunk freelists:
   Non-Class:  128 bytes
       Class:  3.13 KB
        Both:  3.25 KB

CodeHeap 'non-profiled nmethods': size=120064Kb used=798Kb max_used=798Kb free=119265Kb
 bounds [0x00000170dc5f0000, 0x00000170dc860000, 0x00000170e3b30000]
CodeHeap 'profiled nmethods': size=120000Kb used=3721Kb max_used=3762Kb free=116278Kb
 bounds [0x00000170d50c0000, 0x00000170d5480000, 0x00000170dc5f0000]
CodeHeap 'non-nmethods': size=5696Kb used=1209Kb max_used=1233Kb free=4486Kb
 bounds [0x00000170d4b30000, 0x00000170d4da0000, 0x00000170d50c0000]
 total_blobs=3093 nmethods=1867 adapters=456
 compilation: enabled
              stopped_count=0, restarted_count=0
 full_count=0

Compilation events (10 events):
Event: 8.154 Thread 0x00000170e8c5d000 nmethod 2067 0x00000170d518e610 code [0x00000170d518e840, 0x00000170d518f140]
Event: 8.154 Thread 0x00000170e8c5d000 2068   !   3       jdk.internal.ref.PhantomCleanable::isListEmpty (34 bytes)
Event: 8.155 Thread 0x00000170e8c5d000 nmethod 2068 0x00000170d5125a10 code [0x00000170d5125be0, 0x00000170d5125f78]
Event: 8.155 Thread 0x00000170e8c5d000 2069       3       java.lang.invoke.MethodHandleNatives$CallSiteContext::run (5 bytes)
Event: 8.155 Thread 0x00000170e8c5d000 nmethod 2069 0x00000170d50de510 code [0x00000170d50de6e0, 0x00000170d50de890]
Event: 8.155 Thread 0x00000170e8c5d000 2070       3       jdk.internal.misc.InnocuousThread::eraseThreadLocals (23 bytes)
Event: 8.155 Thread 0x00000170e8c5d000 nmethod 2070 0x00000170d518b390 code [0x00000170d518b560, 0x00000170d518b7b8]
Event: 8.230 Thread 0x00000170e8c5d000 2071       3       java.util.AbstractQueue::<init> (5 bytes)
Event: 8.230 Thread 0x00000170e8c5d000 nmethod 2071 0x00000170d518e110 code [0x00000170d518e2e0, 0x00000170d518e518]
Event: 8.231 Thread 0x00000170e8c4f000 2072       4       java.util.jar.JarFile::maybeInstantiateVerifier (112 bytes)

GC Heap History (10 events):
Event: 1.299 GC heap before
{Heap before GC invocations=0 (full 0):
 garbage-first heap   total 65536K, used 14336K [0x00000000c1600000, 0x0000000100000000)
  region size 1024K, 14 young (14336K), 0 survivors (0K)
 Metaspace       used 1909K, capacity 5212K, committed 5376K, reserved 1056768K
  class space    used 193K, capacity 504K, committed 512K, reserved 1048576K
}
Event: 1.307 GC heap after
{Heap after GC invocations=1 (full 0):
 garbage-first heap   total 65536K, used 5737K [0x00000000c1600000, 0x0000000100000000)
  region size 1024K, 2 young (2048K), 2 survivors (2048K)
 Metaspace       used 1909K, capacity 5212K, committed 5376K, reserved 1056768K
  class space    used 193K, capacity 504K, committed 512K, reserved 1048576K
}
Event: 4.266 GC heap before
{Heap before GC invocations=1 (full 0):
 garbage-first heap   total 65536K, used 42601K [0x00000000c1600000, 0x0000000100000000)
  region size 1024K, 38 young (38912K), 2 survivors (2048K)
 Metaspace       used 9140K, capacity 9499K, committed 9728K, reserved 1058816K
  class space    used 1071K, capacity 1174K, committed 1280K, reserved 1048576K
}
Event: 4.285 GC heap after
{Heap after GC invocations=2 (full 0):
 garbage-first heap   total 65536K, used 7869K [0x00000000c1600000, 0x0000000100000000)
  region size 1024K, 5 young (5120K), 5 survivors (5120K)
 Metaspace       used 9140K, capacity 9499K, committed 9728K, reserved 1058816K
  class space    used 1071K, capacity 1174K, committed 1280K, reserved 1048576K
}
Event: 5.667 GC heap before
{Heap before GC invocations=2 (full 0):
 garbage-first heap   total 65536K, used 39613K [0x00000000c1600000, 0x0000000100000000)
  region size 1024K, 36 young (36864K), 5 survivors (5120K)
 Metaspace       used 15267K, capacity 15678K, committed 15872K, reserved 1062912K
  class space    used 1797K, capacity 1951K, committed 2048K, reserved 1048576K
}
Event: 5.677 GC heap after
{Heap after GC invocations=3 (full 0):
 garbage-first heap   total 65536K, used 10162K [0x00000000c1600000, 0x0000000100000000)
  region size 1024K, 5 young (5120K), 5 survivors (5120K)
 Metaspace       used 15267K, capacity 15678K, committed 15872K, reserved 1062912K
  class space    used 1797K, capacity 1951K, committed 2048K, reserved 1048576K
}
Event: 8.134 GC heap before
{Heap before GC invocations=3 (full 0):
 garbage-first heap   total 65536K, used 41906K [0x00000000c1600000, 0x0000000100000000)
  region size 1024K, 37 young (37888K), 5 survivors (5120K)
 Metaspace       used 20557K, capacity 21158K, committed 21248K, reserved 1067008K
  class space    used 2549K, capacity 2791K, committed 2816K, reserved 1048576K
}
Event: 8.152 GC heap after
{Heap after GC invocations=4 (full 0):
 garbage-first heap   total 65536K, used 11457K [0x00000000c1600000, 0x0000000100000000)
  region size 1024K, 4 young (4096K), 4 survivors (4096K)
 Metaspace       used 20557K, capacity 21158K, committed 21248K, reserved 1067008K
  class space    used 2549K, capacity 2791K, committed 2816K, reserved 1048576K
}
Event: 8.214 GC heap before
{Heap before GC invocations=5 (full 0):
 garbage-first heap   total 45056K, used 12481K [0x00000000c1600000, 0x0000000100000000)
  region size 1024K, 6 young (6144K), 4 survivors (4096K)
 Metaspace       used 20702K, capacity 21318K, committed 21628K, reserved 1069056K
  class space    used 2581K, capacity 2823K, committed 2944K, reserved 1048576K
}
Event: 8.219 GC heap after
{Heap after GC invocations=6 (full 0):
 garbage-first heap   total 45056K, used 11549K [0x00000000c1600000, 0x0000000100000000)
  region size 1024K, 2 young (2048K), 2 survivors (2048K)
 Metaspace       used 20702K, capacity 21318K, committed 21628K, reserved 1069056K
  class space    used 2581K, capacity 2823K, committed 2944K, reserved 1048576K
}

Deoptimization events (10 events):
Event: 3.828 Thread 0x00000170caef5000 Uncommon trap: reason=unstable_if action=reinterpret pc=0x00000170dc605ab0 method=java.lang.AbstractStringBuilder.append(Ljava/lang/String;)Ljava/lang/AbstractStringBuilder; @ 1 c2
Event: 4.200 Thread 0x00000170caef5000 Uncommon trap: reason=bimorphic_or_optimized_type_check action=maybe_recompile pc=0x00000170dc651194 method=java.util.HashMap.putVal(ILjava/lang/Object;Ljava/lang/Object;ZZ)Ljava/lang/Object; @ 56 c2
Event: 4.200 Thread 0x00000170caef5000 Uncommon trap: reason=bimorphic_or_optimized_type_check action=maybe_recompile pc=0x00000170dc651194 method=java.util.HashMap.putVal(ILjava/lang/Object;Ljava/lang/Object;ZZ)Ljava/lang/Object; @ 56 c2
Event: 4.264 Thread 0x00000170caef5000 Uncommon trap: reason=unstable_if action=reinterpret pc=0x00000170dc62cc84 method=java.util.jar.JarFile.getVersionedEntry(Ljava/lang/String;Ljava/util/jar/JarEntry;)Ljava/util/jar/JarEntry; @ 7 c2
Event: 4.354 Thread 0x00000170caef5000 Uncommon trap: reason=speculate_null_assert action=make_not_entrant pc=0x00000170dc663cdc method=jdk.internal.loader.URLClassPath$JarLoader.getResource(Ljava/lang/String;ZLjava/util/Set;)Ljdk/internal/loader/Resource; @ 17 c2
Event: 5.819 Thread 0x00000170caef5000 Uncommon trap: reason=unstable_if action=reinterpret pc=0x00000170dc66c874 method=java.lang.String.replace(CC)Ljava/lang/String; @ 2 c2
Event: 5.852 Thread 0x00000170e9b36800 Uncommon trap: reason=unstable_if action=reinterpret pc=0x00000170dc691c6c method=java.lang.CharacterDataLatin1.digit(II)I @ 12 c2
Event: 6.388 Thread 0x00000170e9b36800 Uncommon trap: reason=unstable_if action=reinterpret pc=0x00000170dc692074 method=java.lang.CharacterDataLatin1.digit(II)I @ 12 c2
Event: 7.126 Thread 0x00000170caef5000 Uncommon trap: reason=unstable_if action=reinterpret pc=0x00000170dc6a425c method=java.io.ByteArrayInputStream.read([BII)I @ 35 c2
Event: 7.201 Thread 0x00000170caef5000 Uncommon trap: reason=unstable_if action=reinterpret pc=0x00000170dc61ffe8 method=java.util.regex.Pattern$BmpCharProperty.match(Ljava/util/regex/Matcher;ILjava/lang/CharSequence;)Z @ 5 c2

Classes redefined (0 events):
No events

Internal exceptions (10 events):
Event: 6.989 Thread 0x00000170caef5000 Exception <a 'java/lang/NoSuchMethodError'{0x00000000c4ecfd08}: java.lang.invoke.DirectMethodHandle$Holder.invokeSpecialIFC(Ljava/lang/Object;Ljava/lang/Object;Ljava/lang/Object;Ljava/lang/Object;)I> (0x00000000c4ecfd08) thrown at [t:/workspace/open/src/h
Event: 6.994 Thread 0x00000170caef5000 Exception <a 'java/lang/NoSuchMethodError'{0x00000000c4ed79c8}: java.lang.invoke.DirectMethodHandle$Holder.invokeInterface(Ljava/lang/Object;Ljava/lang/Object;Ljava/lang/Object;Ljava/lang/Object;)Ljava/lang/Object;> (0x00000000c4ed79c8) thrown at [t:/work
Event: 7.012 Thread 0x00000170caef5000 Exception <a 'java/lang/NoSuchMethodError'{0x00000000c4d2ca38}: java.lang.invoke.DirectMethodHandle$Holder.invokeVirtual(Ljava/lang/Object;Ljava/lang/Object;)D> (0x00000000c4d2ca38) thrown at [t:/workspace/open/src/hotspot/share/interpreter/linkResolver.c
Event: 7.014 Thread 0x00000170caef5000 Exception <a 'java/lang/NoSuchMethodError'{0x00000000c4d32308}: java.lang.invoke.DirectMethodHandle$Holder.invokeVirtual(Ljava/lang/Object;Ljava/lang/Object;)F> (0x00000000c4d32308) thrown at [t:/workspace/open/src/hotspot/share/interpreter/linkResolver.c
Event: 7.018 Thread 0x00000170caef5000 Exception <a 'java/lang/NoSuchMethodError'{0x00000000c4d39d98}: java.lang.invoke.DirectMethodHandle$Holder.invokeVirtual(Ljava/lang/Object;Ljava/lang/Object;)J> (0x00000000c4d39d98) thrown at [t:/workspace/open/src/hotspot/share/interpreter/linkResolver.c
Event: 7.029 Thread 0x00000170caef5000 Exception <a 'java/lang/NoSuchMethodError'{0x00000000c4d7c848}: java.lang.invoke.DirectMethodHandle$Holder.invokeVirtual(Ljava/lang/Object;Ljava/lang/Object;Ljava/lang/Object;)Ljava/lang/Object;> (0x00000000c4d7c848) thrown at [t:/workspace/open/src/hotsp
Event: 7.076 Thread 0x00000170caef5000 Exception <a 'java/lang/NoSuchMethodError'{0x00000000c4df6ec8}: java.lang.invoke.DirectMethodHandle$Holder.invokeSpecial(Ljava/lang/Object;Ljava/lang/Object;Ljava/lang/Object;Ljava/lang/Object;)V> (0x00000000c4df6ec8) thrown at [t:/workspace/open/src/hots
Event: 7.107 Thread 0x00000170caef5000 Exception <a 'java/lang/NoSuchMethodError'{0x00000000c4cca558}: java.lang.invoke.DirectMethodHandle$Holder.invokeSpecial(Ljava/lang/Object;Ljava/lang/Object;Ljava/lang/Object;Ljava/lang/Object;Ljava/lang/Object;)V> (0x00000000c4cca558) thrown at [t:/works
Event: 7.108 Thread 0x00000170caef5000 Exception <a 'java/lang/NoSuchMethodError'{0x00000000c4cd0700}: java.lang.invoke.DirectMethodHandle$Holder.invokeStatic(Ljava/lang/Object;Ljava/lang/Object;I)V> (0x00000000c4cd0700) thrown at [t:/workspace/open/src/hotspot/share/interpreter/linkResolver.c
Event: 7.450 Thread 0x00000170caef5000 Exception <a 'java/lang/NoSuchMethodError'{0x00000000c4035648}: java.lang.invoke.DirectMethodHandle$Holder.invokeSpecial(Ljava/lang/Object;Ljava/lang/Object;Ljava/lang/Object;Ljava/lang/Object;Ljava/lang/Object;Ljava/lang/Object;)V> (0x00000000c4035648) t

Events (10 events):
Event: 8.231 loading class io/netty/buffer/PoolThreadCache$MemoryRegionCache$Entry done
Event: 8.232 loading class io/netty/handler/stream/ChunkedWriteHandler$2
Event: 8.232 loading class io/netty/handler/stream/ChunkedWriteHandler$2 done
Event: 8.232 Executing VM operation: RevokeBias
Event: 8.232 Executing VM operation: RevokeBias done
Event: 8.233 loading class sun/nio/ch/IOVecWrapper
Event: 8.233 loading class sun/nio/ch/IOVecWrapper done
Event: 8.234 loading class sun/nio/ch/IOVecWrapper$Deallocator
Event: 8.234 loading class sun/nio/ch/IOVecWrapper$Deallocator done
Event: 8.234 Executing VM operation: G1Concurrent


Dynamic libraries:
0x00007ff769200000 - 0x00007ff76920f000 	C:\Program Files\Java\jdk-12.0.2\bin\javaw.exe
0x00007ffa9d830000 - 0x00007ffa9da25000 	C:\WINDOWS\SYSTEM32\ntdll.dll
0x00007ffa9cf80000 - 0x00007ffa9d03d000 	C:\WINDOWS\System32\KERNEL32.DLL
0x00007ffa9af70000 - 0x00007ffa9b238000 	C:\WINDOWS\System32\KERNELBASE.dll
0x00007ffa9b290000 - 0x00007ffa9b390000 	C:\WINDOWS\System32\ucrtbase.dll
0x00007ffa7c5a0000 - 0x00007ffa7c5b6000 	C:\Program Files\Java\jdk-12.0.2\bin\VCRUNTIME140.dll
0x00007ffa7aa40000 - 0x00007ffa7aa58000 	C:\Program Files\Java\jdk-12.0.2\bin\jli.dll
0x00007ffa9d3e0000 - 0x00007ffa9d48c000 	C:\WINDOWS\System32\ADVAPI32.dll
0x00007ffa9cc80000 - 0x00007ffa9cd1e000 	C:\WINDOWS\System32\msvcrt.dll
0x00007ffa9cb00000 - 0x00007ffa9cb9b000 	C:\WINDOWS\System32\sechost.dll
0x00007ffa9d120000 - 0x00007ffa9d24b000 	C:\WINDOWS\System32\RPCRT4.dll
0x00007ffa9c630000 - 0x00007ffa9c7d0000 	C:\WINDOWS\System32\USER32.dll
0x00007ffa9b6b0000 - 0x00007ffa9b6d2000 	C:\WINDOWS\System32\win32u.dll
0x00007ffa9ca60000 - 0x00007ffa9ca8a000 	C:\WINDOWS\System32\GDI32.dll
0x00007ffa9b440000 - 0x00007ffa9b54b000 	C:\WINDOWS\System32\gdi32full.dll
0x00007ffa7c830000 - 0x00007ffa7caca000 	C:\WINDOWS\WinSxS\amd64_microsoft.windows.common-controls_6595b64144ccf1df_6.0.19041.844_none_ca00b6081b84eb1d\COMCTL32.dll
0x00007ffa9b740000 - 0x00007ffa9b7dd000 	C:\WINDOWS\System32\msvcp_win.dll
0x00007ffa93290000 - 0x00007ffa9329a000 	C:\WINDOWS\SYSTEM32\VERSION.dll
0x00007ffa9d050000 - 0x00007ffa9d080000 	C:\WINDOWS\System32\IMM32.DLL
0x00007ffa6e000000 - 0x00007ffa6e0aa000 	C:\Program Files\Java\jdk-12.0.2\bin\msvcp140.dll
0x00007ffa5cd80000 - 0x00007ffa5d8f7000 	C:\Program Files\Java\jdk-12.0.2\bin\server\jvm.dll
0x00007ffa9d300000 - 0x00007ffa9d308000 	C:\WINDOWS\System32\PSAPI.DLL
0x00007ffa96770000 - 0x00007ffa96779000 	C:\WINDOWS\SYSTEM32\WSOCK32.dll
0x00007ffa9ca90000 - 0x00007ffa9cafb000 	C:\WINDOWS\System32\WS2_32.dll
0x00007ffa83080000 - 0x00007ffa830a7000 	C:\WINDOWS\SYSTEM32\WINMM.dll
0x00007ffa99840000 - 0x00007ffa99852000 	C:\WINDOWS\SYSTEM32\kernel.appcore.dll
0x00007ffa86960000 - 0x00007ffa86971000 	C:\Program Files\Java\jdk-12.0.2\bin\verify.dll
0x00007ffa99560000 - 0x00007ffa99744000 	C:\WINDOWS\SYSTEM32\DBGHELP.DLL
0x00007ffa80190000 - 0x00007ffa801bc000 	C:\WINDOWS\SYSTEM32\dbgcore.DLL
0x00007ffa9b390000 - 0x00007ffa9b410000 	C:\WINDOWS\System32\bcryptPrimitives.dll
0x00007ffa84960000 - 0x00007ffa84986000 	C:\Program Files\Java\jdk-12.0.2\bin\java.dll
0x00007ffa751c0000 - 0x00007ffa751d7000 	C:\Program Files\Java\jdk-12.0.2\bin\zip.dll
0x00007ffa95c10000 - 0x00007ffa95c1a000 	C:\Program Files\Java\jdk-12.0.2\bin\jimage.dll
0x00007ffa9b890000 - 0x00007ffa9bfd2000 	C:\WINDOWS\System32\SHELL32.dll
0x00007ffa98cf0000 - 0x00007ffa99481000 	C:\WINDOWS\SYSTEM32\windows.storage.dll
0x00007ffa9d490000 - 0x00007ffa9d7e5000 	C:\WINDOWS\System32\combase.dll
0x00007ffa9a9e0000 - 0x00007ffa9aa0c000 	C:\WINDOWS\SYSTEM32\Wldp.dll
0x00007ffa9cd20000 - 0x00007ffa9cdce000 	C:\WINDOWS\System32\SHCORE.dll
0x00007ffa9c040000 - 0x00007ffa9c095000 	C:\WINDOWS\System32\shlwapi.dll
0x00007ffa9aeb0000 - 0x00007ffa9aecf000 	C:\WINDOWS\SYSTEM32\profapi.dll
0x00007ffa75130000 - 0x00007ffa75149000 	C:\Program Files\Java\jdk-12.0.2\bin\net.dll
0x00007ffa85270000 - 0x00007ffa8545e000 	C:\WINDOWS\SYSTEM32\urlmon.dll
0x00007ffa927b0000 - 0x00007ffa928bb000 	C:\WINDOWS\SYSTEM32\WINHTTP.dll
0x00007ffa855a0000 - 0x00007ffa85850000 	C:\WINDOWS\SYSTEM32\iertutil.dll
0x00007ffa9a750000 - 0x00007ffa9a7ba000 	C:\WINDOWS\system32\mswsock.dll
0x00007ffa744b0000 - 0x00007ffa744c3000 	C:\Program Files\Java\jdk-12.0.2\bin\nio.dll
0x00007ffa9a440000 - 0x00007ffa9a50c000 	C:\WINDOWS\SYSTEM32\DNSAPI.dll
0x00007ffa9a3f0000 - 0x00007ffa9a42b000 	C:\WINDOWS\SYSTEM32\IPHLPAPI.DLL
0x00007ffa9d110000 - 0x00007ffa9d118000 	C:\WINDOWS\System32\NSI.dll
0x00007ffa82e60000 - 0x00007ffa82e6a000 	C:\Windows\System32\rasadhlp.dll
0x00007ffa83890000 - 0x00007ffa8390f000 	C:\WINDOWS\System32\fwpuclnt.dll
0x00007ffa9b410000 - 0x00007ffa9b437000 	C:\WINDOWS\System32\bcrypt.dll
0x00007ffa9a920000 - 0x00007ffa9a938000 	C:\WINDOWS\SYSTEM32\CRYPTSP.dll
0x00007ffa9a080000 - 0x00007ffa9a0b4000 	C:\WINDOWS\system32\rsaenh.dll
0x00007ffa9ae30000 - 0x00007ffa9ae5e000 	C:\WINDOWS\SYSTEM32\USERENV.dll
0x00007ffa9a940000 - 0x00007ffa9a94c000 	C:\WINDOWS\SYSTEM32\CRYPTBASE.dll
0x00007ffa8cc90000 - 0x00007ffa8cca7000 	C:\WINDOWS\SYSTEM32\dhcpcsvc6.DLL
0x00007ffa8e3a0000 - 0x00007ffa8e3bd000 	C:\WINDOWS\SYSTEM32\dhcpcsvc.DLL
0x00007ffa96760000 - 0x00007ffa96769000 	C:\Program Files\Java\jdk-12.0.2\bin\management.dll
0x00007ffa87c00000 - 0x00007ffa87c0c000 	C:\Program Files\Java\jdk-12.0.2\bin\management_ext.dll
0x00007ffa728b0000 - 0x00007ffa728d7000 	C:\Program Files\Java\jdk-12.0.2\bin\sunec.dll
0x00007ffa7b680000 - 0x00007ffa7b697000 	C:\WINDOWS\system32\napinsp.dll
0x00007ffa84f60000 - 0x00007ffa84f7b000 	C:\WINDOWS\system32\pnrpnsp.dll
0x00007ffa73cf0000 - 0x00007ffa73d05000 	C:\WINDOWS\system32\wshbth.dll
0x00007ffa966d0000 - 0x00007ffa966ed000 	C:\WINDOWS\system32\NLAapi.dll
0x00007ffa85060000 - 0x00007ffa85072000 	C:\WINDOWS\System32\winrnr.dll

dbghelp: loaded successfully - version: 4.0.5 - missing functions: none
symbol engine: initialized successfully - sym options: 0x614 - pdb path: .;C:\Program Files\Java\jdk-12.0.2\bin;C:\WINDOWS\SYSTEM32;C:\WINDOWS\WinSxS\amd64_microsoft.windows.common-controls_6595b64144ccf1df_6.0.19041.844_none_ca00b6081b84eb1d;C:\Program Files\Java\jdk-12.0.2\bin\server

VM Arguments:
jvm_args: -ea -Dfile.encoding=Cp1252 
java_command: org.testng.remote.RemoteTestNG -serport 55611 -protocol json -d C:\Users\91897\eclipse-workspace\Demo_Orange_Application\test-output C:\Users\91897\eclipse-workspace\Demo_Orange_Application\test-output\Testng3.xml
java_class_path (initial): C:\Users\91897\eclipse\jee-2019-06\eclipse\configuration\org.eclipse.osgi\999\0\.cp\lib\testng-remote.jar;C:\Users\91897\eclipse-workspace\Demo_Orange_Application\target\test-classes;C:\Users\91897\eclipse-workspace\Demo_Orange_Application\target\classes;C:\Users\91897\.m2\repository\org\seleniumhq\selenium\selenium-java\4.0.0-alpha-7\selenium-java-4.0.0-alpha-7.jar;C:\Users\91897\.m2\repository\org\seleniumhq\selenium\selenium-api\4.0.0-alpha-7\selenium-api-4.0.0-alpha-7.jar;C:\Users\91897\.m2\repository\org\seleniumhq\selenium\selenium-chrome-driver\4.0.0-alpha-7\selenium-chrome-driver-4.0.0-alpha-7.jar;C:\Users\91897\.m2\repository\com\google\auto\service\auto-service-annotations\1.0-rc7\auto-service-annotations-1.0-rc7.jar;C:\Users\91897\.m2\repository\com\google\auto\service\auto-service\1.0-rc7\auto-service-1.0-rc7.jar;C:\Users\91897\.m2\repository\com\google\auto\auto-common\0.10\auto-common-0.10.jar;C:\Users\91897\.m2\repository\com\google\guava\guava\30.0-jre\guava-30.0-jre.jar;C:\Users\91897\.m2\repository\com\google\guava\failureaccess\1.0.1\failureaccess-1.0.1.jar;C:\Users\91897\.m2\repository\com\google\guava\listenablefuture\9999.0-empty-to-avoid-conflict-with-guava\listenablefuture-9999.0-empty-to-avoid-conflict-with-guava.jar;C:\Users\91897\.m2\repository\com\google\code\findbugs\jsr305\3.0.2\jsr305-3.0.2.jar;C:\Users\91897\.m2\repository\org\checkerframework\checker-qual\3.5.0\checker-qual-3.5.0.jar;C:\Users\91897\.m2\repository\com\google\errorprone\error_prone_annotations\2.3.4\error_prone_annotations-2.3.4.jar;C:\Users\91897\.m2\repository\com\google\j2objc\j2objc-annotations\1.3\j2objc-annotations-1.3.jar;C:\Users\91897\.m2\repository\org\seleniumhq\selenium\selenium-chromium-driver\4.0.0-alpha-7\selenium-chromium-driver-4.0.0-alpha-7.jar;C:\Users\91897\.m2\repository\org\seleniumhq\selenium\selenium-devtools\4.0.0-alpha-7\selenium-devtools-4.0.0-alpha-7.jar;C:\Users\91897\.m2\repository\org\seleniumhq\selenium\selen
Launcher Type: SUN_STANDARD

[Global flags]
     intx CICompilerCount                          = 3                                         {product} {ergonomic}
     uint ConcGCThreads                            = 1                                         {product} {ergonomic}
     uint G1ConcRefinementThreads                  = 4                                         {product} {ergonomic}
   size_t G1HeapRegionSize                         = 1048576                                   {product} {ergonomic}
    uintx GCDrainStackTargetSize                   = 64                                        {product} {ergonomic}
   size_t InitialHeapSize                          = 67108864                                  {product} {ergonomic}
   size_t MarkStackSize                            = 4194304                                   {product} {ergonomic}
   size_t MaxHeapSize                              = 1050673152                                {product} {ergonomic}
   size_t MaxNewSize                               = 630194176                                 {product} {ergonomic}
   size_t MinHeapDeltaBytes                        = 1048576                                   {product} {ergonomic}
    uintx NonNMethodCodeHeapSize                   = 5830732                                {pd product} {ergonomic}
    uintx NonProfiledCodeHeapSize                  = 122913754                              {pd product} {ergonomic}
    uintx ProfiledCodeHeapSize                     = 122913754                              {pd product} {ergonomic}
    uintx ReservedCodeCacheSize                    = 251658240                              {pd product} {ergonomic}
     bool SegmentedCodeCache                       = true                                      {product} {ergonomic}
     bool UseCompressedClassPointers               = true                                 {lp64_product} {ergonomic}
     bool UseCompressedOops                        = true                                 {lp64_product} {ergonomic}
     bool UseG1GC                                  = true                                      {product} {ergonomic}
     bool UseLargePagesIndividualAllocation        = false                                  {pd product} {ergonomic}

Logging:
Log output configuration:
 #0: stdout all=warning uptime,level,tags
 #1: stderr all=off uptime,level,tags

Environment Variables:
JAVA_HOME=C:\Program Files\Java\jdk1.8.0_281
CLASSPATH=C:\Program Files\Java\jdk1.8.0_281\lib
PATH=C:/Program Files/Java/jdk-12.0.2/bin/server;C:/Program Files/Java/jdk-12.0.2/bin;C:\Program Files (x86)\Common Files\Oracle\Java\javapath;C:\WINDOWS\system32;C:\WINDOWS;C:\WINDOWS\System32\Wbem;C:\WINDOWS\System32\WindowsPowerShell\v1.0\;C:\WINDOWS\System32\OpenSSH\;C:\Program Files\Java\jdk-12.0.2\bin;C:\Program Files\Git\cmd;C:\Users\91897\Downloads\apache-maven-3.8.1-bin\apache-maven-3.8.1\bin;C:\Program Files\Java\jdk1.8.0_281\bin;C:\WINDOWS\System32;
USERNAME=91897
OS=Windows_NT
PROCESSOR_IDENTIFIER=Intel64 Family 6 Model 142 Stepping 9, GenuineIntel



---------------  S Y S T E M  ---------------

OS: Windows 10 , 64 bit Build 19041 (10.0.19041.928)

CPU:total 4 (initial active 4) (2 cores per cpu, 2 threads per core) family 6 model 142 stepping 9, cmov, cx8, fxsr, mmx, sse, sse2, sse3, ssse3, sse4.1, sse4.2, popcnt, avx, avx2, aes, clmul, erms, 3dnowpref, lzcnt, ht, tsc, tscinvbit, bmi1, bmi2, adx, fma

Memory: 4k page, system-wide physical 4007M (312M free)
TotalPageFile size 5403M (AvailPageFile size 6M)
current process WorkingSet (physical memory assigned to process): 142M, peak: 142M
current process commit charge ("private bytes"): 170M, peak: 178M

vm_info: Java HotSpot(TM) 64-Bit Server VM (12.0.2+10) for windows-amd64 JRE (12.0.2+10), built on Jul 16 2019 01:56:17 by "mach5one" with MS VC++ 15.5 (VS2017)

END.
