#
# There is insufficient memory for the Java Runtime Environment to continue.
# Native memory allocation (malloc) failed to allocate 32744 bytes for ChunkPool::allocate
# Possible reasons:
#   The system is out of physical RAM or swap space
#   The process is running with CompressedOops enabled, and the Java Heap may be blocking the growth of the native heap
# Possible solutions:
#   Reduce memory load on the system
#   Increase physical memory or swap space
#   Check if swap backing store is full
#   Decrease Java heap size (-Xmx/-Xms)
#   Decrease number of Java threads
#   Decrease Java thread stack sizes (-Xss)
#   Set larger code cache with -XX:ReservedCodeCacheSize=
#   JVM is running with Unscaled Compressed Oops mode in which the Java heap is
#     placed in the first 4GB address space. The Java Heap base address is the
#     maximum limit for the native heap growth. Please use -XX:HeapBaseMinAddress
#     to set the Java Heap base and to place the Java Heap above 4GB virtual address.
# This output file may be truncated or incomplete.
#
#  Out of Memory Error (allocation.cpp:272), pid=3500, tid=0x0000000000001ba0
#
# JRE version: Java(TM) SE Runtime Environment (8.0_281-b09) (build 1.8.0_281-b09)
# Java VM: Java HotSpot(TM) 64-Bit Server VM (25.281-b09 mixed mode windows-amd64 compressed oops)
# Failed to write core dump. Minidumps are not enabled by default on client versions of Windows
#

---------------  T H R E A D  ---------------

Current thread (0x000001bf6516a800):  JavaThread "C2 CompilerThread1" daemon [_thread_in_native, id=7072, stack(0x00000082df800000,0x00000082df900000)]

Stack: [0x00000082df800000,0x00000082df900000]
Native frames: (J=compiled Java code, j=interpreted, Vv=VM code, C=native code)
V  [jvm.dll+0x32e5b9]
V  [jvm.dll+0x275012]
V  [jvm.dll+0x275cbd]
V  [jvm.dll+0x26c6f5]
V  [jvm.dll+0xd569d]
V  [jvm.dll+0xd59fc]
V  [jvm.dll+0xd554d]
V  [jvm.dll+0x4c5c3a]
V  [jvm.dll+0x4c49c0]
V  [jvm.dll+0x4c05bb]
V  [jvm.dll+0x45a282]
V  [jvm.dll+0x4563d7]
V  [jvm.dll+0x456958]
V  [jvm.dll+0x4419a6]
V  [jvm.dll+0x43f664]
V  [jvm.dll+0x42a5e7]
V  [jvm.dll+0xabe9b]
V  [jvm.dll+0xaa4fb]
V  [jvm.dll+0x23d6b2]
V  [jvm.dll+0x291cbc]
C  [ucrtbase.dll+0x21bb2]
C  [KERNEL32.DLL+0x17034]
C  [ntdll.dll+0x52651]


Current CompileTask:
C2:   7816 1901   !   4       sun.misc.URLClassPath$JarLoader::getResource (353 bytes)


---------------  P R O C E S S  ---------------

Java Threads: ( => current thread )
  0x000001bf65e99800 JavaThread "AsyncHttpClient-1-4" daemon [_thread_in_native, id=12884, stack(0x00000082e0800000,0x00000082e0900000)]
  0x000001bf65e9c800 JavaThread "AsyncHttpClient-1-3" daemon [_thread_in_native, id=11116, stack(0x00000082e0700000,0x00000082e0800000)]
  0x000001bf660f6800 JavaThread "AsyncHttpClient-1-2" daemon [_thread_in_native, id=228, stack(0x00000082e0600000,0x00000082e0700000)]
  0x000001bf66b2c800 JavaThread "Keep-Alive-Timer" daemon [_thread_blocked, id=12212, stack(0x00000082e0500000,0x00000082e0600000)]
  0x000001bf66ad3000 JavaThread "Exec Stream Pumper" daemon [_thread_in_native, id=11528, stack(0x00000082e0400000,0x00000082e0500000)]
  0x000001bf6714f000 JavaThread "Exec Stream Pumper" daemon [_thread_in_native, id=5032, stack(0x00000082e0300000,0x00000082e0400000)]
  0x000001bf6713c800 JavaThread "UrlChecker-2" daemon [_thread_blocked, id=8768, stack(0x00000082e0100000,0x00000082e0200000)]
  0x000001bf66b11000 JavaThread "ForkJoinPool.commonPool-worker-2" daemon [_thread_blocked, id=6204, stack(0x00000082e0000000,0x00000082e0100000)]
  0x000001bf66b2f800 JavaThread "Exec Default Executor" daemon [_thread_in_native, id=13124, stack(0x00000082dff00000,0x00000082e0000000)]
  0x000001bf66e3a000 JavaThread "AsyncHttpClient-1-1" daemon [_thread_blocked, id=7224, stack(0x00000082dfe00000,0x00000082dff00000)]
  0x000001bf65d36800 JavaThread "ForkJoinPool.commonPool-worker-1" daemon [_thread_blocked, id=7736, stack(0x00000082dfd00000,0x00000082dfe00000)]
  0x000001bf663a4000 JavaThread "surefire-forkedjvm-command-thread" daemon [_thread_in_native, id=440, stack(0x00000082dfc00000,0x00000082dfd00000)]
  0x000001bf651ec000 JavaThread "Service Thread" daemon [_thread_blocked, id=1064, stack(0x00000082dfa00000,0x00000082dfb00000)]
  0x000001bf65171000 JavaThread "C1 CompilerThread2" daemon [_thread_blocked, id=11184, stack(0x00000082df900000,0x00000082dfa00000)]
=>0x000001bf6516a800 JavaThread "C2 CompilerThread1" daemon [_thread_in_native, id=7072, stack(0x00000082df800000,0x00000082df900000)]
  0x000001bf65162000 JavaThread "C2 CompilerThread0" daemon [_thread_blocked, id=12168, stack(0x00000082df700000,0x00000082df800000)]
  0x000001bf65160800 JavaThread "Attach Listener" daemon [_thread_blocked, id=6428, stack(0x00000082df600000,0x00000082df700000)]
  0x000001bf6515f800 JavaThread "Signal Dispatcher" daemon [_thread_blocked, id=12796, stack(0x00000082df500000,0x00000082df600000)]
  0x000001bf64a17000 JavaThread "Finalizer" daemon [_thread_blocked, id=8176, stack(0x00000082df400000,0x00000082df500000)]
  0x000001bf65146000 JavaThread "Reference Handler" daemon [_thread_blocked, id=13300, stack(0x00000082df300000,0x00000082df400000)]
  0x000001bf50f92000 JavaThread "main" [_thread_in_native, id=6912, stack(0x00000082ded00000,0x00000082dee00000)]

Other Threads:
  0x000001bf65123000 VMThread [stack: 0x00000082df200000,0x00000082df300000] [id=10724]
  0x000001bf65201800 WatcherThread [stack: 0x00000082dfb00000,0x00000082dfc00000] [id=12120]

VM state:not at safepoint (normal execution)

VM Mutex/Monitor currently owned by a thread: None

OutOfMemory and StackOverflow Exception counts:
OutOfMemoryError java_heap_errors=2

heap address: 0x00000000c1600000, size: 1002 MB, Compressed Oops mode: 32-bit
Narrow klass base: 0x0000000000000000, Narrow klass shift: 3
Compressed class space size: 1073741824 Address: 0x0000000100000000

Heap:
 PSYoungGen      total 50176K, used 9971K [0x00000000eb200000, 0x00000000efd80000, 0x0000000100000000)
  eden space 45568K, 12% used [0x00000000eb200000,0x00000000eb79ca00,0x00000000ede80000)
  from space 4608K, 91% used [0x00000000ef900000,0x00000000efd20258,0x00000000efd80000)
  to   space 6656K, 0% used [0x00000000ef080000,0x00000000ef080000,0x00000000ef700000)
 ParOldGen       total 38912K, used 24438K [0x00000000c1600000, 0x00000000c3c00000, 0x00000000eb200000)
  object space 38912K, 62% used [0x00000000c1600000,0x00000000c2dddb88,0x00000000c3c00000)
 Metaspace       used 24847K, capacity 25796K, committed 25984K, reserved 1073152K
  class space    used 3186K, capacity 3432K, committed 3456K, reserved 1048576K

Card table byte_map: [0x000001bf61c80000,0x000001bf61e80000] byte_map_base: 0x000001bf61675000

Marking Bits: (ParMarkBitMap*) 0x000000006d2a6ff0
 Begin Bits: [0x000001bf61fd0000, 0x000001bf62f78000)
 End Bits:   [0x000001bf62f78000, 0x000001bf63f20000)

Polling page: 0x000001bf50f30000

CodeCache: size=245760Kb used=6460Kb max_used=6473Kb free=239299Kb
 bounds [0x000001bf528c0000, 0x000001bf52f20000, 0x000001bf618c0000]
 total_blobs=2401 nmethods=1920 adapters=393
 compilation: enabled

Compilation events (10 events):
Event: 6.866 Thread 0x000001bf65171000 nmethod 1894 0x000001bf52f00590 code [0x000001bf52f00700, 0x000001bf52f008f8]
Event: 6.866 Thread 0x000001bf65171000 1895       3       org.openqa.selenium.json.Types::narrow (62 bytes)
Event: 6.867 Thread 0x000001bf65171000 nmethod 1895 0x000001bf52efed90 code [0x000001bf52efefe0, 0x000001bf52f00010]
Event: 6.868 Thread 0x000001bf65171000 1896       3       java.lang.Class::copyConstructors (38 bytes)
Event: 6.870 Thread 0x000001bf65171000 nmethod 1896 0x000001bf52f00a50 code [0x000001bf52f00c60, 0x000001bf52f01730]
Event: 6.870 Thread 0x000001bf65171000 1897       3       jdk.internal.org.objectweb.asm.MethodVisitor::visitInsn (16 bytes)
Event: 6.871 Thread 0x000001bf65171000 nmethod 1897 0x000001bf52efe8d0 code [0x000001bf52efea40, 0x000001bf52efecb0]
Event: 6.895 Thread 0x000001bf65171000 1898       3       org.testng.collections.Maps::newHashMap (8 bytes)
Event: 6.895 Thread 0x000001bf65171000 nmethod 1898 0x000001bf52efe390 code [0x000001bf52efe500, 0x000001bf52efe7b8]
Event: 6.905 Thread 0x000001bf6516a800 1901   !   4       sun.misc.URLClassPath$JarLoader::getResource (353 bytes)

GC Heap History (10 events):
Event: 1.628 GC heap before
{Heap before GC invocations=3 (full 0):
 PSYoungGen      total 18944K, used 18937K [0x00000000eb200000, 0x00000000ec700000, 0x0000000100000000)
  eden space 16384K, 100% used [0x00000000eb200000,0x00000000ec200000,0x00000000ec200000)
  from space 2560K, 99% used [0x00000000ec480000,0x00000000ec6fe6d8,0x00000000ec700000)
  to   space 2560K, 0% used [0x00000000ec200000,0x00000000ec200000,0x00000000ec480000)
 ParOldGen       total 44032K, used 1795K [0x00000000c1600000, 0x00000000c4100000, 0x00000000eb200000)
  object space 44032K, 4% used [0x00000000c1600000,0x00000000c17c0d40,0x00000000c4100000)
 Metaspace       used 13421K, capacity 13746K, committed 14080K, reserved 1060864K
  class space    used 1606K, capacity 1705K, committed 1792K, reserved 1048576K
Event: 1.634 GC heap after
Heap after GC invocations=3 (full 0):
 PSYoungGen      total 18944K, used 2543K [0x00000000eb200000, 0x00000000ed700000, 0x0000000100000000)
  eden space 16384K, 0% used [0x00000000eb200000,0x00000000eb200000,0x00000000ec200000)
  from space 2560K, 99% used [0x00000000ec200000,0x00000000ec47bdc0,0x00000000ec480000)
  to   space 2560K, 0% used [0x00000000ed480000,0x00000000ed480000,0x00000000ed700000)
 ParOldGen       total 44032K, used 3796K [0x00000000c1600000, 0x00000000c4100000, 0x00000000eb200000)
  object space 44032K, 8% used [0x00000000c1600000,0x00000000c19b50e0,0x00000000c4100000)
 Metaspace       used 13421K, capacity 13746K, committed 14080K, reserved 1060864K
  class space    used 1606K, capacity 1705K, committed 1792K, reserved 1048576K
}
Event: 2.205 GC heap before
{Heap before GC invocations=4 (full 0):
 PSYoungGen      total 18944K, used 18927K [0x00000000eb200000, 0x00000000ed700000, 0x0000000100000000)
  eden space 16384K, 100% used [0x00000000eb200000,0x00000000ec200000,0x00000000ec200000)
  from space 2560K, 99% used [0x00000000ec200000,0x00000000ec47bdc0,0x00000000ec480000)
  to   space 2560K, 0% used [0x00000000ed480000,0x00000000ed480000,0x00000000ed700000)
 ParOldGen       total 44032K, used 3796K [0x00000000c1600000, 0x00000000c4100000, 0x00000000eb200000)
  object space 44032K, 8% used [0x00000000c1600000,0x00000000c19b50e0,0x00000000c4100000)
 Metaspace       used 15915K, capacity 16274K, committed 16384K, reserved 1062912K
  class space    used 1884K, capacity 2009K, committed 2048K, reserved 1048576K
Event: 2.215 GC heap after
Heap after GC invocations=4 (full 0):
 PSYoungGen      total 35328K, used 2553K [0x00000000eb200000, 0x00000000ed700000, 0x0000000100000000)
  eden space 32768K, 0% used [0x00000000eb200000,0x00000000eb200000,0x00000000ed200000)
  from space 2560K, 99% used [0x00000000ed480000,0x00000000ed6fe580,0x00000000ed700000)
  to   space 2560K, 0% used [0x00000000ed200000,0x00000000ed200000,0x00000000ed480000)
 ParOldGen       total 44032K, used 7017K [0x00000000c1600000, 0x00000000c4100000, 0x00000000eb200000)
  object space 44032K, 15% used [0x00000000c1600000,0x00000000c1cda4e0,0x00000000c4100000)
 Metaspace       used 15915K, capacity 16274K, committed 16384K, reserved 1062912K
  class space    used 1884K, capacity 2009K, committed 2048K, reserved 1048576K
}
Event: 3.456 GC heap before
{Heap before GC invocations=5 (full 0):
 PSYoungGen      total 35328K, used 31924K [0x00000000eb200000, 0x00000000ed700000, 0x0000000100000000)
  eden space 32768K, 89% used [0x00000000eb200000,0x00000000eceaed10,0x00000000ed200000)
  from space 2560K, 99% used [0x00000000ed480000,0x00000000ed6fe580,0x00000000ed700000)
  to   space 2560K, 0% used [0x00000000ed200000,0x00000000ed200000,0x00000000ed480000)
 ParOldGen       total 44032K, used 7017K [0x00000000c1600000, 0x00000000c4100000, 0x00000000eb200000)
  object space 44032K, 15% used [0x00000000c1600000,0x00000000c1cda4e0,0x00000000c4100000)
 Metaspace       used 20459K, capacity 21168K, committed 21296K, reserved 1069056K
  class space    used 2517K, capacity 2682K, committed 2688K, reserved 1048576K
Event: 3.465 GC heap after
Heap after GC invocations=5 (full 0):
 PSYoungGen      total 35328K, used 2543K [0x00000000eb200000, 0x00000000f0000000, 0x0000000100000000)
  eden space 32768K, 0% used [0x00000000eb200000,0x00000000eb200000,0x00000000ed200000)
  from space 2560K, 99% used [0x00000000ed200000,0x00000000ed47bdb0,0x00000000ed480000)
  to   space 7168K, 0% used [0x00000000ef900000,0x00000000ef900000,0x00000000f0000000)
 ParOldGen       total 44032K, used 10295K [0x00000000c1600000, 0x00000000c4100000, 0x00000000eb200000)
  object space 44032K, 23% used [0x00000000c1600000,0x00000000c200dfc8,0x00000000c4100000)
 Metaspace       used 20459K, capacity 21168K, committed 21296K, reserved 1069056K
  class space    used 2517K, capacity 2682K, committed 2688K, reserved 1048576K
}
Event: 3.465 GC heap before
{Heap before GC invocations=6 (full 1):
 PSYoungGen      total 35328K, used 2543K [0x00000000eb200000, 0x00000000f0000000, 0x0000000100000000)
  eden space 32768K, 0% used [0x00000000eb200000,0x00000000eb200000,0x00000000ed200000)
  from space 2560K, 99% used [0x00000000ed200000,0x00000000ed47bdb0,0x00000000ed480000)
  to   space 7168K, 0% used [0x00000000ef900000,0x00000000ef900000,0x00000000f0000000)
 ParOldGen       total 44032K, used 10295K [0x00000000c1600000, 0x00000000c4100000, 0x00000000eb200000)
  object space 44032K, 23% used [0x00000000c1600000,0x00000000c200dfc8,0x00000000c4100000)
 Metaspace       used 20459K, capacity 21168K, committed 21296K, reserved 1069056K
  class space    used 2517K, capacity 2682K, committed 2688K, reserved 1048576K
Event: 3.521 GC heap after
Heap after GC invocations=6 (full 1):
 PSYoungGen      total 35328K, used 0K [0x00000000eb200000, 0x00000000f0000000, 0x0000000100000000)
  eden space 32768K, 0% used [0x00000000eb200000,0x00000000eb200000,0x00000000ed200000)
  from space 2560K, 0% used [0x00000000ed200000,0x00000000ed200000,0x00000000ed480000)
  to   space 7168K, 0% used [0x00000000ef900000,0x00000000ef900000,0x00000000f0000000)
 ParOldGen       total 38912K, used 8046K [0x00000000c1600000, 0x00000000c3c00000, 0x00000000eb200000)
  object space 38912K, 20% used [0x00000000c1600000,0x00000000c1ddbb78,0x00000000c3c00000)
 Metaspace       used 20459K, capacity 21168K, committed 21296K, reserved 1069056K
  class space    used 2517K, capacity 2682K, committed 2688K, reserved 1048576K
}
Event: 6.835 GC heap before
{Heap before GC invocations=7 (full 1):
 PSYoungGen      total 35328K, used 32768K [0x00000000eb200000, 0x00000000f0000000, 0x0000000100000000)
  eden space 32768K, 100% used [0x00000000eb200000,0x00000000ed200000,0x00000000ed200000)
  from space 2560K, 0% used [0x00000000ed200000,0x00000000ed200000,0x00000000ed480000)
  to   space 7168K, 0% used [0x00000000ef900000,0x00000000ef900000,0x00000000f0000000)
 ParOldGen       total 38912K, used 24430K [0x00000000c1600000, 0x00000000c3c00000, 0x00000000eb200000)
  object space 38912K, 62% used [0x00000000c1600000,0x00000000c2ddbb88,0x00000000c3c00000)
 Metaspace       used 24380K, capacity 25342K, committed 25472K, reserved 1071104K
  class space    used 3119K, capacity 3387K, committed 3456K, reserved 1048576K
Event: 6.846 GC heap after
Heap after GC invocations=7 (full 1):
 PSYoungGen      total 50176K, used 4224K [0x00000000eb200000, 0x00000000efd80000, 0x0000000100000000)
  eden space 45568K, 0% used [0x00000000eb200000,0x00000000eb200000,0x00000000ede80000)
  from space 4608K, 91% used [0x00000000ef900000,0x00000000efd20258,0x00000000efd80000)
  to   space 6656K, 0% used [0x00000000ef080000,0x00000000ef080000,0x00000000ef700000)
 ParOldGen       total 38912K, used 24438K [0x00000000c1600000, 0x00000000c3c00000, 0x00000000eb200000)
  object space 38912K, 62% used [0x00000000c1600000,0x00000000c2dddb88,0x00000000c3c00000)
 Metaspace       used 24380K, capacity 25342K, committed 25472K, reserved 1071104K
  class space    used 3119K, capacity 3387K, committed 3456K, reserved 1048576K
}

Deoptimization events (10 events):
Event: 3.581 Thread 0x000001bf50f92000 Uncommon trap: reason=class_check action=maybe_recompile pc=0x000001bf52ccfea4 method=java.util.regex.Pattern$Curly.match(Ljava/util/regex/Matcher;ILjava/lang/CharSequence;)Z @ 19
Event: 3.604 Thread 0x000001bf50f92000 Uncommon trap: reason=class_check action=maybe_recompile pc=0x000001bf52ccfea4 method=java.util.regex.Pattern$Curly.match(Ljava/util/regex/Matcher;ILjava/lang/CharSequence;)Z @ 19
Event: 3.604 Thread 0x000001bf50f92000 Uncommon trap: reason=class_check action=maybe_recompile pc=0x000001bf52ccfea4 method=java.util.regex.Pattern$Curly.match(Ljava/util/regex/Matcher;ILjava/lang/CharSequence;)Z @ 19
Event: 4.624 Thread 0x000001bf660f6800 Uncommon trap: reason=range_check action=make_not_entrant pc=0x000001bf52ea8420 method=sun.reflect.generics.parser.SignatureParser.current()C @ 34
Event: 6.594 Thread 0x000001bf50f92000 Uncommon trap: reason=class_check action=maybe_recompile pc=0x000001bf52e79664 method=org.openqa.selenium.json.Input.init()V @ 13
Event: 6.595 Thread 0x000001bf50f92000 Uncommon trap: reason=class_check action=maybe_recompile pc=0x000001bf52e79664 method=org.openqa.selenium.json.Input.init()V @ 13
Event: 6.595 Thread 0x000001bf50f92000 Uncommon trap: reason=class_check action=maybe_recompile pc=0x000001bf52e79664 method=org.openqa.selenium.json.Input.init()V @ 13
Event: 6.595 Thread 0x000001bf50f92000 Uncommon trap: reason=class_check action=maybe_recompile pc=0x000001bf52e79664 method=org.openqa.selenium.json.Input.init()V @ 13
Event: 6.613 Thread 0x000001bf50f92000 Uncommon trap: reason=class_check action=maybe_recompile pc=0x000001bf52c87b78 method=java.util.HashMap.putVal(ILjava/lang/Object;Ljava/lang/Object;ZZ)Ljava/lang/Object; @ 253
Event: 6.616 Thread 0x000001bf50f92000 Uncommon trap: reason=unstable_if action=reinterpret pc=0x000001bf52dd0684 method=java.util.concurrent.ConcurrentHashMap.putVal(Ljava/lang/Object;Ljava/lang/Object;Z)Ljava/lang/Object; @ 181

Classes redefined (0 events):
No events

Internal exceptions (10 events):
Event: 3.269 Thread 0x000001bf50f92000 Exception <a 'java/lang/ArrayIndexOutOfBoundsException'> (0x00000000ec9afb30) thrown at [C:\jenkins\workspace\8-2-build-windows-amd64-cygwin\jdk8u281\880\hotspot\src\share\vm\runtime\sharedRuntime.cpp, line 609]
Event: 3.272 Thread 0x000001bf50f92000 Exception <a 'java/lang/ArrayIndexOutOfBoundsException'> (0x00000000ec9bc548) thrown at [C:\jenkins\workspace\8-2-build-windows-amd64-cygwin\jdk8u281\880\hotspot\src\share\vm\runtime\sharedRuntime.cpp, line 609]
Event: 3.273 Thread 0x000001bf50f92000 Exception <a 'java/lang/ArrayIndexOutOfBoundsException'> (0x00000000ec9c2a98) thrown at [C:\jenkins\workspace\8-2-build-windows-amd64-cygwin\jdk8u281\880\hotspot\src\share\vm\runtime\sharedRuntime.cpp, line 609]
Event: 3.279 Thread 0x000001bf50f92000 Exception <a 'java/lang/NoSuchMethodError': java.lang.Object.lambda$andThen$1(Ljava/util/function/Function;Ljava/lang/Object;)Ljava/lang/Object;> (0x00000000ec9daea8) thrown at [C:\jenkins\workspace\8-2-build-windows-amd64-cygwin\jdk8u281\880\hotspot\src\
Event: 3.376 Thread 0x000001bf50f92000 Exception <a 'java/lang/NoSuchMethodError': java.lang.Object.lambda$chars$0()Ljava/util/Spliterator$OfInt;> (0x00000000ecbf8100) thrown at [C:\jenkins\workspace\8-2-build-windows-amd64-cygwin\jdk8u281\880\hotspot\src\share\vm\interpreter\linkResolver.cpp,
Event: 4.624 Thread 0x000001bf660f6800 Exception <a 'java/lang/ArrayIndexOutOfBoundsException': 70> (0x00000000ec54f880) thrown at [C:\jenkins\workspace\8-2-build-windows-amd64-cygwin\jdk8u281\880\hotspot\src\share\vm\interpreter\interpreterRuntime.cpp, line 371]
Event: 4.624 Thread 0x000001bf660f6800 Exception <a 'java/lang/ArrayIndexOutOfBoundsException': 114> (0x00000000ec5510a8) thrown at [C:\jenkins\workspace\8-2-build-windows-amd64-cygwin\jdk8u281\880\hotspot\src\share\vm\interpreter\interpreterRuntime.cpp, line 371]
Event: 6.606 Thread 0x000001bf50f92000 Exception <a 'java/lang/NoSuchMethodError': java.lang.Object.lambda$getResponseFunction$0(Lorg/openqa/selenium/remote/InitialHandshakeResponse;)Lorg/openqa/selenium/remote/ProtocolHandshake$Result;> (0x00000000ecb31e18) thrown at [C:\jenkins\workspace\8-2
Event: 6.715 Thread 0x000001bf65e99800 Exception <a 'java/lang/OutOfMemoryError'> (0x00000000ece958b8) thrown at [C:\jenkins\workspace\8-2-build-windows-amd64-cygwin\jdk8u281\880\hotspot\src\share\vm\prims\unsafe.cpp, line 618]
Event: 6.715 Thread 0x000001bf65e99800 Exception <a 'java/lang/OutOfMemoryError'> (0x00000000ece958b8) thrown at [C:\jenkins\workspace\8-2-build-windows-amd64-cygwin\jdk8u281\880\hotspot\src\share\vm\prims\jni.cpp, line 710]

Events (10 events):
Event: 6.925 loading class org/testng/internal/GroupConfigMethodArguments$Builder
Event: 6.925 loading class org/testng/internal/GroupConfigMethodArguments$Builder done
Event: 6.933 loading class org/testng/internal/GroupConfigMethodArguments
Event: 6.933 loading class org/testng/internal/GroupConfigMethodArguments done
Event: 6.934 loading class org/testng/ITestResult
Event: 6.934 loading class org/testng/ITestResult done
Event: 6.935 loading class org/testng/ITestResult
Event: 6.935 loading class org/testng/ITestResult done
Event: 6.935 loading class org/apache/maven/surefire/api/report/CategorizedReportEntry
Event: 6.935 loading class org/apache/maven/surefire/api/report/CategorizedReportEntry done


Dynamic libraries:
0x00007ff78a930000 - 0x00007ff78a977000 	C:\Program Files\Java\jdk1.8.0_281\jre\bin\java.exe
0x00007ffd45750000 - 0x00007ffd45945000 	C:\WINDOWS\SYSTEM32\ntdll.dll
0x00007ffd44fb0000 - 0x00007ffd4506d000 	C:\WINDOWS\System32\KERNEL32.DLL
0x00007ffd43460000 - 0x00007ffd43729000 	C:\WINDOWS\System32\KERNELBASE.dll
0x00007ffd451a0000 - 0x00007ffd4524c000 	C:\WINDOWS\System32\ADVAPI32.dll
0x00007ffd442d0000 - 0x00007ffd4436e000 	C:\WINDOWS\System32\msvcrt.dll
0x00007ffd443d0000 - 0x00007ffd4446c000 	C:\WINDOWS\System32\sechost.dll
0x00007ffd43f00000 - 0x00007ffd4402b000 	C:\WINDOWS\System32\RPCRT4.dll
0x00007ffd45300000 - 0x00007ffd454a0000 	C:\WINDOWS\System32\USER32.dll
0x00007ffd43430000 - 0x00007ffd43452000 	C:\WINDOWS\System32\win32u.dll
0x00007ffd445c0000 - 0x00007ffd445ea000 	C:\WINDOWS\System32\GDI32.dll
0x00007ffd43320000 - 0x00007ffd4342b000 	C:\WINDOWS\System32\gdi32full.dll
0x00007ffd42e90000 - 0x00007ffd42f2d000 	C:\WINDOWS\System32\msvcp_win.dll
0x00007ffd43220000 - 0x00007ffd43320000 	C:\WINDOWS\System32\ucrtbase.dll
0x00007ffd24a90000 - 0x00007ffd24d2a000 	C:\WINDOWS\WinSxS\amd64_microsoft.windows.common-controls_6595b64144ccf1df_6.0.19041.844_none_ca00b6081b84eb1d\COMCTL32.dll
0x00007ffd447b0000 - 0x00007ffd447e0000 	C:\WINDOWS\System32\IMM32.DLL
0x00007ffd2e070000 - 0x00007ffd2e085000 	C:\Program Files\Java\jdk1.8.0_281\jre\bin\vcruntime140.dll
0x00007ffd0d160000 - 0x00007ffd0d1fb000 	C:\Program Files\Java\jdk1.8.0_281\jre\bin\msvcp140.dll
0x000000006cac0000 - 0x000000006d31f000 	C:\Program Files\Java\jdk1.8.0_281\jre\bin\server\jvm.dll
0x00007ffd445f0000 - 0x00007ffd445f8000 	C:\WINDOWS\System32\PSAPI.DLL
0x00007ffd3e670000 - 0x00007ffd3e679000 	C:\WINDOWS\SYSTEM32\WSOCK32.dll
0x00007ffd2b6e0000 - 0x00007ffd2b707000 	C:\WINDOWS\SYSTEM32\WINMM.dll
0x00007ffd45680000 - 0x00007ffd456eb000 	C:\WINDOWS\System32\WS2_32.dll
0x00007ffd3ac50000 - 0x00007ffd3ac5a000 	C:\WINDOWS\SYSTEM32\VERSION.dll
0x00007ffd40fd0000 - 0x00007ffd40fe2000 	C:\WINDOWS\SYSTEM32\kernel.appcore.dll
0x00007ffd3ee30000 - 0x00007ffd3ee40000 	C:\Program Files\Java\jdk1.8.0_281\jre\bin\verify.dll
0x00007ffd25bd0000 - 0x00007ffd25bfb000 	C:\Program Files\Java\jdk1.8.0_281\jre\bin\java.dll
0x00007ffd23320000 - 0x00007ffd23338000 	C:\Program Files\Java\jdk1.8.0_281\jre\bin\zip.dll
0x00007ffd437b0000 - 0x00007ffd43ef2000 	C:\WINDOWS\System32\SHELL32.dll
0x00007ffd40ff0000 - 0x00007ffd41780000 	C:\WINDOWS\SYSTEM32\windows.storage.dll
0x00007ffd44c50000 - 0x00007ffd44fa5000 	C:\WINDOWS\System32\combase.dll
0x00007ffd42900000 - 0x00007ffd4292c000 	C:\WINDOWS\SYSTEM32\Wldp.dll
0x00007ffd45570000 - 0x00007ffd4561e000 	C:\WINDOWS\System32\SHCORE.dll
0x00007ffd44560000 - 0x00007ffd445b5000 	C:\WINDOWS\System32\shlwapi.dll
0x00007ffd42dd0000 - 0x00007ffd42def000 	C:\WINDOWS\SYSTEM32\profapi.dll
0x00007ffd3c430000 - 0x00007ffd3c43d000 	C:\Program Files\Java\jdk1.8.0_281\jre\bin\management.dll
0x00007ffd42850000 - 0x00007ffd42868000 	C:\WINDOWS\SYSTEM32\CRYPTSP.dll
0x00007ffd41fb0000 - 0x00007ffd41fe4000 	C:\WINDOWS\system32\rsaenh.dll
0x00007ffd43780000 - 0x00007ffd437a7000 	C:\WINDOWS\System32\bcrypt.dll
0x00007ffd42d50000 - 0x00007ffd42d7e000 	C:\WINDOWS\SYSTEM32\USERENV.dll
0x00007ffd43090000 - 0x00007ffd43110000 	C:\WINDOWS\System32\bcryptprimitives.dll
0x00007ffd42870000 - 0x00007ffd4287c000 	C:\WINDOWS\SYSTEM32\CRYPTBASE.dll
0x00007ffd229f0000 - 0x00007ffd22a0c000 	C:\Program Files\Java\jdk1.8.0_281\jre\bin\net.dll
0x00007ffd42680000 - 0x00007ffd426ea000 	C:\WINDOWS\system32\mswsock.dll
0x00007ffd42320000 - 0x00007ffd4235b000 	C:\WINDOWS\SYSTEM32\IPHLPAPI.DLL
0x00007ffd44030000 - 0x00007ffd44038000 	C:\WINDOWS\System32\NSI.dll
0x00007ffd3b6d0000 - 0x00007ffd3b6e7000 	C:\WINDOWS\SYSTEM32\dhcpcsvc6.DLL
0x00007ffd3b320000 - 0x00007ffd3b33d000 	C:\WINDOWS\SYSTEM32\dhcpcsvc.DLL
0x00007ffd42370000 - 0x00007ffd4243b000 	C:\WINDOWS\SYSTEM32\DNSAPI.dll
0x00007ffd229d0000 - 0x00007ffd229e3000 	C:\Program Files\Java\jdk1.8.0_281\jre\bin\nio.dll
0x00007ffd3ac00000 - 0x00007ffd3ac0a000 	C:\Windows\System32\rasadhlp.dll
0x00007ffd302d0000 - 0x00007ffd3034f000 	C:\WINDOWS\System32\fwpuclnt.dll
0x00007ffd227f0000 - 0x00007ffd22814000 	C:\Program Files\Java\jdk1.8.0_281\jre\bin\sunec.dll
0x00007ffd1a780000 - 0x00007ffd1a797000 	C:\WINDOWS\system32\napinsp.dll
0x00007ffd1a760000 - 0x00007ffd1a77b000 	C:\WINDOWS\system32\pnrpnsp.dll
0x00007ffd35110000 - 0x00007ffd35125000 	C:\WINDOWS\system32\wshbth.dll
0x00007ffd3c410000 - 0x00007ffd3c42d000 	C:\WINDOWS\system32\NLAapi.dll
0x00007ffd1a2b0000 - 0x00007ffd1a2c2000 	C:\WINDOWS\System32\winrnr.dll
0x00007ffd40cf0000 - 0x00007ffd40ed4000 	C:\WINDOWS\SYSTEM32\dbghelp.dll

VM Arguments:
java_command: C:\Users\91897\AppData\Local\Temp\surefire7801225110301690686\surefirebooter6760880502957350947.jar C:\Users\91897\AppData\Local\Temp\surefire7801225110301690686 2021-04-07T23-32-37_883-jvmRun1 surefire1686583983030445347tmp surefire_05971126897928252543tmp
java_class_path (initial): C:\Users\91897\AppData\Local\Temp\surefire7801225110301690686\surefirebooter6760880502957350947.jar
Launcher Type: SUN_STANDARD

Environment Variables:
JAVA_HOME=C:\Program Files\Java\jdk1.8.0_281
CLASSPATH=C:\Program Files\Java\jdk1.8.0_281\lib
PATH=C:\Program Files (x86)\Common Files\Oracle\Java\javapath;C:\WINDOWS\system32;C:\WINDOWS;C:\WINDOWS\System32\Wbem;C:\WINDOWS\System32\WindowsPowerShell\v1.0\;C:\WINDOWS\System32\OpenSSH\;C:\Program Files\Java\jdk-12.0.2\bin;C:\Program Files\Git\cmd;C:\Users\91897\Downloads\apache-maven-3.8.1-bin\apache-maven-3.8.1\bin;C:\Program Files\Java\jdk1.8.0_281\bin
USERNAME=91897
OS=Windows_NT
PROCESSOR_IDENTIFIER=Intel64 Family 6 Model 142 Stepping 9, GenuineIntel



---------------  S Y S T E M  ---------------

OS: Windows 10.0 , 64 bit Build 19041 (10.0.19041.804)

CPU:total 4 (initial active 4) (2 cores per cpu, 2 threads per core) family 6 model 142 stepping 9, cmov, cx8, fxsr, mmx, sse, sse2, sse3, ssse3, sse4.1, sse4.2, popcnt, avx, avx2, aes, clmul, erms, 3dnowpref, lzcnt, ht, tsc, tscinvbit, bmi1, bmi2, adx

Memory: 4k page, physical 4103268k(333996k free), swap 5532772k(2896k free)

vm_info: Java HotSpot(TM) 64-Bit Server VM (25.281-b09) for windows-amd64 JRE (1.8.0_281-b09), built on Dec  9 2020 13:54:07 by "" with MS VC++ 15.9 (VS2017)

time: Wed Apr  7 23:32:47 2021
timezone: India Standard Time
elapsed time: 7.834112 seconds (0d 0h 0m 7s)

